#
# There is insufficient memory for the Java Runtime Environment to continue.
# Native memory allocation (mmap) failed to map 65536 bytes for Failed to commit metaspace.
# Possible reasons:
#   The system is out of physical RAM or swap space
#   The process is running with CompressedOops enabled, and the Java Heap may be blocking the growth of the native heap
# Possible solutions:
#   Reduce memory load on the system
#   Increase physical memory or swap space
#   Check if swap backing store is full
#   Decrease Java heap size (-Xmx/-Xms)
#   Decrease number of Java threads
#   Decrease Java thread stack sizes (-Xss)
#   Set larger code cache with -XX:ReservedCodeCacheSize=
#   JVM is running with Unscaled Compressed Oops mode in which the Java heap is
#     placed in the first 4GB address space. The Java Heap base address is the
#     maximum limit for the native heap growth. Please use -XX:HeapBaseMinAddress
#     to set the Java Heap base and to place the Java Heap above 4GB virtual address.
# This output file may be truncated or incomplete.
#
#  Out of Memory Error (virtualSpaceNode.cpp:112), pid=15388, tid=15576
#
# JRE version: Java(TM) SE Runtime Environment (21.0.1+12) (build 21.0.1+12-LTS-29)
# Java VM: Java HotSpot(TM) 64-Bit Server VM (21.0.1+12-LTS-29, mixed mode, sharing, tiered, compressed oops, compressed class ptrs, g1 gc, windows-amd64)
# No core dump will be written. Minidumps are not enabled by default on client versions of Windows
#

---------------  S U M M A R Y ------------

Command Line: -Dfile.encoding=UTF-8 --module-path=C:\Users\FPTSHOP\Documents\NetBeansProjects\CoffeeManager\build\classes View.StaffManager

Host: 12th Gen Intel(R) Core(TM) i5-1240P, 16 cores, 7G,  Windows 11 , 64 bit Build 22621 (10.0.22621.2506)
Time: Mon Jan 15 01:46:00 2024 SE Asia Standard Time elapsed time: 1.111024 seconds (0d 0h 0m 1s)

---------------  T H R E A D  ---------------

Current thread (0x0000020a00163040):  JavaThread "C1 CompilerThread3" daemon [_thread_in_vm, id=15576, stack(0x000000ff3d900000,0x000000ff3da00000) (1024K)]


Current CompileTask:
C1:   1111 2288       3       java.awt.image.SinglePixelPackedSampleModel::<init> (243 bytes)

Stack: [0x000000ff3d900000,0x000000ff3da00000]
Native frames: (J=compiled Java code, j=interpreted, Vv=VM code, C=native code)
V  [jvm.dll+0x6c9029]
V  [jvm.dll+0x854b81]
V  [jvm.dll+0x856e5e]
V  [jvm.dll+0x857543]
V  [jvm.dll+0x280c06]
V  [jvm.dll+0x8508ae]
V  [jvm.dll+0x66ca45]
V  [jvm.dll+0x66caaa]
V  [jvm.dll+0x66f2a6]
V  [jvm.dll+0x66f172]
V  [jvm.dll+0x66d41e]
V  [jvm.dll+0x67e69a]
V  [jvm.dll+0x677932]
V  [jvm.dll+0x1f4390]
V  [jvm.dll+0x1f4578]
V  [jvm.dll+0x166926]
V  [jvm.dll+0x166776]
V  [jvm.dll+0x15e298]
V  [jvm.dll+0x16050d]
V  [jvm.dll+0x15eb35]
V  [jvm.dll+0x15884e]
V  [jvm.dll+0x168436]
V  [jvm.dll+0x153c00]
V  [jvm.dll+0x153f83]
V  [jvm.dll+0x154244]
V  [jvm.dll+0x153686]
V  [jvm.dll+0x1553ed]
V  [jvm.dll+0x2586b9]
V  [jvm.dll+0x256c9a]
V  [jvm.dll+0x3ef1b6]
V  [jvm.dll+0x7fd728]
V  [jvm.dll+0x6c777d]
C  [ucrtbase.dll+0x29363]
C  [KERNEL32.DLL+0x1257d]
C  [ntdll.dll+0x5aa58]


---------------  P R O C E S S  ---------------

Threads class SMR info:
_java_thread_list=0x0000020a001cbbe0, length=21, elements={
0x0000020a38d207e0, 0x0000020a38d23510, 0x0000020a38d290f0, 0x0000020a38d29b50,
0x0000020a38d2abc0, 0x0000020a38d2bc30, 0x0000020a38d319f0, 0x0000020a38d369e0,
0x0000020a7e080260, 0x0000020a7e0f26b0, 0x0000020a7e0f3170, 0x0000020a7e231fa0,
0x0000020a7e388f60, 0x0000020a7e3783d0, 0x0000020a7e37e280, 0x0000020a7e3fe830,
0x0000020a19736d50, 0x0000020a7f53c370, 0x0000020a00163040, 0x0000020a001ccfd0,
0x0000020a00193460
}

Java Threads: ( => current thread )
  0x0000020a38d207e0 JavaThread "Reference Handler"          daemon [_thread_blocked, id=3472, stack(0x000000ff3c400000,0x000000ff3c500000) (1024K)]
  0x0000020a38d23510 JavaThread "Finalizer"                  daemon [_thread_blocked, id=1116, stack(0x000000ff3c500000,0x000000ff3c600000) (1024K)]
  0x0000020a38d290f0 JavaThread "Signal Dispatcher"          daemon [_thread_blocked, id=9644, stack(0x000000ff3c600000,0x000000ff3c700000) (1024K)]
  0x0000020a38d29b50 JavaThread "Attach Listener"            daemon [_thread_blocked, id=9392, stack(0x000000ff3c700000,0x000000ff3c800000) (1024K)]
  0x0000020a38d2abc0 JavaThread "Service Thread"             daemon [_thread_blocked, id=15592, stack(0x000000ff3c800000,0x000000ff3c900000) (1024K)]
  0x0000020a38d2bc30 JavaThread "Monitor Deflation Thread"   daemon [_thread_blocked, id=16036, stack(0x000000ff3c900000,0x000000ff3ca00000) (1024K)]
  0x0000020a38d319f0 JavaThread "C2 CompilerThread0"         daemon [_thread_in_native, id=13012, stack(0x000000ff3ca00000,0x000000ff3cb00000) (1024K)]
  0x0000020a38d369e0 JavaThread "C1 CompilerThread0"         daemon [_thread_in_vm, id=6084, stack(0x000000ff3cb00000,0x000000ff3cc00000) (1024K)]
  0x0000020a7e080260 JavaThread "Common-Cleaner"             daemon [_thread_blocked, id=2700, stack(0x000000ff3cc00000,0x000000ff3cd00000) (1024K)]
  0x0000020a7e0f26b0 JavaThread "C1 CompilerThread1"         daemon [_thread_in_vm, id=15552, stack(0x000000ff3cd00000,0x000000ff3ce00000) (1024K)]
  0x0000020a7e0f3170 JavaThread "C1 CompilerThread2"         daemon [_thread_in_vm, id=14788, stack(0x000000ff3ce00000,0x000000ff3cf00000) (1024K)]
  0x0000020a7e231fa0 JavaThread "Notification Thread"        daemon [_thread_blocked, id=15820, stack(0x000000ff3d000000,0x000000ff3d100000) (1024K)]
  0x0000020a7e388f60 JavaThread "Java2D Disposer"            daemon [_thread_blocked, id=12424, stack(0x000000ff3d100000,0x000000ff3d200000) (1024K)]
  0x0000020a7e3783d0 JavaThread "AWT-Shutdown"                      [_thread_blocked, id=16136, stack(0x000000ff3d200000,0x000000ff3d300000) (1024K)]
  0x0000020a7e37e280 JavaThread "AWT-Windows"                daemon [_thread_in_native, id=5672, stack(0x000000ff3d300000,0x000000ff3d400000) (1024K)]
  0x0000020a7e3fe830 JavaThread "AWT-EventQueue-0"                  [_thread_blocked, id=11128, stack(0x000000ff3d400000,0x000000ff3d500000) (1024K)]
  0x0000020a19736d50 JavaThread "DestroyJavaVM"                     [_thread_blocked, id=10656, stack(0x000000ff3bc00000,0x000000ff3bd00000) (1024K)]
  0x0000020a7f53c370 JavaThread "mysql-cj-abandoned-connection-cleanup" daemon [_thread_blocked, id=10272, stack(0x000000ff3d800000,0x000000ff3d900000) (1024K)]
=>0x0000020a00163040 JavaThread "C1 CompilerThread3"         daemon [_thread_in_vm, id=15576, stack(0x000000ff3d900000,0x000000ff3da00000) (1024K)]
  0x0000020a001ccfd0 JavaThread "TimerQueue"                 daemon [_thread_blocked, id=10900, stack(0x000000ff3cf00000,0x000000ff3d000000) (1024K)]
  0x0000020a00193460 JavaThread "C2 CompilerThread1"         daemon [_thread_in_native, id=11400, stack(0x000000ff3da00000,0x000000ff3db00000) (1024K)]
Total: 21

Other Threads:
  0x0000020a38d0c3c0 VMThread "VM Thread"                           [id=6560, stack(0x000000ff3c300000,0x000000ff3c400000) (1024K)]
  0x0000020a38cf3130 WatcherThread "VM Periodic Task Thread"        [id=16256, stack(0x000000ff3c200000,0x000000ff3c300000) (1024K)]
  0x0000020a1b9db2c0 WorkerThread "GC Thread#0"                     [id=11060, stack(0x000000ff3bd00000,0x000000ff3be00000) (1024K)]
  0x0000020a001dd3c0 WorkerThread "GC Thread#1"                     [id=4412, stack(0x000000ff3db00000,0x000000ff3dc00000) (1024K)]
  0x0000020a001e0fd0 WorkerThread "GC Thread#2"                     [id=3304, stack(0x000000ff3dc00000,0x000000ff3dd00000) (1024K)]
  0x0000020a001e1370 WorkerThread "GC Thread#3"                     [id=1412, stack(0x000000ff3dd00000,0x000000ff3de00000) (1024K)]
  0x0000020a001e1710 WorkerThread "GC Thread#4"                     [id=11220, stack(0x000000ff3de00000,0x000000ff3df00000) (1024K)]
  0x0000020a001e1ab0 WorkerThread "GC Thread#5"                     [id=3892, stack(0x000000ff3df00000,0x000000ff3e000000) (1024K)]
  0x0000020a0024d440 WorkerThread "GC Thread#6"                     [id=16224, stack(0x000000ff3e000000,0x000000ff3e100000) (1024K)]
  0x0000020a0024d7e0 WorkerThread "GC Thread#7"                     [id=2924, stack(0x000000ff3e100000,0x000000ff3e200000) (1024K)]
  0x0000020a0024e6b0 WorkerThread "GC Thread#8"                     [id=5208, stack(0x000000ff3e200000,0x000000ff3e300000) (1024K)]
  0x0000020a0024f530 WorkerThread "GC Thread#9"                     [id=10316, stack(0x000000ff3e300000,0x000000ff3e400000) (1024K)]
  0x0000020a0024edf0 WorkerThread "GC Thread#10"                    [id=16200, stack(0x000000ff3e400000,0x000000ff3e500000) (1024K)]
  0x0000020a0024ea50 WorkerThread "GC Thread#11"                    [id=11564, stack(0x000000ff3e500000,0x000000ff3e600000) (1024K)]
  0x0000020a0024df70 WorkerThread "GC Thread#12"                    [id=6468, stack(0x000000ff3e600000,0x000000ff3e700000) (1024K)]
  0x0000020a1b9eb860 ConcurrentGCThread "G1 Main Marker"            [id=6040, stack(0x000000ff3be00000,0x000000ff3bf00000) (1024K)]
  0x0000020a1b9ec360 WorkerThread "G1 Conc#0"                       [id=8056, stack(0x000000ff3bf00000,0x000000ff3c000000) (1024K)]
  0x0000020a38bc8110 ConcurrentGCThread "G1 Refine#0"               [id=4168, stack(0x000000ff3c000000,0x000000ff3c100000) (1024K)]
  0x0000020a38bc8c80 ConcurrentGCThread "G1 Service"                [id=15216, stack(0x000000ff3c100000,0x000000ff3c200000) (1024K)]
Total: 19

Threads with active compile tasks:
C2 CompilerThread0     1125 2296       4       sun.java2d.marlin.MarlinCache::copyAARowRLE_WithBlockFlags (733 bytes)
C1 CompilerThread0     1125 2290       3       javax.swing.text.SegmentCache::getSharedInstance (4 bytes)
C1 CompilerThread1     1125 2295       3       sun.java2d.SunGraphics2D::getClipBounds (102 bytes)
C1 CompilerThread2     1125 2300       3       java.awt.geom.Path2D$Float$CopyIterator::currentSegment (57 bytes)
C1 CompilerThread3     1125 2288       3       java.awt.image.SinglePixelPackedSampleModel::<init> (243 bytes)
C2 CompilerThread1     1125 2285 %     4       sun.java2d.marlin.MarlinTileGenerator::getAlphaRLE @ 1106 (1749 bytes)
Total: 6

VM state: not at safepoint (normal execution)

VM Mutex/Monitor currently owned by a thread:  ([mutex/lock_event])
[0x00007ffed6fd8578] Metaspace_lock - owner thread: 0x0000020a00163040

Heap address: 0x0000000085200000, size: 1966 MB, Compressed Oops mode: 32-bit

CDS archive(s) mapped at: [0x0000020a39000000-0x0000020a39c90000-0x0000020a39c90000), size 13172736, SharedBaseAddress: 0x0000020a39000000, ArchiveRelocationMode: 1.
Compressed class space mapped at: 0x0000020a3a000000-0x0000020a7a000000, reserved size: 1073741824
Narrow klass base: 0x0000020a39000000, Narrow klass shift: 0, Narrow klass range: 0x100000000

GC Precious Log:
 CardTable entry size: 512
 Card Set container configuration: InlinePtr #cards 5 size 8 Array Of Cards #cards 12 size 40 Howl #buckets 4 coarsen threshold 1843 Howl Bitmap #cards 512 size 80 coarsen threshold 460 Card regions per heap region 1 cards per card region 2048
 CPUs: 16 total, 16 available
 Memory: 7860M
 Large Page Support: Disabled
 NUMA Support: Disabled
 Compressed Oops: Enabled (32-bit)
 Heap Region Size: 1M
 Heap Min Capacity: 8M
 Heap Initial Capacity: 124M
 Heap Max Capacity: 1966M
 Pre-touch: Disabled
 Parallel Workers: 13
 Concurrent Workers: 3
 Concurrent Refinement Workers: 13
 Periodic GC: Disabled

Heap:
 garbage-first heap   total 126976K, used 28656K [0x0000000085200000, 0x0000000100000000)
  region size 1024K, 7 young (7168K), 3 survivors (3072K)
 Metaspace       used 16268K, committed 16512K, reserved 1114112K
  class space    used 1791K, committed 1920K, reserved 1048576K

Heap Regions: E=young(eden), S=young(survivor), O=old, HS=humongous(starts), HC=humongous(continues), CS=collection set, F=free, TAMS=top-at-mark-start, PB=parsable bottom
|   0|0x0000000085200000, 0x0000000085300000, 0x0000000085300000|100%|HS|  |TAMS 0x0000000085200000| PB 0x0000000085200000| Complete 
|   1|0x0000000085300000, 0x0000000085400000, 0x0000000085400000|100%|HC|  |TAMS 0x0000000085300000| PB 0x0000000085300000| Complete 
|   2|0x0000000085400000, 0x0000000085500000, 0x0000000085500000|100%|HC|  |TAMS 0x0000000085400000| PB 0x0000000085400000| Complete 
|   3|0x0000000085500000, 0x0000000085600000, 0x0000000085600000|100%|HC|  |TAMS 0x0000000085500000| PB 0x0000000085500000| Complete 
|   4|0x0000000085600000, 0x0000000085700000, 0x0000000085700000|100%|HC|  |TAMS 0x0000000085600000| PB 0x0000000085600000| Complete 
|   5|0x0000000085700000, 0x0000000085800000, 0x0000000085800000|100%|HS|  |TAMS 0x0000000085700000| PB 0x0000000085700000| Complete 
|   6|0x0000000085800000, 0x0000000085900000, 0x0000000085900000|100%|HC|  |TAMS 0x0000000085800000| PB 0x0000000085800000| Complete 
|   7|0x0000000085900000, 0x0000000085a00000, 0x0000000085a00000|100%|HC|  |TAMS 0x0000000085900000| PB 0x0000000085900000| Complete 
|   8|0x0000000085a00000, 0x0000000085b00000, 0x0000000085b00000|100%|HC|  |TAMS 0x0000000085a00000| PB 0x0000000085a00000| Complete 
|   9|0x0000000085b00000, 0x0000000085c00000, 0x0000000085c00000|100%|HC|  |TAMS 0x0000000085b00000| PB 0x0000000085b00000| Complete 
|  10|0x0000000085c00000, 0x0000000085d00000, 0x0000000085d00000|100%|HS|  |TAMS 0x0000000085c00000| PB 0x0000000085c00000| Complete 
|  11|0x0000000085d00000, 0x0000000085e00000, 0x0000000085e00000|100%|HC|  |TAMS 0x0000000085d00000| PB 0x0000000085d00000| Complete 
|  12|0x0000000085e00000, 0x0000000085f00000, 0x0000000085f00000|100%|HC|  |TAMS 0x0000000085e00000| PB 0x0000000085e00000| Complete 
|  13|0x0000000085f00000, 0x0000000086000000, 0x0000000086000000|100%|HC|  |TAMS 0x0000000085f00000| PB 0x0000000085f00000| Complete 
|  14|0x0000000086000000, 0x0000000086100000, 0x0000000086100000|100%|HC|  |TAMS 0x0000000086000000| PB 0x0000000086000000| Complete 
|  15|0x0000000086100000, 0x0000000086200000, 0x0000000086200000|100%| O|  |TAMS 0x0000000086100000| PB 0x0000000086100000| Untracked 
|  16|0x0000000086200000, 0x00000000862fc1b0, 0x0000000086300000| 98%| O|  |TAMS 0x0000000086200000| PB 0x0000000086200000| Untracked 
|  17|0x0000000086300000, 0x0000000086400000, 0x0000000086400000|100%|HS|  |TAMS 0x0000000086300000| PB 0x0000000086300000| Complete 
|  18|0x0000000086400000, 0x0000000086500000, 0x0000000086500000|100%|HC|  |TAMS 0x0000000086400000| PB 0x0000000086400000| Complete 
|  19|0x0000000086500000, 0x0000000086600000, 0x0000000086600000|100%|HC|  |TAMS 0x0000000086500000| PB 0x0000000086500000| Complete 
|  20|0x0000000086600000, 0x0000000086700000, 0x0000000086700000|100%|HC|  |TAMS 0x0000000086600000| PB 0x0000000086600000| Complete 
|  21|0x0000000086700000, 0x0000000086800000, 0x0000000086800000|100%|HC|  |TAMS 0x0000000086700000| PB 0x0000000086700000| Complete 
|  22|0x0000000086800000, 0x0000000086800000, 0x0000000086900000|  0%| F|  |TAMS 0x0000000086800000| PB 0x0000000086800000| Untracked 
|  23|0x0000000086900000, 0x0000000086900000, 0x0000000086a00000|  0%| F|  |TAMS 0x0000000086900000| PB 0x0000000086900000| Untracked 
|  24|0x0000000086a00000, 0x0000000086a00000, 0x0000000086b00000|  0%| F|  |TAMS 0x0000000086a00000| PB 0x0000000086a00000| Untracked 
|  25|0x0000000086b00000, 0x0000000086b00000, 0x0000000086c00000|  0%| F|  |TAMS 0x0000000086b00000| PB 0x0000000086b00000| Untracked 
|  26|0x0000000086c00000, 0x0000000086c00000, 0x0000000086d00000|  0%| F|  |TAMS 0x0000000086c00000| PB 0x0000000086c00000| Untracked 
|  27|0x0000000086d00000, 0x0000000086d00000, 0x0000000086e00000|  0%| F|  |TAMS 0x0000000086d00000| PB 0x0000000086d00000| Untracked 
|  28|0x0000000086e00000, 0x0000000086e00000, 0x0000000086f00000|  0%| F|  |TAMS 0x0000000086e00000| PB 0x0000000086e00000| Untracked 
|  29|0x0000000086f00000, 0x0000000086f00000, 0x0000000087000000|  0%| F|  |TAMS 0x0000000086f00000| PB 0x0000000086f00000| Untracked 
|  30|0x0000000087000000, 0x0000000087000000, 0x0000000087100000|  0%| F|  |TAMS 0x0000000087000000| PB 0x0000000087000000| Untracked 
|  31|0x0000000087100000, 0x0000000087100000, 0x0000000087200000|  0%| F|  |TAMS 0x0000000087100000| PB 0x0000000087100000| Untracked 
|  32|0x0000000087200000, 0x0000000087200000, 0x0000000087300000|  0%| F|  |TAMS 0x0000000087200000| PB 0x0000000087200000| Untracked 
|  33|0x0000000087300000, 0x0000000087300000, 0x0000000087400000|  0%| F|  |TAMS 0x0000000087300000| PB 0x0000000087300000| Untracked 
|  34|0x0000000087400000, 0x0000000087400000, 0x0000000087500000|  0%| F|  |TAMS 0x0000000087400000| PB 0x0000000087400000| Untracked 
|  35|0x0000000087500000, 0x0000000087500000, 0x0000000087600000|  0%| F|  |TAMS 0x0000000087500000| PB 0x0000000087500000| Untracked 
|  36|0x0000000087600000, 0x0000000087600000, 0x0000000087700000|  0%| F|  |TAMS 0x0000000087600000| PB 0x0000000087600000| Untracked 
|  37|0x0000000087700000, 0x0000000087700000, 0x0000000087800000|  0%| F|  |TAMS 0x0000000087700000| PB 0x0000000087700000| Untracked 
|  38|0x0000000087800000, 0x0000000087800000, 0x0000000087900000|  0%| F|  |TAMS 0x0000000087800000| PB 0x0000000087800000| Untracked 
|  39|0x0000000087900000, 0x0000000087900000, 0x0000000087a00000|  0%| F|  |TAMS 0x0000000087900000| PB 0x0000000087900000| Untracked 
|  40|0x0000000087a00000, 0x0000000087a00000, 0x0000000087b00000|  0%| F|  |TAMS 0x0000000087a00000| PB 0x0000000087a00000| Untracked 
|  41|0x0000000087b00000, 0x0000000087b00000, 0x0000000087c00000|  0%| F|  |TAMS 0x0000000087b00000| PB 0x0000000087b00000| Untracked 
|  42|0x0000000087c00000, 0x0000000087c00000, 0x0000000087d00000|  0%| F|  |TAMS 0x0000000087c00000| PB 0x0000000087c00000| Untracked 
|  43|0x0000000087d00000, 0x0000000087d00000, 0x0000000087e00000|  0%| F|  |TAMS 0x0000000087d00000| PB 0x0000000087d00000| Untracked 
|  44|0x0000000087e00000, 0x0000000087e00000, 0x0000000087f00000|  0%| F|  |TAMS 0x0000000087e00000| PB 0x0000000087e00000| Untracked 
|  45|0x0000000087f00000, 0x0000000087f00000, 0x0000000088000000|  0%| F|  |TAMS 0x0000000087f00000| PB 0x0000000087f00000| Untracked 
|  46|0x0000000088000000, 0x0000000088000000, 0x0000000088100000|  0%| F|  |TAMS 0x0000000088000000| PB 0x0000000088000000| Untracked 
|  47|0x0000000088100000, 0x0000000088100000, 0x0000000088200000|  0%| F|  |TAMS 0x0000000088100000| PB 0x0000000088100000| Untracked 
|  48|0x0000000088200000, 0x0000000088200000, 0x0000000088300000|  0%| F|  |TAMS 0x0000000088200000| PB 0x0000000088200000| Untracked 
|  49|0x0000000088300000, 0x0000000088300000, 0x0000000088400000|  0%| F|  |TAMS 0x0000000088300000| PB 0x0000000088300000| Untracked 
|  50|0x0000000088400000, 0x0000000088400000, 0x0000000088500000|  0%| F|  |TAMS 0x0000000088400000| PB 0x0000000088400000| Untracked 
|  51|0x0000000088500000, 0x0000000088500000, 0x0000000088600000|  0%| F|  |TAMS 0x0000000088500000| PB 0x0000000088500000| Untracked 
|  52|0x0000000088600000, 0x0000000088600000, 0x0000000088700000|  0%| F|  |TAMS 0x0000000088600000| PB 0x0000000088600000| Untracked 
|  53|0x0000000088700000, 0x0000000088700000, 0x0000000088800000|  0%| F|  |TAMS 0x0000000088700000| PB 0x0000000088700000| Untracked 
|  54|0x0000000088800000, 0x0000000088800000, 0x0000000088900000|  0%| F|  |TAMS 0x0000000088800000| PB 0x0000000088800000| Untracked 
|  55|0x0000000088900000, 0x0000000088900000, 0x0000000088a00000|  0%| F|  |TAMS 0x0000000088900000| PB 0x0000000088900000| Untracked 
|  56|0x0000000088a00000, 0x0000000088a00000, 0x0000000088b00000|  0%| F|  |TAMS 0x0000000088a00000| PB 0x0000000088a00000| Untracked 
|  57|0x0000000088b00000, 0x0000000088b00000, 0x0000000088c00000|  0%| F|  |TAMS 0x0000000088b00000| PB 0x0000000088b00000| Untracked 
|  58|0x0000000088c00000, 0x0000000088c00000, 0x0000000088d00000|  0%| F|  |TAMS 0x0000000088c00000| PB 0x0000000088c00000| Untracked 
|  59|0x0000000088d00000, 0x0000000088d00000, 0x0000000088e00000|  0%| F|  |TAMS 0x0000000088d00000| PB 0x0000000088d00000| Untracked 
|  60|0x0000000088e00000, 0x0000000088e00000, 0x0000000088f00000|  0%| F|  |TAMS 0x0000000088e00000| PB 0x0000000088e00000| Untracked 
|  61|0x0000000088f00000, 0x0000000088f00000, 0x0000000089000000|  0%| F|  |TAMS 0x0000000088f00000| PB 0x0000000088f00000| Untracked 
|  62|0x0000000089000000, 0x0000000089000000, 0x0000000089100000|  0%| F|  |TAMS 0x0000000089000000| PB 0x0000000089000000| Untracked 
|  63|0x0000000089100000, 0x0000000089100000, 0x0000000089200000|  0%| F|  |TAMS 0x0000000089100000| PB 0x0000000089100000| Untracked 
|  64|0x0000000089200000, 0x0000000089200000, 0x0000000089300000|  0%| F|  |TAMS 0x0000000089200000| PB 0x0000000089200000| Untracked 
|  65|0x0000000089300000, 0x0000000089300000, 0x0000000089400000|  0%| F|  |TAMS 0x0000000089300000| PB 0x0000000089300000| Untracked 
|  66|0x0000000089400000, 0x0000000089400000, 0x0000000089500000|  0%| F|  |TAMS 0x0000000089400000| PB 0x0000000089400000| Untracked 
|  67|0x0000000089500000, 0x0000000089500000, 0x0000000089600000|  0%| F|  |TAMS 0x0000000089500000| PB 0x0000000089500000| Untracked 
|  68|0x0000000089600000, 0x0000000089600000, 0x0000000089700000|  0%| F|  |TAMS 0x0000000089600000| PB 0x0000000089600000| Untracked 
|  69|0x0000000089700000, 0x0000000089700000, 0x0000000089800000|  0%| F|  |TAMS 0x0000000089700000| PB 0x0000000089700000| Untracked 
|  70|0x0000000089800000, 0x0000000089800000, 0x0000000089900000|  0%| F|  |TAMS 0x0000000089800000| PB 0x0000000089800000| Untracked 
|  71|0x0000000089900000, 0x0000000089900000, 0x0000000089a00000|  0%| F|  |TAMS 0x0000000089900000| PB 0x0000000089900000| Untracked 
|  72|0x0000000089a00000, 0x0000000089a00000, 0x0000000089b00000|  0%| F|  |TAMS 0x0000000089a00000| PB 0x0000000089a00000| Untracked 
|  73|0x0000000089b00000, 0x0000000089b00000, 0x0000000089c00000|  0%| F|  |TAMS 0x0000000089b00000| PB 0x0000000089b00000| Untracked 
|  74|0x0000000089c00000, 0x0000000089c00000, 0x0000000089d00000|  0%| F|  |TAMS 0x0000000089c00000| PB 0x0000000089c00000| Untracked 
|  75|0x0000000089d00000, 0x0000000089d00000, 0x0000000089e00000|  0%| F|  |TAMS 0x0000000089d00000| PB 0x0000000089d00000| Untracked 
|  76|0x0000000089e00000, 0x0000000089e00000, 0x0000000089f00000|  0%| F|  |TAMS 0x0000000089e00000| PB 0x0000000089e00000| Untracked 
|  77|0x0000000089f00000, 0x0000000089f00000, 0x000000008a000000|  0%| F|  |TAMS 0x0000000089f00000| PB 0x0000000089f00000| Untracked 
|  78|0x000000008a000000, 0x000000008a000000, 0x000000008a100000|  0%| F|  |TAMS 0x000000008a000000| PB 0x000000008a000000| Untracked 
|  79|0x000000008a100000, 0x000000008a100000, 0x000000008a200000|  0%| F|  |TAMS 0x000000008a100000| PB 0x000000008a100000| Untracked 
|  80|0x000000008a200000, 0x000000008a200000, 0x000000008a300000|  0%| F|  |TAMS 0x000000008a200000| PB 0x000000008a200000| Untracked 
|  81|0x000000008a300000, 0x000000008a300000, 0x000000008a400000|  0%| F|  |TAMS 0x000000008a300000| PB 0x000000008a300000| Untracked 
|  82|0x000000008a400000, 0x000000008a400000, 0x000000008a500000|  0%| F|  |TAMS 0x000000008a400000| PB 0x000000008a400000| Untracked 
|  83|0x000000008a500000, 0x000000008a500000, 0x000000008a600000|  0%| F|  |TAMS 0x000000008a500000| PB 0x000000008a500000| Untracked 
|  84|0x000000008a600000, 0x000000008a600000, 0x000000008a700000|  0%| F|  |TAMS 0x000000008a600000| PB 0x000000008a600000| Untracked 
|  85|0x000000008a700000, 0x000000008a700000, 0x000000008a800000|  0%| F|  |TAMS 0x000000008a700000| PB 0x000000008a700000| Untracked 
|  86|0x000000008a800000, 0x000000008a800000, 0x000000008a900000|  0%| F|  |TAMS 0x000000008a800000| PB 0x000000008a800000| Untracked 
|  87|0x000000008a900000, 0x000000008a900000, 0x000000008aa00000|  0%| F|  |TAMS 0x000000008a900000| PB 0x000000008a900000| Untracked 
|  88|0x000000008aa00000, 0x000000008aa00000, 0x000000008ab00000|  0%| F|  |TAMS 0x000000008aa00000| PB 0x000000008aa00000| Untracked 
|  89|0x000000008ab00000, 0x000000008ab00000, 0x000000008ac00000|  0%| F|  |TAMS 0x000000008ab00000| PB 0x000000008ab00000| Untracked 
|  90|0x000000008ac00000, 0x000000008ac00000, 0x000000008ad00000|  0%| F|  |TAMS 0x000000008ac00000| PB 0x000000008ac00000| Untracked 
|  91|0x000000008ad00000, 0x000000008ad00000, 0x000000008ae00000|  0%| F|  |TAMS 0x000000008ad00000| PB 0x000000008ad00000| Untracked 
|  92|0x000000008ae00000, 0x000000008ae00000, 0x000000008af00000|  0%| F|  |TAMS 0x000000008ae00000| PB 0x000000008ae00000| Untracked 
|  93|0x000000008af00000, 0x000000008af00000, 0x000000008b000000|  0%| F|  |TAMS 0x000000008af00000| PB 0x000000008af00000| Untracked 
|  94|0x000000008b000000, 0x000000008b000000, 0x000000008b100000|  0%| F|  |TAMS 0x000000008b000000| PB 0x000000008b000000| Untracked 
|  95|0x000000008b100000, 0x000000008b100000, 0x000000008b200000|  0%| F|  |TAMS 0x000000008b100000| PB 0x000000008b100000| Untracked 
|  96|0x000000008b200000, 0x000000008b200000, 0x000000008b300000|  0%| F|  |TAMS 0x000000008b200000| PB 0x000000008b200000| Untracked 
|  97|0x000000008b300000, 0x000000008b300000, 0x000000008b400000|  0%| F|  |TAMS 0x000000008b300000| PB 0x000000008b300000| Untracked 
|  98|0x000000008b400000, 0x000000008b500000, 0x000000008b500000|100%| S|CS|TAMS 0x000000008b400000| PB 0x000000008b400000| Complete 
|  99|0x000000008b500000, 0x000000008b600000, 0x000000008b600000|100%| S|CS|TAMS 0x000000008b500000| PB 0x000000008b500000| Complete 
| 100|0x000000008b600000, 0x000000008b700000, 0x000000008b700000|100%| S|CS|TAMS 0x000000008b600000| PB 0x000000008b600000| Complete 
| 101|0x000000008b700000, 0x000000008b700000, 0x000000008b800000|  0%| F|  |TAMS 0x000000008b700000| PB 0x000000008b700000| Untracked 
| 102|0x000000008b800000, 0x000000008b800000, 0x000000008b900000|  0%| F|  |TAMS 0x000000008b800000| PB 0x000000008b800000| Untracked 
| 103|0x000000008b900000, 0x000000008b900000, 0x000000008ba00000|  0%| F|  |TAMS 0x000000008b900000| PB 0x000000008b900000| Untracked 
| 104|0x000000008ba00000, 0x000000008ba00000, 0x000000008bb00000|  0%| F|  |TAMS 0x000000008ba00000| PB 0x000000008ba00000| Untracked 
| 105|0x000000008bb00000, 0x000000008bb00000, 0x000000008bc00000|  0%| F|  |TAMS 0x000000008bb00000| PB 0x000000008bb00000| Untracked 
| 106|0x000000008bc00000, 0x000000008bc00000, 0x000000008bd00000|  0%| F|  |TAMS 0x000000008bc00000| PB 0x000000008bc00000| Untracked 
| 107|0x000000008bd00000, 0x000000008bd00000, 0x000000008be00000|  0%| F|  |TAMS 0x000000008bd00000| PB 0x000000008bd00000| Untracked 
| 108|0x000000008be00000, 0x000000008be00000, 0x000000008bf00000|  0%| F|  |TAMS 0x000000008be00000| PB 0x000000008be00000| Untracked 
| 109|0x000000008bf00000, 0x000000008bf00000, 0x000000008c000000|  0%| F|  |TAMS 0x000000008bf00000| PB 0x000000008bf00000| Untracked 
| 110|0x000000008c000000, 0x000000008c000000, 0x000000008c100000|  0%| F|  |TAMS 0x000000008c000000| PB 0x000000008c000000| Untracked 
| 111|0x000000008c100000, 0x000000008c100000, 0x000000008c200000|  0%| F|  |TAMS 0x000000008c100000| PB 0x000000008c100000| Untracked 
| 112|0x000000008c200000, 0x000000008c200000, 0x000000008c300000|  0%| F|  |TAMS 0x000000008c200000| PB 0x000000008c200000| Untracked 
| 113|0x000000008c300000, 0x000000008c300000, 0x000000008c400000|  0%| F|  |TAMS 0x000000008c300000| PB 0x000000008c300000| Untracked 
| 114|0x000000008c400000, 0x000000008c400000, 0x000000008c500000|  0%| F|  |TAMS 0x000000008c400000| PB 0x000000008c400000| Untracked 
| 115|0x000000008c500000, 0x000000008c500000, 0x000000008c600000|  0%| F|  |TAMS 0x000000008c500000| PB 0x000000008c500000| Untracked 
| 116|0x000000008c600000, 0x000000008c600000, 0x000000008c700000|  0%| F|  |TAMS 0x000000008c600000| PB 0x000000008c600000| Untracked 
| 117|0x000000008c700000, 0x000000008c700000, 0x000000008c800000|  0%| F|  |TAMS 0x000000008c700000| PB 0x000000008c700000| Untracked 
| 118|0x000000008c800000, 0x000000008c800000, 0x000000008c900000|  0%| F|  |TAMS 0x000000008c800000| PB 0x000000008c800000| Untracked 
| 119|0x000000008c900000, 0x000000008c900000, 0x000000008ca00000|  0%| F|  |TAMS 0x000000008c900000| PB 0x000000008c900000| Untracked 
| 120|0x000000008ca00000, 0x000000008cad8f70, 0x000000008cb00000| 84%| E|  |TAMS 0x000000008ca00000| PB 0x000000008ca00000| Complete 
| 121|0x000000008cb00000, 0x000000008cc00000, 0x000000008cc00000|100%| E|CS|TAMS 0x000000008cb00000| PB 0x000000008cb00000| Complete 
| 122|0x000000008cc00000, 0x000000008cd00000, 0x000000008cd00000|100%| E|CS|TAMS 0x000000008cc00000| PB 0x000000008cc00000| Complete 
| 123|0x000000008cd00000, 0x000000008ce00000, 0x000000008ce00000|100%| E|CS|TAMS 0x000000008cd00000| PB 0x000000008cd00000| Complete 

Card table byte_map: [0x0000020a33a40000,0x0000020a33e20000] _byte_map_base: 0x0000020a33617000

Marking Bits: (CMBitMap*) 0x0000020a1b9db9c0
 Bits: [0x0000020a33e20000, 0x0000020a35cd8000)

Polling page: 0x0000020a1b150000

Metaspace:

Usage:
  Non-class:     14.14 MB used.
      Class:      1.75 MB used.
       Both:     15.89 MB used.

Virtual space:
  Non-class space:       64.00 MB reserved,      14.25 MB ( 22%) committed,  1 nodes.
      Class space:        1.00 GB reserved,       1.88 MB ( <1%) committed,  1 nodes.
             Both:        1.06 GB reserved,      16.12 MB (  1%) committed. 

Chunk freelists:
   Non-Class:  996.00 KB
       Class:  14.04 MB
        Both:  15.02 MB

MaxMetaspaceSize: unlimited
CompressedClassSpaceSize: 1.00 GB
Initial GC threshold: 21.00 MB
Current GC threshold: 21.00 MB
CDS: on
 - commit_granule_bytes: 65536.
 - commit_granule_words: 8192.
 - virtual_space_node_default_size: 8388608.
 - enlarge_chunks_in_place: 1.
 - use_allocation_guard: 0.


Internal statistics:

num_allocs_failed_limit: 0.
num_arena_births: 188.
num_arena_deaths: 0.
num_vsnodes_births: 2.
num_vsnodes_deaths: 0.
num_space_committed: 258.
num_space_uncommitted: 0.
num_chunks_returned_to_freelist: 0.
num_chunks_taken_from_freelist: 376.
num_chunk_merges: 0.
num_chunk_splits: 230.
num_chunks_enlarged: 137.
num_inconsistent_stats: 0.

CodeHeap 'non-profiled nmethods': size=119168Kb used=678Kb max_used=678Kb free=118489Kb
 bounds [0x0000020a2b980000, 0x0000020a2bbf0000, 0x0000020a32de0000]
CodeHeap 'profiled nmethods': size=119104Kb used=4424Kb max_used=4424Kb free=114679Kb
 bounds [0x0000020a23de0000, 0x0000020a24240000, 0x0000020a2b230000]
CodeHeap 'non-nmethods': size=7488Kb used=3384Kb max_used=3403Kb free=4103Kb
 bounds [0x0000020a2b230000, 0x0000020a2b590000, 0x0000020a2b980000]
 total_blobs=3029 nmethods=2293 adapters=637
 compilation: enabled
              stopped_count=0, restarted_count=0
 full_count=0

Compilation events (20 events):
Event: 1.107 Thread 0x0000020a7e0f26b0 2279       3       javax.swing.JComponent::isPaintingForPrint (7 bytes)
Event: 1.107 Thread 0x0000020a00163040 2278       3       java.util.concurrent.atomic.AtomicBoolean::set (14 bytes)
Event: 1.107 Thread 0x0000020a00163040 nmethod 2278 0x0000020a2422b410 code [0x0000020a2422b5a0, 0x0000020a2422b710]
Event: 1.107 Thread 0x0000020a38d369e0 nmethod 2276 0x0000020a2422b790 code [0x0000020a2422b960, 0x0000020a2422bd50]
Event: 1.107 Thread 0x0000020a7e0f26b0 nmethod 2279 0x0000020a2422bf10 code [0x0000020a2422c0c0, 0x0000020a2422c298]
Event: 1.107 Thread 0x0000020a7e0f3170 nmethod 2277 0x0000020a2422c390 code [0x0000020a2422c540, 0x0000020a2422c910]
Event: 1.107 Thread 0x0000020a7e0f3170 2280       3       javax.swing.plaf.nimbus.ImageCache::getInstance (4 bytes)
Event: 1.107 Thread 0x0000020a7e0f3170 nmethod 2280 0x0000020a2422ca10 code [0x0000020a2422cba0, 0x0000020a2422cc98]
Event: 1.108 Thread 0x0000020a7e0f3170 2281       3       javax.swing.text.PlainView::updateMetrics (121 bytes)
Event: 1.108 Thread 0x0000020a00163040 2282       1       sun.java2d.ReentrantContextProvider$HardReference::get (5 bytes)
Event: 1.108 Thread 0x0000020a00163040 nmethod 2282 0x0000020a2ba26210 code [0x0000020a2ba263a0, 0x0000020a2ba26468]
Event: 1.108 Thread 0x0000020a00163040 2283       3       java.util.concurrent.locks.ReentrantReadWriteLock::readLock (5 bytes)
Event: 1.109 Thread 0x0000020a00163040 nmethod 2283 0x0000020a2422cd10 code [0x0000020a2422cea0, 0x0000020a2422cfd8]
Event: 1.109 Thread 0x0000020a7e0f3170 nmethod 2281 0x0000020a2422d090 code [0x0000020a2422d420, 0x0000020a2422f230]
Event: 1.109 Thread 0x0000020a7e0f3170 2284       3       sun.java2d.SurfaceData::getMaskFill (24 bytes)
Event: 1.109 Thread 0x0000020a00193460 2285 %     4       sun.java2d.marlin.MarlinTileGenerator::getAlphaRLE @ 1106 (1749 bytes)
Event: 1.109 Thread 0x0000020a7e0f3170 nmethod 2284 0x0000020a2422fa10 code [0x0000020a2422fbe0, 0x0000020a2422fea0]
Event: 1.110 Thread 0x0000020a7e0f3170 2286       3       java.awt.geom.RectangularShape::setFrame (21 bytes)
Event: 1.110 Thread 0x0000020a38d369e0 2287       3       java.awt.Rectangle::setRect (135 bytes)
Event: 1.110 Thread 0x0000020a00163040 2288       3       java.awt.image.SinglePixelPackedSampleModel::<init> (243 bytes)

GC Heap History (2 events):
Event: 0.968 GC heap before
{Heap before GC invocations=0 (full 0):
 garbage-first heap   total 126976K, used 38912K [0x0000000085200000, 0x0000000100000000)
  region size 1024K, 23 young (23552K), 0 survivors (0K)
 Metaspace       used 16069K, committed 16320K, reserved 1114112K
  class space    used 1779K, committed 1920K, reserved 1048576K
}
Event: 0.975 GC heap after
{Heap after GC invocations=1 (full 0):
 garbage-first heap   total 126976K, used 20464K [0x0000000085200000, 0x0000000100000000)
  region size 1024K, 3 young (3072K), 3 survivors (3072K)
 Metaspace       used 16069K, committed 16320K, reserved 1114112K
  class space    used 1779K, committed 1920K, reserved 1048576K
}

Dll operation events (10 events):
Event: 0.004 Loaded shared library C:\Program Files\Java\jdk-21\bin\java.dll
Event: 0.024 Loaded shared library C:\Program Files\Java\jdk-21\bin\jsvml.dll
Event: 0.041 Loaded shared library C:\Program Files\Java\jdk-21\bin\net.dll
Event: 0.043 Loaded shared library C:\Program Files\Java\jdk-21\bin\nio.dll
Event: 0.056 Loaded shared library C:\Program Files\Java\jdk-21\bin\zip.dll
Event: 0.064 Loaded shared library C:\Program Files\Java\jdk-21\bin\jimage.dll
Event: 0.073 Loaded shared library C:\Program Files\Java\jdk-21\bin\awt.dll
Event: 0.147 Loaded shared library C:\Program Files\Java\jdk-21\bin\freetype.dll
Event: 0.148 Loaded shared library C:\Program Files\Java\jdk-21\bin\fontmanager.dll
Event: 0.439 Loaded shared library C:\Program Files\Java\jdk-21\bin\extnet.dll

Deoptimization events (20 events):
Event: 0.997 Thread 0x0000020a7e3fe830 Uncommon trap: trap_request=0xffffffbe fr.pc=0x0000020a2ba1debc relative=0x000000000000063c
Event: 0.997 Thread 0x0000020a7e3fe830 Uncommon trap: reason=profile_predicate action=maybe_recompile pc=0x0000020a2ba1debc method=java.awt.LinearGradientPaintContext.fillRaster([IIIIIII)V @ 53 c2
Event: 0.997 Thread 0x0000020a7e3fe830 DEOPT PACKING pc=0x0000020a2ba1debc sp=0x000000ff3d4fc760
Event: 0.997 Thread 0x0000020a7e3fe830 DEOPT UNPACKING pc=0x0000020a2b2846a2 sp=0x000000ff3d4fc6d8 mode 2
Event: 0.997 Thread 0x0000020a7e3fe830 Uncommon trap: trap_request=0xffffffbe fr.pc=0x0000020a2ba161e0 relative=0x0000000000000760
Event: 0.997 Thread 0x0000020a7e3fe830 Uncommon trap: reason=profile_predicate action=maybe_recompile pc=0x0000020a2ba161e0 method=java.awt.LinearGradientPaintContext.fillRaster([IIIIIII)V @ 50 c2
Event: 0.997 Thread 0x0000020a7e3fe830 DEOPT PACKING pc=0x0000020a2ba161e0 sp=0x000000ff3d4fc730
Event: 0.997 Thread 0x0000020a7e3fe830 DEOPT UNPACKING pc=0x0000020a2b2846a2 sp=0x000000ff3d4fc6e8 mode 2
Event: 0.997 Thread 0x0000020a7e3fe830 Uncommon trap: trap_request=0xffffffbe fr.pc=0x0000020a2ba1debc relative=0x000000000000063c
Event: 0.997 Thread 0x0000020a7e3fe830 Uncommon trap: reason=profile_predicate action=maybe_recompile pc=0x0000020a2ba1debc method=java.awt.LinearGradientPaintContext.fillRaster([IIIIIII)V @ 53 c2
Event: 0.997 Thread 0x0000020a7e3fe830 DEOPT PACKING pc=0x0000020a2ba1debc sp=0x000000ff3d4fc760
Event: 0.997 Thread 0x0000020a7e3fe830 DEOPT UNPACKING pc=0x0000020a2b2846a2 sp=0x000000ff3d4fc6d8 mode 2
Event: 0.997 Thread 0x0000020a7e3fe830 Uncommon trap: trap_request=0xffffffbe fr.pc=0x0000020a2ba1debc relative=0x000000000000063c
Event: 0.997 Thread 0x0000020a7e3fe830 Uncommon trap: reason=profile_predicate action=maybe_recompile pc=0x0000020a2ba1debc method=java.awt.LinearGradientPaintContext.fillRaster([IIIIIII)V @ 53 c2
Event: 0.997 Thread 0x0000020a7e3fe830 DEOPT PACKING pc=0x0000020a2ba1debc sp=0x000000ff3d4fc760
Event: 0.997 Thread 0x0000020a7e3fe830 DEOPT UNPACKING pc=0x0000020a2b2846a2 sp=0x000000ff3d4fc6d8 mode 2
Event: 0.997 Thread 0x0000020a7e3fe830 Uncommon trap: trap_request=0xffffffbe fr.pc=0x0000020a2ba161e0 relative=0x0000000000000760
Event: 0.997 Thread 0x0000020a7e3fe830 Uncommon trap: reason=profile_predicate action=maybe_recompile pc=0x0000020a2ba161e0 method=java.awt.LinearGradientPaintContext.fillRaster([IIIIIII)V @ 50 c2
Event: 0.997 Thread 0x0000020a7e3fe830 DEOPT PACKING pc=0x0000020a2ba161e0 sp=0x000000ff3d4fc730
Event: 0.997 Thread 0x0000020a7e3fe830 DEOPT UNPACKING pc=0x0000020a2b2846a2 sp=0x000000ff3d4fc6e8 mode 2

Classes loaded (20 events):
Event: 0.978 Loading class java/security/spec/KeySpec
Event: 0.978 Loading class java/security/spec/KeySpec done
Event: 0.978 Loading class javax/crypto/NoSuchPaddingException
Event: 0.978 Loading class javax/crypto/NoSuchPaddingException done
Event: 0.978 Loading class java/security/InvalidKeyException
Event: 0.978 Loading class java/security/KeyException
Event: 0.978 Loading class java/security/KeyException done
Event: 0.978 Loading class java/security/InvalidKeyException done
Event: 0.978 Loading class javax/crypto/IllegalBlockSizeException
Event: 0.978 Loading class javax/crypto/IllegalBlockSizeException done
Event: 0.978 Loading class javax/crypto/BadPaddingException
Event: 0.978 Loading class javax/crypto/BadPaddingException done
Event: 0.978 Loading class java/security/Key
Event: 0.978 Loading class java/security/Key done
Event: 0.979 Loading class java/security/SignatureException
Event: 0.979 Loading class java/security/SignatureException done
Event: 0.979 Loading class java/security/PrivateKey
Event: 0.979 Loading class javax/security/auth/Destroyable
Event: 0.979 Loading class javax/security/auth/Destroyable done
Event: 0.979 Loading class java/security/PrivateKey done

Classes unloaded (0 events):
No events

Classes redefined (0 events):
No events

Internal exceptions (20 events):
Event: 0.174 Thread 0x0000020a19736d50 Exception <a 'java/lang/ClassNotFoundException'{0x000000008c73c7e0}: com/sun/swing/internal/plaf/metal/resources/spi/metalProvider> (0x000000008c73c7e0) 
thrown [s\open\src\hotspot\share\classfile\systemDictionary.cpp, line 312]
Event: 0.174 Thread 0x0000020a19736d50 Exception <a 'java/lang/ClassNotFoundException'{0x000000008c740460}: com/sun/swing/internal/plaf/basic/resources/spi/basicProvider> (0x000000008c740460) 
thrown [s\open\src\hotspot\share\classfile\systemDictionary.cpp, line 312]
Event: 0.187 Thread 0x0000020a7e3fe830 Exception <a 'java/lang/ClassNotFoundException'{0x000000008c689eb8}: com/sun/swing/internal/plaf/synth/resources/spi/synthProvider> (0x000000008c689eb8) 
thrown [s\open\src\hotspot\share\classfile\systemDictionary.cpp, line 312]
Event: 0.199 Thread 0x0000020a7e3fe830 Exception <a 'java/lang/NoSuchMethodError'{0x000000008c6ccf28}: 'int java.lang.invoke.Invokers$Holder.invokeExact_MT(java.lang.Object, java.lang.Object)'> (0x000000008c6ccf28) 
thrown [s\open\src\hotspot\share\interpreter\linkResolver.cpp, line 773]
Event: 0.205 Thread 0x0000020a7e3fe830 Exception <a 'java/lang/NoSuchMethodError'{0x000000008c6dcf60}: 'java.lang.Object java.lang.invoke.DirectMethodHandle$Holder.newInvokeSpecial(java.lang.Object, java.lang.Object, int)'> (0x000000008c6dcf60) 
thrown [s\open\src\hotspot\share\interpreter\linkResolver.cpp, line 773]
Event: 0.206 Thread 0x0000020a7e3fe830 Exception <a 'java/lang/NoSuchMethodError'{0x000000008c6e1e10}: 'int java.lang.invoke.DirectMethodHandle$Holder.invokeSpecial(java.lang.Object, java.lang.Object, java.lang.Object, int)'> (0x000000008c6e1e10) 
thrown [s\open\src\hotspot\share\interpreter\linkResolver.cpp, line 773]
Event: 0.206 Thread 0x0000020a7e3fe830 Exception <a 'java/lang/NoSuchMethodError'{0x000000008c6f4680}: 'java.lang.Object java.lang.invoke.DirectMethodHandle$Holder.invokeStatic(java.lang.Object, java.lang.Object, java.lang.Object, java.lang.Object, int)'> (0x000000008c6f4680) 
thrown [s\open\src\hotspot\share\interpreter\linkResolver.cpp, line 773]
Event: 0.207 Thread 0x0000020a7e3fe830 Exception <a 'java/lang/NoSuchMethodError'{0x000000008c500088}: 'int java.lang.invoke.DirectMethodHandle$Holder.invokeSpecial(java.lang.Object, java.lang.Object, java.lang.Object)'> (0x000000008c500088) 
thrown [s\open\src\hotspot\share\interpreter\linkResolver.cpp, line 773]
Event: 0.256 Thread 0x0000020a7e37e280 Exception <a 'java/lang/NoSuchMethodError'{0x000000008c90e5a8}: 'void java.lang.invoke.DirectMethodHandle$Holder.invokeVirtual(java.lang.Object, java.lang.Object)'> (0x000000008c90e5a8) 
thrown [s\open\src\hotspot\share\interpreter\linkResolver.cpp, line 773]
Event: 0.264 Thread 0x0000020a7e3fe830 Exception <a 'java/lang/NoSuchMethodError'{0x000000008c5e4748}: 'void java.lang.invoke.DirectMethodHandle$Holder.invokeStaticInit(java.lang.Object)'> (0x000000008c5e4748) 
thrown [s\open\src\hotspot\share\interpreter\linkResolver.cpp, line 773]
Event: 0.355 Thread 0x0000020a7e3fe830 Exception <a 'java/lang/NoSuchMethodError'{0x000000008c4a7610}: 'void java.lang.invoke.DirectMethodHandle$Holder.invokeStatic(java.lang.Object, java.lang.Object)'> (0x000000008c4a7610) 
thrown [s\open\src\hotspot\share\interpreter\linkResolver.cpp, line 773]
Event: 0.376 Thread 0x0000020a7e3fe830 Exception <a 'java/lang/NoSuchMethodError'{0x000000008c37c848}: 'java.lang.Object java.lang.invoke.DirectMethodHandle$Holder.invokeInterface(java.lang.Object, java.lang.Object)'> (0x000000008c37c848) 
thrown [s\open\src\hotspot\share\interpreter\linkResolver.cpp, line 773]
Event: 0.391 Thread 0x0000020a7e3fe830 Exception <a 'java/lang/NoSuchMethodError'{0x000000008c3f5ab8}: 'void java.lang.invoke.DirectMethodHandle$Holder.invokeStatic(java.lang.Object, java.lang.Object, java.lang.Object)'> (0x000000008c3f5ab8) 
thrown [s\open\src\hotspot\share\interpreter\linkResolver.cpp, line 773]
Event: 0.392 Thread 0x0000020a7e3fe830 Exception <a 'java/lang/NoSuchMethodError'{0x000000008c3fe7a0}: 'java.lang.Object java.lang.invoke.DirectMethodHandle$Holder.invokeVirtual(java.lang.Object, java.lang.Object, java.lang.Object)'> (0x000000008c3fe7a0) 
thrown [s\open\src\hotspot\share\interpreter\linkResolver.cpp, line 773]
Event: 0.980 Thread 0x0000020a7f53c370 Exception <a 'java/lang/NoSuchMethodError'{0x000000008cd81598}: 'void java.lang.invoke.DirectMethodHandle$Holder.invokeStaticInit(java.lang.Object, java.lang.Object)'> (0x000000008cd81598) 
thrown [s\open\src\hotspot\share\interpreter\linkResolver.cpp, line 773]
Event: 0.997 Thread 0x0000020a7e3fe830 Implicit null exception at 0x0000020a2ba1d973 to 0x0000020a2ba1de84
Event: 0.997 Thread 0x0000020a7e3fe830 Implicit null exception at 0x0000020a2ba15b62 to 0x0000020a2ba16194
Event: 0.997 Thread 0x0000020a7e3fe830 Implicit null exception at 0x0000020a2ba1d973 to 0x0000020a2ba1de84
Event: 0.997 Thread 0x0000020a7e3fe830 Implicit null exception at 0x0000020a2ba1d973 to 0x0000020a2ba1de84
Event: 0.997 Thread 0x0000020a7e3fe830 Implicit null exception at 0x0000020a2ba15b62 to 0x0000020a2ba16194

ZGC Phase Switch (0 events):
No events

VM Operations (20 events):
Event: 0.340 Executing VM operation: ICBufferFull
Event: 0.340 Executing VM operation: ICBufferFull done
Event: 0.363 Executing VM operation: HandshakeAllThreads (Deoptimize)
Event: 0.363 Executing VM operation: HandshakeAllThreads (Deoptimize) done
Event: 0.493 Executing VM operation: HandshakeAllThreads (Deoptimize)
Event: 0.493 Executing VM operation: HandshakeAllThreads (Deoptimize) done
Event: 0.539 Executing VM operation: HandshakeAllThreads (Deoptimize)
Event: 0.539 Executing VM operation: HandshakeAllThreads (Deoptimize) done
Event: 0.540 Executing VM operation: ICBufferFull
Event: 0.540 Executing VM operation: ICBufferFull done
Event: 0.565 Executing VM operation: HandshakeAllThreads (Deoptimize)
Event: 0.565 Executing VM operation: HandshakeAllThreads (Deoptimize) done
Event: 0.569 Executing VM operation: HandshakeAllThreads (Deoptimize)
Event: 0.569 Executing VM operation: HandshakeAllThreads (Deoptimize) done
Event: 0.620 Executing VM operation: HandshakeAllThreads (Deoptimize)
Event: 0.620 Executing VM operation: HandshakeAllThreads (Deoptimize) done
Event: 0.826 Executing VM operation: HandshakeAllThreads (Deoptimize)
Event: 0.826 Executing VM operation: HandshakeAllThreads (Deoptimize) done
Event: 0.968 Executing VM operation: G1CollectForAllocation (G1 Evacuation Pause)
Event: 0.975 Executing VM operation: G1CollectForAllocation (G1 Evacuation Pause) done

Events (20 events):
Event: 0.022 Thread 0x0000020a38d2abc0 Thread added: 0x0000020a38d2abc0
Event: 0.022 Thread 0x0000020a38d2bc30 Thread added: 0x0000020a38d2bc30
Event: 0.022 Thread 0x0000020a38d319f0 Thread added: 0x0000020a38d319f0
Event: 0.022 Thread 0x0000020a38d369e0 Thread added: 0x0000020a38d369e0
Event: 0.035 Thread 0x0000020a7e080260 Thread added: 0x0000020a7e080260
Event: 0.039 Thread 0x0000020a7e0f26b0 Thread added: 0x0000020a7e0f26b0
Event: 0.039 Thread 0x0000020a7e0f3170 Thread added: 0x0000020a7e0f3170
Event: 0.050 Thread 0x0000020a7e14af00 Thread added: 0x0000020a7e14af00
Event: 0.053 Thread 0x0000020a7e231fa0 Thread added: 0x0000020a7e231fa0
Event: 0.105 Thread 0x0000020a7e388f60 Thread added: 0x0000020a7e388f60
Event: 0.106 Thread 0x0000020a7e3783d0 Thread added: 0x0000020a7e3783d0
Event: 0.106 Thread 0x0000020a7e37e280 Thread added: 0x0000020a7e37e280
Event: 0.181 Thread 0x0000020a7e3fe830 Thread added: 0x0000020a7e3fe830
Event: 0.181 Thread 0x0000020a19736d50 Thread exited: 0x0000020a19736d50
Event: 0.181 Thread 0x0000020a19736d50 Thread added: 0x0000020a19736d50
Event: 0.355 Thread 0x0000020a7f53c370 Thread added: 0x0000020a7f53c370
Event: 0.528 Thread 0x0000020a00163040 Thread added: 0x0000020a00163040
Event: 0.823 Thread 0x0000020a7e14af00 Thread exited: 0x0000020a7e14af00
Event: 0.824 Thread 0x0000020a001ccfd0 Thread added: 0x0000020a001ccfd0
Event: 0.875 Thread 0x0000020a00193460 Thread added: 0x0000020a00193460


Dynamic libraries:
0x00007ff742ed0000 - 0x00007ff742ee0000 	C:\Program Files\Java\jdk-21\bin\java.exe
0x00007fff55cb0000 - 0x00007fff55ec7000 	C:\windows\SYSTEM32\ntdll.dll
0x00007fff53b10000 - 0x00007fff53bd4000 	C:\windows\System32\KERNEL32.DLL
0x00007fff53160000 - 0x00007fff53506000 	C:\windows\System32\KERNELBASE.dll
0x00007fff536a0000 - 0x00007fff537b1000 	C:\windows\System32\ucrtbase.dll
0x00007fff1cd20000 - 0x00007fff1cd3b000 	C:\Program Files\Java\jdk-21\bin\VCRUNTIME140.dll
0x00007fff379c0000 - 0x00007fff379d9000 	C:\Program Files\Java\jdk-21\bin\jli.dll
0x00007fff546f0000 - 0x00007fff547a3000 	C:\windows\System32\ADVAPI32.dll
0x00007fff55a40000 - 0x00007fff55ae7000 	C:\windows\System32\msvcrt.dll
0x00007fff55430000 - 0x00007fff554d8000 	C:\windows\System32\sechost.dll
0x00007fff53670000 - 0x00007fff53698000 	C:\windows\System32\bcrypt.dll
0x00007fff55310000 - 0x00007fff55427000 	C:\windows\System32\RPCRT4.dll
0x00007fff555e0000 - 0x00007fff5578e000 	C:\windows\System32\USER32.dll
0x00007fff537c0000 - 0x00007fff537e6000 	C:\windows\System32\win32u.dll
0x00007fff2ec50000 - 0x00007fff2eee3000 	C:\windows\WinSxS\amd64_microsoft.windows.common-controls_6595b64144ccf1df_6.0.22621.2506_none_270c5ae97388e100\COMCTL32.dll
0x00007fff53a00000 - 0x00007fff53a29000 	C:\windows\System32\GDI32.dll
0x00007fff53860000 - 0x00007fff53978000 	C:\windows\System32\gdi32full.dll
0x00007fff53510000 - 0x00007fff535aa000 	C:\windows\System32\msvcp_win.dll
0x00007fff446e0000 - 0x00007fff446ea000 	C:\windows\SYSTEM32\VERSION.dll
0x00007fff53a40000 - 0x00007fff53a71000 	C:\windows\System32\IMM32.DLL
0x00007fff2c5b0000 - 0x00007fff2c5bc000 	C:\Program Files\Java\jdk-21\bin\vcruntime140_1.dll
0x00007ffee1990000 - 0x00007ffee1a1e000 	C:\Program Files\Java\jdk-21\bin\msvcp140.dll
0x00007ffed63a0000 - 0x00007ffed70b5000 	C:\Program Files\Java\jdk-21\bin\server\jvm.dll
0x00007fff54510000 - 0x00007fff54581000 	C:\windows\System32\WS2_32.dll
0x00007fff528b0000 - 0x00007fff528fd000 	C:\windows\SYSTEM32\POWRPROF.dll
0x00007fff47580000 - 0x00007fff475b4000 	C:\windows\SYSTEM32\WINMM.dll
0x00007fff52890000 - 0x00007fff528a3000 	C:\windows\SYSTEM32\UMPDC.dll
0x00007fff52020000 - 0x00007fff52038000 	C:\windows\SYSTEM32\kernel.appcore.dll
0x00007fff2c580000 - 0x00007fff2c58a000 	C:\Program Files\Java\jdk-21\bin\jimage.dll
0x00007fff50930000 - 0x00007fff50b63000 	C:\windows\SYSTEM32\DBGHELP.DLL
0x00007fff548b0000 - 0x00007fff54c39000 	C:\windows\System32\combase.dll
0x00007fff547b0000 - 0x00007fff54887000 	C:\windows\System32\OLEAUT32.dll
0x00007fff24370000 - 0x00007fff243a2000 	C:\windows\SYSTEM32\dbgcore.DLL
0x00007fff53980000 - 0x00007fff539fa000 	C:\windows\System32\bcryptPrimitives.dll
0x00007fff1be90000 - 0x00007fff1beaf000 	C:\Program Files\Java\jdk-21\bin\java.dll
0x00007fff53be0000 - 0x00007fff5443a000 	C:\windows\System32\SHELL32.dll
0x00007fff50f40000 - 0x00007fff51836000 	C:\windows\SYSTEM32\windows.storage.dll
0x00007fff50e00000 - 0x00007fff50f3e000 	C:\windows\SYSTEM32\wintypes.dll
0x00007fff54590000 - 0x00007fff54683000 	C:\windows\System32\SHCORE.dll
0x00007fff55790000 - 0x00007fff557ee000 	C:\windows\System32\shlwapi.dll
0x00007fff52f20000 - 0x00007fff52f46000 	C:\windows\SYSTEM32\profapi.dll
0x00007ffed62c0000 - 0x00007ffed6397000 	C:\Program Files\Java\jdk-21\bin\jsvml.dll
0x00007fff29f80000 - 0x00007fff29f90000 	C:\Program Files\Java\jdk-21\bin\net.dll
0x00007fff49bf0000 - 0x00007fff49d27000 	C:\windows\SYSTEM32\WINHTTP.dll
0x00007fff524a0000 - 0x00007fff52509000 	C:\windows\system32\mswsock.dll
0x00007fff1a460000 - 0x00007fff1a476000 	C:\Program Files\Java\jdk-21\bin\nio.dll
0x00007fff18420000 - 0x00007fff18438000 	C:\Program Files\Java\jdk-21\bin\zip.dll
0x00007ffed6130000 - 0x00007ffed62bf000 	C:\Program Files\Java\jdk-21\bin\awt.dll
0x00007fff4fd90000 - 0x00007fff4fe27000 	C:\windows\SYSTEM32\apphelp.dll
0x00007fff4ff20000 - 0x00007fff4ffcb000 	C:\windows\system32\uxtheme.dll
0x00007fff55b10000 - 0x00007fff55c60000 	C:\windows\System32\MSCTF.dll
0x00007fff54c40000 - 0x00007fff54de0000 	C:\windows\System32\ole32.dll
0x00007fff501b0000 - 0x00007fff501db000 	C:\windows\system32\DWMAPI.DLL
0x00007fff34930000 - 0x00007fff349b7000 	C:\Program Files\Java\jdk-21\bin\freetype.dll
0x00007fff2c300000 - 0x00007fff2c3d3000 	C:\Program Files\Java\jdk-21\bin\fontmanager.dll
0x00007fff05820000 - 0x00007fff05920000 	C:\windows\system32\opengl32.dll
0x00007fff34de0000 - 0x00007fff34e0d000 	C:\windows\SYSTEM32\GLU32.dll
0x00007fff50040000 - 0x00007fff50076000 	C:\windows\SYSTEM32\dxcore.dll
0x00007fff54de0000 - 0x00007fff54e90000 	C:\windows\System32\clbcatq.dll
0x00007fff4e6b0000 - 0x00007fff4e860000 	C:\windows\SYSTEM32\WindowsCodecs.dll
0x00007fff1d000000 - 0x00007fff1d05e000 	C:\windows\system32\dataexchange.dll
0x00007fff470a0000 - 0x00007fff47325000 	C:\windows\system32\twinapi.appcore.dll
0x00007fff51ad0000 - 0x00007fff51bc9000 	C:\windows\SYSTEM32\DNSAPI.dll
0x00007fff51aa0000 - 0x00007fff51acd000 	C:\windows\SYSTEM32\IPHLPAPI.DLL
0x00007fff54890000 - 0x00007fff54899000 	C:\windows\System32\NSI.dll
0x0000000072580000 - 0x00000000725a6000 	C:\Program Files\Bonjour\mdnsNSP.dll
0x00007fff468b0000 - 0x00007fff468ba000 	C:\Windows\System32\rasadhlp.dll
0x00007fff47860000 - 0x00007fff478e3000 	C:\windows\System32\fwpuclnt.dll
0x00007fff1fbc0000 - 0x00007fff1fbc7000 	C:\Program Files\Java\jdk-21\bin\extnet.dll
0x00007fff377e0000 - 0x00007fff3792a000 	C:\windows\SYSTEM32\textinputframework.dll

dbghelp: loaded successfully - version: 4.0.5 - missing functions: none
symbol engine: initialized successfully - sym options: 0x614 - pdb path: .;C:\Program Files\Java\jdk-21\bin;C:\windows\SYSTEM32;C:\windows\WinSxS\amd64_microsoft.windows.common-controls_6595b64144ccf1df_6.0.22621.2506_none_270c5ae97388e100;C:\Program Files\Java\jdk-21\bin\server;C:\Program Files\Bonjour

VM Arguments:
jvm_args: -Dfile.encoding=UTF-8 --module-path=C:\Users\FPTSHOP\Documents\NetBeansProjects\CoffeeManager\build\classes 
java_command: View.StaffManager
java_class_path (initial): C:\Users\FPTSHOP\Downloads\MySqlJdbcDriver\mysql-connector-j-8.1.0.jar;C:\Users\FPTSHOP\Documents\NetBeansProjects\CoffeeManager\build\classes
Launcher Type: SUN_STANDARD

[Global flags]
     intx CICompilerCount                          = 12                                        {product} {ergonomic}
     uint ConcGCThreads                            = 3                                         {product} {ergonomic}
     uint G1ConcRefinementThreads                  = 13                                        {product} {ergonomic}
   size_t G1HeapRegionSize                         = 1048576                                   {product} {ergonomic}
    uintx GCDrainStackTargetSize                   = 64                                        {product} {ergonomic}
   size_t InitialHeapSize                          = 130023424                                 {product} {ergonomic}
   size_t MarkStackSize                            = 4194304                                   {product} {ergonomic}
   size_t MaxHeapSize                              = 2061500416                                {product} {ergonomic}
   size_t MaxNewSize                               = 1236271104                                {product} {ergonomic}
   size_t MinHeapDeltaBytes                        = 1048576                                   {product} {ergonomic}
   size_t MinHeapSize                              = 8388608                                   {product} {ergonomic}
    uintx NonNMethodCodeHeapSize                   = 7602480                                {pd product} {ergonomic}
    uintx NonProfiledCodeHeapSize                  = 122027880                              {pd product} {ergonomic}
    uintx ProfiledCodeHeapSize                     = 122027880                              {pd product} {ergonomic}
    uintx ReservedCodeCacheSize                    = 251658240                              {pd product} {ergonomic}
     bool SegmentedCodeCache                       = true                                      {product} {ergonomic}
   size_t SoftMaxHeapSize                          = 2061500416                             {manageable} {ergonomic}
     bool UseCompressedOops                        = true                           {product lp64_product} {ergonomic}
     bool UseG1GC                                  = true                                      {product} {ergonomic}
     bool UseLargePagesIndividualAllocation        = false                                  {pd product} {ergonomic}

Logging:
Log output configuration:
 #0: stdout all=warning uptime,level,tags foldmultilines=false
 #1: stderr all=off uptime,level,tags foldmultilines=false

Environment Variables:
PATH=C:\Program Files\Common Files\Oracle\Java\javapath;C:\windows\system32;C:\windows;C:\windows\System32\Wbem;C:\windows\System32\WindowsPowerShell\v1.0\;C:\windows\System32\OpenSSH\;C:\MinGW\bin;C:\php;C:\Program Files (x86)\Microsoft SQL Server\160\Tools\Binn\;C:\Program Files\Microsoft SQL Server\160\Tools\Binn\;C:\Program Files\Microsoft SQL Server\Client SDK\ODBC\170\Tools\Binn\;C:\Program Files\Microsoft SQL Server\160\DTS\Binn\;C:\Program Files (x86)\Microsoft SQL Server\160\DTS\Binn\;C:\Users\FPTSHOP\AppData\Local\Microsoft\WindowsApps;C:\Users\FPTSHOP\AppData\Local\Programs\Microsoft VS Code\bin;C:\Program Files\Azure Data Studio\bin;C:\xampp\php;
USERNAME=FPTSHOP
OS=Windows_NT
PROCESSOR_IDENTIFIER=Intel64 Family 6 Model 154 Stepping 3, GenuineIntel
TMP=C:\Users\FPTSHOP\AppData\Local\Temp
TEMP=C:\Users\FPTSHOP\AppData\Local\Temp




Periodic native trim disabled

---------------  S Y S T E M  ---------------

OS:
 Windows 11 , 64 bit Build 22621 (10.0.22621.2506)
OS uptime: 0 days 6:31 hours

CPU: total 16 (initial active 16) (8 cores per cpu, 2 threads per core) family 6 model 154 stepping 3 microcode 0x42c, cx8, cmov, fxsr, ht, mmx, 3dnowpref, sse, sse2, sse3, ssse3, sse4.1, sse4.2, popcnt, lzcnt, tsc, tscinvbit, avx, avx2, aes, erms, clmul, bmi1, bmi2, adx, sha, fma, vzeroupper, clflush, clflushopt, clwb, serialize, rdtscp, rdpid, fsrm, f16c, pku, cet_ibt, cet_ss
Processor Information for processor 0
  Max Mhz: 1700, Current Mhz: 1700, Mhz Limit: 1700
Processor Information for processor 1
  Max Mhz: 1700, Current Mhz: 1700, Mhz Limit: 1700
Processor Information for processor 2
  Max Mhz: 1700, Current Mhz: 1700, Mhz Limit: 1700
Processor Information for processor 3
  Max Mhz: 1700, Current Mhz: 1700, Mhz Limit: 1700
Processor Information for processor 4
  Max Mhz: 1700, Current Mhz: 1700, Mhz Limit: 1700
Processor Information for processor 5
  Max Mhz: 1700, Current Mhz: 1700, Mhz Limit: 1700
Processor Information for processor 6
  Max Mhz: 1700, Current Mhz: 1700, Mhz Limit: 1700
Processor Information for processor 7
  Max Mhz: 1700, Current Mhz: 1700, Mhz Limit: 1700
Processor Information for processor 8
  Max Mhz: 1700, Current Mhz: 1200, Mhz Limit: 1190
Processor Information for processor 9
  Max Mhz: 1700, Current Mhz: 1200, Mhz Limit: 1190
Processor Information for processor 10
  Max Mhz: 1700, Current Mhz: 1200, Mhz Limit: 1190
Processor Information for processor 11
  Max Mhz: 1700, Current Mhz: 1200, Mhz Limit: 1190
Processor Information for processor 12
  Max Mhz: 1700, Current Mhz: 1200, Mhz Limit: 1190
Processor Information for processor 13
  Max Mhz: 1700, Current Mhz: 1200, Mhz Limit: 1190
Processor Information for processor 14
  Max Mhz: 1700, Current Mhz: 1200, Mhz Limit: 1190
Processor Information for processor 15
  Max Mhz: 1700, Current Mhz: 1200, Mhz Limit: 1190

Memory: 4k page, system-wide physical 7860M (1278M free)
TotalPageFile size 32436M (AvailPageFile size 9M)
current process WorkingSet (physical memory assigned to process): 132M, peak: 134M
current process commit charge ("private bytes"): 261M, peak: 261M

vm_info: Java HotSpot(TM) 64-Bit Server VM (21.0.1+12-LTS-29) for windows-amd64 JRE (21.0.1+12-LTS-29), built on 2023-10-05T13:27:09Z by "mach5one" with MS VC++ 17.1 (VS2022)

END.
