#
# There is insufficient memory for the Java Runtime Environment to continue.
# Native memory allocation (mmap) failed to map 65536 bytes for Failed to commit metaspace.
# Possible reasons:
#   The system is out of physical RAM or swap space
#   The process is running with CompressedOops enabled, and the Java Heap may be blocking the growth of the native heap
# Possible solutions:
#   Reduce memory load on the system
#   Increase physical memory or swap space
#   Check if swap backing store is full
#   Decrease Java heap size (-Xmx/-Xms)
#   Decrease number of Java threads
#   Decrease Java thread stack sizes (-Xss)
#   Set larger code cache with -XX:ReservedCodeCacheSize=
#   JVM is running with Unscaled Compressed Oops mode in which the Java heap is
#     placed in the first 4GB address space. The Java Heap base address is the
#     maximum limit for the native heap growth. Please use -XX:HeapBaseMinAddress
#     to set the Java Heap base and to place the Java Heap above 4GB virtual address.
# This output file may be truncated or incomplete.
#
#  Out of Memory Error (virtualSpaceNode.cpp:112), pid=7064, tid=13832
#
# JRE version: Java(TM) SE Runtime Environment (21.0.1+12) (build 21.0.1+12-LTS-29)
# Java VM: Java HotSpot(TM) 64-Bit Server VM (21.0.1+12-LTS-29, mixed mode, sharing, tiered, compressed oops, compressed class ptrs, g1 gc, windows-amd64)
# No core dump will be written. Minidumps are not enabled by default on client versions of Windows
#

---------------  S U M M A R Y ------------

Command Line: -Dfile.encoding=UTF-8 --module-path=C:\Users\FPTSHOP\Documents\NetBeansProjects\CoffeeManager\build\classes View.StaffManager

Host: 12th Gen Intel(R) Core(TM) i5-1240P, 16 cores, 7G,  Windows 11 , 64 bit Build 22621 (10.0.22621.2506)
Time: Mon Jan 15 01:45:49 2024 SE Asia Standard Time elapsed time: 0.343136 seconds (0d 0h 0m 0s)

---------------  T H R E A D  ---------------

Current thread (0x0000023c19a03da0):  JavaThread "C1 CompilerThread1" daemon [_thread_in_vm, id=13832, stack(0x0000003ffbb00000,0x0000003ffbc00000) (1024K)]


Current CompileTask:
C1:    343 1022       3       sun.nio.ch.FileDispatcherImpl::seek (6 bytes)

Stack: [0x0000003ffbb00000,0x0000003ffbc00000]
Native frames: (J=compiled Java code, j=interpreted, Vv=VM code, C=native code)
V  [jvm.dll+0x6c9029]
V  [jvm.dll+0x854b81]
V  [jvm.dll+0x856e5e]
V  [jvm.dll+0x857543]
V  [jvm.dll+0x280c06]
V  [jvm.dll+0x8508ae]
V  [jvm.dll+0x66ca45]
V  [jvm.dll+0x66caaa]
V  [jvm.dll+0x66f2a6]
V  [jvm.dll+0x66f172]
V  [jvm.dll+0x66d41e]
V  [jvm.dll+0x67e69a]
V  [jvm.dll+0x677932]
V  [jvm.dll+0x1f4390]
V  [jvm.dll+0x1f4578]
V  [jvm.dll+0x153f0e]
V  [jvm.dll+0x154244]
V  [jvm.dll+0x153686]
V  [jvm.dll+0x1553ed]
V  [jvm.dll+0x2586b9]
V  [jvm.dll+0x256c9a]
V  [jvm.dll+0x3ef1b6]
V  [jvm.dll+0x7fd728]
V  [jvm.dll+0x6c777d]
C  [ucrtbase.dll+0x29363]
C  [KERNEL32.DLL+0x1257d]
C  [ntdll.dll+0x5aa58]


---------------  P R O C E S S  ---------------

Threads class SMR info:
_java_thread_list=0x0000023c5f901a40, length=18, elements={
0x0000023c19751b90, 0x0000023c197588d0, 0x0000023c1975a4a0, 0x0000023c1975af00,
0x0000023c1975b960, 0x0000023c1975c3c0, 0x0000023c19762cd0, 0x0000023c19764780,
0x0000023c199fe600, 0x0000023c19a03da0, 0x0000023c19a0d070, 0x0000023c19a5a790,
0x0000023c19b0c590, 0x0000023c19c6a610, 0x0000023c19c7b2b0, 0x0000023c19c80940,
0x0000023c19cc9d90, 0x0000023c7a167c70
}

Java Threads: ( => current thread )
  0x0000023c19751b90 JavaThread "Reference Handler"          daemon [_thread_blocked, id=9668, stack(0x0000003ffb200000,0x0000003ffb300000) (1024K)]
  0x0000023c197588d0 JavaThread "Finalizer"                  daemon [_thread_blocked, id=10092, stack(0x0000003ffb300000,0x0000003ffb400000) (1024K)]
  0x0000023c1975a4a0 JavaThread "Signal Dispatcher"          daemon [_thread_blocked, id=15864, stack(0x0000003ffb400000,0x0000003ffb500000) (1024K)]
  0x0000023c1975af00 JavaThread "Attach Listener"            daemon [_thread_blocked, id=8788, stack(0x0000003ffb500000,0x0000003ffb600000) (1024K)]
  0x0000023c1975b960 JavaThread "Service Thread"             daemon [_thread_blocked, id=15984, stack(0x0000003ffb600000,0x0000003ffb700000) (1024K)]
  0x0000023c1975c3c0 JavaThread "Monitor Deflation Thread"   daemon [_thread_blocked, id=2248, stack(0x0000003ffb700000,0x0000003ffb800000) (1024K)]
  0x0000023c19762cd0 JavaThread "C2 CompilerThread0"         daemon [_thread_blocked, id=13484, stack(0x0000003ffb800000,0x0000003ffb900000) (1024K)]
  0x0000023c19764780 JavaThread "C1 CompilerThread0"         daemon [_thread_in_vm, id=8212, stack(0x0000003ffb900000,0x0000003ffba00000) (1024K)]
  0x0000023c199fe600 JavaThread "Common-Cleaner"             daemon [_thread_blocked, id=9472, stack(0x0000003ffba00000,0x0000003ffbb00000) (1024K)]
=>0x0000023c19a03da0 JavaThread "C1 CompilerThread1"         daemon [_thread_in_vm, id=13832, stack(0x0000003ffbb00000,0x0000003ffbc00000) (1024K)]
  0x0000023c19a0d070 JavaThread "C1 CompilerThread2"         daemon [_thread_in_vm, id=10296, stack(0x0000003ffbc00000,0x0000003ffbd00000) (1024K)]
  0x0000023c19a5a790 JavaThread "C2 CompilerThread1"         daemon [_thread_blocked, id=1960, stack(0x0000003ffbd00000,0x0000003ffbe00000) (1024K)]
  0x0000023c19b0c590 JavaThread "Notification Thread"        daemon [_thread_blocked, id=8840, stack(0x0000003ffbe00000,0x0000003ffbf00000) (1024K)]
  0x0000023c19c6a610 JavaThread "Java2D Disposer"            daemon [_thread_blocked, id=7888, stack(0x0000003ffbf00000,0x0000003ffc000000) (1024K)]
  0x0000023c19c7b2b0 JavaThread "AWT-Shutdown"                      [_thread_blocked, id=16188, stack(0x0000003ffc000000,0x0000003ffc100000) (1024K)]
  0x0000023c19c80940 JavaThread "AWT-Windows"                daemon [_thread_in_native, id=7304, stack(0x0000003ffc100000,0x0000003ffc200000) (1024K)]
  0x0000023c19cc9d90 JavaThread "AWT-EventQueue-0"                  [_thread_in_vm, id=16172, stack(0x0000003ffc200000,0x0000003ffc300000) (1024K)]
  0x0000023c7a167c70 JavaThread "DestroyJavaVM"                     [_thread_blocked, id=6796, stack(0x0000003ffaa00000,0x0000003ffab00000) (1024K)]
Total: 18

Other Threads:
  0x0000023c1973df10 VMThread "VM Thread"                           [id=9372, stack(0x0000003ffb100000,0x0000003ffb200000) (1024K)]
  0x0000023c19725420 WatcherThread "VM Periodic Task Thread"        [id=5876, stack(0x0000003ffb000000,0x0000003ffb100000) (1024K)]
  0x0000023c7c339a20 WorkerThread "GC Thread#0"                     [id=2840, stack(0x0000003ffab00000,0x0000003ffac00000) (1024K)]
  0x0000023c7c349fc0 ConcurrentGCThread "G1 Main Marker"            [id=15444, stack(0x0000003ffac00000,0x0000003ffad00000) (1024K)]
  0x0000023c7c34b480 WorkerThread "G1 Conc#0"                       [id=13544, stack(0x0000003ffad00000,0x0000003ffae00000) (1024K)]
  0x0000023c195f9520 ConcurrentGCThread "G1 Refine#0"               [id=9704, stack(0x0000003ffae00000,0x0000003ffaf00000) (1024K)]
  0x0000023c195f9ea0 ConcurrentGCThread "G1 Service"                [id=1584, stack(0x0000003ffaf00000,0x0000003ffb000000) (1024K)]
Total: 7

Threads with active compile tasks:
C1 CompilerThread0      379 1021   !   3       sun.nio.ch.FileChannelImpl::position (280 bytes)
C1 CompilerThread1      379 1022       3       sun.nio.ch.FileDispatcherImpl::seek (6 bytes)
C1 CompilerThread2      379 1024   !   3       sun.nio.ch.FileChannelImpl::read (288 bytes)
Total: 3

VM state: not at safepoint (normal execution)

VM Mutex/Monitor currently owned by a thread:  ([mutex/lock_event])
[0x00007ffed6fd8578] Metaspace_lock - owner thread: 0x0000023c19a03da0

Heap address: 0x0000000085200000, size: 1966 MB, Compressed Oops mode: 32-bit

CDS archive(s) mapped at: [0x0000023c1a000000-0x0000023c1ac90000-0x0000023c1ac90000), size 13172736, SharedBaseAddress: 0x0000023c1a000000, ArchiveRelocationMode: 1.
Compressed class space mapped at: 0x0000023c1b000000-0x0000023c5b000000, reserved size: 1073741824
Narrow klass base: 0x0000023c1a000000, Narrow klass shift: 0, Narrow klass range: 0x100000000

GC Precious Log:
 CardTable entry size: 512
 Card Set container configuration: InlinePtr #cards 5 size 8 Array Of Cards #cards 12 size 40 Howl #buckets 4 coarsen threshold 1843 Howl Bitmap #cards 512 size 80 coarsen threshold 460 Card regions per heap region 1 cards per card region 2048
 CPUs: 16 total, 16 available
 Memory: 7860M
 Large Page Support: Disabled
 NUMA Support: Disabled
 Compressed Oops: Enabled (32-bit)
 Heap Region Size: 1M
 Heap Min Capacity: 8M
 Heap Initial Capacity: 124M
 Heap Max Capacity: 1966M
 Pre-touch: Disabled
 Parallel Workers: 13
 Concurrent Workers: 3
 Concurrent Refinement Workers: 13
 Periodic GC: Disabled

Heap:
 garbage-first heap   total 126976K, used 9216K [0x0000000085200000, 0x0000000100000000)
  region size 1024K, 10 young (10240K), 0 survivors (0K)
 Metaspace       used 10158K, committed 10368K, reserved 1114112K
  class space    used 1230K, committed 1344K, reserved 1048576K

Heap Regions: E=young(eden), S=young(survivor), O=old, HS=humongous(starts), HC=humongous(continues), CS=collection set, F=free, TAMS=top-at-mark-start, PB=parsable bottom
|   0|0x0000000085200000, 0x0000000085200000, 0x0000000085300000|  0%| F|  |TAMS 0x0000000085200000| PB 0x0000000085200000| Untracked 
|   1|0x0000000085300000, 0x0000000085300000, 0x0000000085400000|  0%| F|  |TAMS 0x0000000085300000| PB 0x0000000085300000| Untracked 
|   2|0x0000000085400000, 0x0000000085400000, 0x0000000085500000|  0%| F|  |TAMS 0x0000000085400000| PB 0x0000000085400000| Untracked 
|   3|0x0000000085500000, 0x0000000085500000, 0x0000000085600000|  0%| F|  |TAMS 0x0000000085500000| PB 0x0000000085500000| Untracked 
|   4|0x0000000085600000, 0x0000000085600000, 0x0000000085700000|  0%| F|  |TAMS 0x0000000085600000| PB 0x0000000085600000| Untracked 
|   5|0x0000000085700000, 0x0000000085700000, 0x0000000085800000|  0%| F|  |TAMS 0x0000000085700000| PB 0x0000000085700000| Untracked 
|   6|0x0000000085800000, 0x0000000085800000, 0x0000000085900000|  0%| F|  |TAMS 0x0000000085800000| PB 0x0000000085800000| Untracked 
|   7|0x0000000085900000, 0x0000000085900000, 0x0000000085a00000|  0%| F|  |TAMS 0x0000000085900000| PB 0x0000000085900000| Untracked 
|   8|0x0000000085a00000, 0x0000000085a00000, 0x0000000085b00000|  0%| F|  |TAMS 0x0000000085a00000| PB 0x0000000085a00000| Untracked 
|   9|0x0000000085b00000, 0x0000000085b00000, 0x0000000085c00000|  0%| F|  |TAMS 0x0000000085b00000| PB 0x0000000085b00000| Untracked 
|  10|0x0000000085c00000, 0x0000000085c00000, 0x0000000085d00000|  0%| F|  |TAMS 0x0000000085c00000| PB 0x0000000085c00000| Untracked 
|  11|0x0000000085d00000, 0x0000000085d00000, 0x0000000085e00000|  0%| F|  |TAMS 0x0000000085d00000| PB 0x0000000085d00000| Untracked 
|  12|0x0000000085e00000, 0x0000000085e00000, 0x0000000085f00000|  0%| F|  |TAMS 0x0000000085e00000| PB 0x0000000085e00000| Untracked 
|  13|0x0000000085f00000, 0x0000000085f00000, 0x0000000086000000|  0%| F|  |TAMS 0x0000000085f00000| PB 0x0000000085f00000| Untracked 
|  14|0x0000000086000000, 0x0000000086000000, 0x0000000086100000|  0%| F|  |TAMS 0x0000000086000000| PB 0x0000000086000000| Untracked 
|  15|0x0000000086100000, 0x0000000086100000, 0x0000000086200000|  0%| F|  |TAMS 0x0000000086100000| PB 0x0000000086100000| Untracked 
|  16|0x0000000086200000, 0x0000000086200000, 0x0000000086300000|  0%| F|  |TAMS 0x0000000086200000| PB 0x0000000086200000| Untracked 
|  17|0x0000000086300000, 0x0000000086300000, 0x0000000086400000|  0%| F|  |TAMS 0x0000000086300000| PB 0x0000000086300000| Untracked 
|  18|0x0000000086400000, 0x0000000086400000, 0x0000000086500000|  0%| F|  |TAMS 0x0000000086400000| PB 0x0000000086400000| Untracked 
|  19|0x0000000086500000, 0x0000000086500000, 0x0000000086600000|  0%| F|  |TAMS 0x0000000086500000| PB 0x0000000086500000| Untracked 
|  20|0x0000000086600000, 0x0000000086600000, 0x0000000086700000|  0%| F|  |TAMS 0x0000000086600000| PB 0x0000000086600000| Untracked 
|  21|0x0000000086700000, 0x0000000086700000, 0x0000000086800000|  0%| F|  |TAMS 0x0000000086700000| PB 0x0000000086700000| Untracked 
|  22|0x0000000086800000, 0x0000000086800000, 0x0000000086900000|  0%| F|  |TAMS 0x0000000086800000| PB 0x0000000086800000| Untracked 
|  23|0x0000000086900000, 0x0000000086900000, 0x0000000086a00000|  0%| F|  |TAMS 0x0000000086900000| PB 0x0000000086900000| Untracked 
|  24|0x0000000086a00000, 0x0000000086a00000, 0x0000000086b00000|  0%| F|  |TAMS 0x0000000086a00000| PB 0x0000000086a00000| Untracked 
|  25|0x0000000086b00000, 0x0000000086b00000, 0x0000000086c00000|  0%| F|  |TAMS 0x0000000086b00000| PB 0x0000000086b00000| Untracked 
|  26|0x0000000086c00000, 0x0000000086c00000, 0x0000000086d00000|  0%| F|  |TAMS 0x0000000086c00000| PB 0x0000000086c00000| Untracked 
|  27|0x0000000086d00000, 0x0000000086d00000, 0x0000000086e00000|  0%| F|  |TAMS 0x0000000086d00000| PB 0x0000000086d00000| Untracked 
|  28|0x0000000086e00000, 0x0000000086e00000, 0x0000000086f00000|  0%| F|  |TAMS 0x0000000086e00000| PB 0x0000000086e00000| Untracked 
|  29|0x0000000086f00000, 0x0000000086f00000, 0x0000000087000000|  0%| F|  |TAMS 0x0000000086f00000| PB 0x0000000086f00000| Untracked 
|  30|0x0000000087000000, 0x0000000087000000, 0x0000000087100000|  0%| F|  |TAMS 0x0000000087000000| PB 0x0000000087000000| Untracked 
|  31|0x0000000087100000, 0x0000000087100000, 0x0000000087200000|  0%| F|  |TAMS 0x0000000087100000| PB 0x0000000087100000| Untracked 
|  32|0x0000000087200000, 0x0000000087200000, 0x0000000087300000|  0%| F|  |TAMS 0x0000000087200000| PB 0x0000000087200000| Untracked 
|  33|0x0000000087300000, 0x0000000087300000, 0x0000000087400000|  0%| F|  |TAMS 0x0000000087300000| PB 0x0000000087300000| Untracked 
|  34|0x0000000087400000, 0x0000000087400000, 0x0000000087500000|  0%| F|  |TAMS 0x0000000087400000| PB 0x0000000087400000| Untracked 
|  35|0x0000000087500000, 0x0000000087500000, 0x0000000087600000|  0%| F|  |TAMS 0x0000000087500000| PB 0x0000000087500000| Untracked 
|  36|0x0000000087600000, 0x0000000087600000, 0x0000000087700000|  0%| F|  |TAMS 0x0000000087600000| PB 0x0000000087600000| Untracked 
|  37|0x0000000087700000, 0x0000000087700000, 0x0000000087800000|  0%| F|  |TAMS 0x0000000087700000| PB 0x0000000087700000| Untracked 
|  38|0x0000000087800000, 0x0000000087800000, 0x0000000087900000|  0%| F|  |TAMS 0x0000000087800000| PB 0x0000000087800000| Untracked 
|  39|0x0000000087900000, 0x0000000087900000, 0x0000000087a00000|  0%| F|  |TAMS 0x0000000087900000| PB 0x0000000087900000| Untracked 
|  40|0x0000000087a00000, 0x0000000087a00000, 0x0000000087b00000|  0%| F|  |TAMS 0x0000000087a00000| PB 0x0000000087a00000| Untracked 
|  41|0x0000000087b00000, 0x0000000087b00000, 0x0000000087c00000|  0%| F|  |TAMS 0x0000000087b00000| PB 0x0000000087b00000| Untracked 
|  42|0x0000000087c00000, 0x0000000087c00000, 0x0000000087d00000|  0%| F|  |TAMS 0x0000000087c00000| PB 0x0000000087c00000| Untracked 
|  43|0x0000000087d00000, 0x0000000087d00000, 0x0000000087e00000|  0%| F|  |TAMS 0x0000000087d00000| PB 0x0000000087d00000| Untracked 
|  44|0x0000000087e00000, 0x0000000087e00000, 0x0000000087f00000|  0%| F|  |TAMS 0x0000000087e00000| PB 0x0000000087e00000| Untracked 
|  45|0x0000000087f00000, 0x0000000087f00000, 0x0000000088000000|  0%| F|  |TAMS 0x0000000087f00000| PB 0x0000000087f00000| Untracked 
|  46|0x0000000088000000, 0x0000000088000000, 0x0000000088100000|  0%| F|  |TAMS 0x0000000088000000| PB 0x0000000088000000| Untracked 
|  47|0x0000000088100000, 0x0000000088100000, 0x0000000088200000|  0%| F|  |TAMS 0x0000000088100000| PB 0x0000000088100000| Untracked 
|  48|0x0000000088200000, 0x0000000088200000, 0x0000000088300000|  0%| F|  |TAMS 0x0000000088200000| PB 0x0000000088200000| Untracked 
|  49|0x0000000088300000, 0x0000000088300000, 0x0000000088400000|  0%| F|  |TAMS 0x0000000088300000| PB 0x0000000088300000| Untracked 
|  50|0x0000000088400000, 0x0000000088400000, 0x0000000088500000|  0%| F|  |TAMS 0x0000000088400000| PB 0x0000000088400000| Untracked 
|  51|0x0000000088500000, 0x0000000088500000, 0x0000000088600000|  0%| F|  |TAMS 0x0000000088500000| PB 0x0000000088500000| Untracked 
|  52|0x0000000088600000, 0x0000000088600000, 0x0000000088700000|  0%| F|  |TAMS 0x0000000088600000| PB 0x0000000088600000| Untracked 
|  53|0x0000000088700000, 0x0000000088700000, 0x0000000088800000|  0%| F|  |TAMS 0x0000000088700000| PB 0x0000000088700000| Untracked 
|  54|0x0000000088800000, 0x0000000088800000, 0x0000000088900000|  0%| F|  |TAMS 0x0000000088800000| PB 0x0000000088800000| Untracked 
|  55|0x0000000088900000, 0x0000000088900000, 0x0000000088a00000|  0%| F|  |TAMS 0x0000000088900000| PB 0x0000000088900000| Untracked 
|  56|0x0000000088a00000, 0x0000000088a00000, 0x0000000088b00000|  0%| F|  |TAMS 0x0000000088a00000| PB 0x0000000088a00000| Untracked 
|  57|0x0000000088b00000, 0x0000000088b00000, 0x0000000088c00000|  0%| F|  |TAMS 0x0000000088b00000| PB 0x0000000088b00000| Untracked 
|  58|0x0000000088c00000, 0x0000000088c00000, 0x0000000088d00000|  0%| F|  |TAMS 0x0000000088c00000| PB 0x0000000088c00000| Untracked 
|  59|0x0000000088d00000, 0x0000000088d00000, 0x0000000088e00000|  0%| F|  |TAMS 0x0000000088d00000| PB 0x0000000088d00000| Untracked 
|  60|0x0000000088e00000, 0x0000000088e00000, 0x0000000088f00000|  0%| F|  |TAMS 0x0000000088e00000| PB 0x0000000088e00000| Untracked 
|  61|0x0000000088f00000, 0x0000000088f00000, 0x0000000089000000|  0%| F|  |TAMS 0x0000000088f00000| PB 0x0000000088f00000| Untracked 
|  62|0x0000000089000000, 0x0000000089000000, 0x0000000089100000|  0%| F|  |TAMS 0x0000000089000000| PB 0x0000000089000000| Untracked 
|  63|0x0000000089100000, 0x0000000089100000, 0x0000000089200000|  0%| F|  |TAMS 0x0000000089100000| PB 0x0000000089100000| Untracked 
|  64|0x0000000089200000, 0x0000000089200000, 0x0000000089300000|  0%| F|  |TAMS 0x0000000089200000| PB 0x0000000089200000| Untracked 
|  65|0x0000000089300000, 0x0000000089300000, 0x0000000089400000|  0%| F|  |TAMS 0x0000000089300000| PB 0x0000000089300000| Untracked 
|  66|0x0000000089400000, 0x0000000089400000, 0x0000000089500000|  0%| F|  |TAMS 0x0000000089400000| PB 0x0000000089400000| Untracked 
|  67|0x0000000089500000, 0x0000000089500000, 0x0000000089600000|  0%| F|  |TAMS 0x0000000089500000| PB 0x0000000089500000| Untracked 
|  68|0x0000000089600000, 0x0000000089600000, 0x0000000089700000|  0%| F|  |TAMS 0x0000000089600000| PB 0x0000000089600000| Untracked 
|  69|0x0000000089700000, 0x0000000089700000, 0x0000000089800000|  0%| F|  |TAMS 0x0000000089700000| PB 0x0000000089700000| Untracked 
|  70|0x0000000089800000, 0x0000000089800000, 0x0000000089900000|  0%| F|  |TAMS 0x0000000089800000| PB 0x0000000089800000| Untracked 
|  71|0x0000000089900000, 0x0000000089900000, 0x0000000089a00000|  0%| F|  |TAMS 0x0000000089900000| PB 0x0000000089900000| Untracked 
|  72|0x0000000089a00000, 0x0000000089a00000, 0x0000000089b00000|  0%| F|  |TAMS 0x0000000089a00000| PB 0x0000000089a00000| Untracked 
|  73|0x0000000089b00000, 0x0000000089b00000, 0x0000000089c00000|  0%| F|  |TAMS 0x0000000089b00000| PB 0x0000000089b00000| Untracked 
|  74|0x0000000089c00000, 0x0000000089c00000, 0x0000000089d00000|  0%| F|  |TAMS 0x0000000089c00000| PB 0x0000000089c00000| Untracked 
|  75|0x0000000089d00000, 0x0000000089d00000, 0x0000000089e00000|  0%| F|  |TAMS 0x0000000089d00000| PB 0x0000000089d00000| Untracked 
|  76|0x0000000089e00000, 0x0000000089e00000, 0x0000000089f00000|  0%| F|  |TAMS 0x0000000089e00000| PB 0x0000000089e00000| Untracked 
|  77|0x0000000089f00000, 0x0000000089f00000, 0x000000008a000000|  0%| F|  |TAMS 0x0000000089f00000| PB 0x0000000089f00000| Untracked 
|  78|0x000000008a000000, 0x000000008a000000, 0x000000008a100000|  0%| F|  |TAMS 0x000000008a000000| PB 0x000000008a000000| Untracked 
|  79|0x000000008a100000, 0x000000008a100000, 0x000000008a200000|  0%| F|  |TAMS 0x000000008a100000| PB 0x000000008a100000| Untracked 
|  80|0x000000008a200000, 0x000000008a200000, 0x000000008a300000|  0%| F|  |TAMS 0x000000008a200000| PB 0x000000008a200000| Untracked 
|  81|0x000000008a300000, 0x000000008a300000, 0x000000008a400000|  0%| F|  |TAMS 0x000000008a300000| PB 0x000000008a300000| Untracked 
|  82|0x000000008a400000, 0x000000008a400000, 0x000000008a500000|  0%| F|  |TAMS 0x000000008a400000| PB 0x000000008a400000| Untracked 
|  83|0x000000008a500000, 0x000000008a500000, 0x000000008a600000|  0%| F|  |TAMS 0x000000008a500000| PB 0x000000008a500000| Untracked 
|  84|0x000000008a600000, 0x000000008a600000, 0x000000008a700000|  0%| F|  |TAMS 0x000000008a600000| PB 0x000000008a600000| Untracked 
|  85|0x000000008a700000, 0x000000008a700000, 0x000000008a800000|  0%| F|  |TAMS 0x000000008a700000| PB 0x000000008a700000| Untracked 
|  86|0x000000008a800000, 0x000000008a800000, 0x000000008a900000|  0%| F|  |TAMS 0x000000008a800000| PB 0x000000008a800000| Untracked 
|  87|0x000000008a900000, 0x000000008a900000, 0x000000008aa00000|  0%| F|  |TAMS 0x000000008a900000| PB 0x000000008a900000| Untracked 
|  88|0x000000008aa00000, 0x000000008aa00000, 0x000000008ab00000|  0%| F|  |TAMS 0x000000008aa00000| PB 0x000000008aa00000| Untracked 
|  89|0x000000008ab00000, 0x000000008ab00000, 0x000000008ac00000|  0%| F|  |TAMS 0x000000008ab00000| PB 0x000000008ab00000| Untracked 
|  90|0x000000008ac00000, 0x000000008ac00000, 0x000000008ad00000|  0%| F|  |TAMS 0x000000008ac00000| PB 0x000000008ac00000| Untracked 
|  91|0x000000008ad00000, 0x000000008ad00000, 0x000000008ae00000|  0%| F|  |TAMS 0x000000008ad00000| PB 0x000000008ad00000| Untracked 
|  92|0x000000008ae00000, 0x000000008ae00000, 0x000000008af00000|  0%| F|  |TAMS 0x000000008ae00000| PB 0x000000008ae00000| Untracked 
|  93|0x000000008af00000, 0x000000008af00000, 0x000000008b000000|  0%| F|  |TAMS 0x000000008af00000| PB 0x000000008af00000| Untracked 
|  94|0x000000008b000000, 0x000000008b000000, 0x000000008b100000|  0%| F|  |TAMS 0x000000008b000000| PB 0x000000008b000000| Untracked 
|  95|0x000000008b100000, 0x000000008b100000, 0x000000008b200000|  0%| F|  |TAMS 0x000000008b100000| PB 0x000000008b100000| Untracked 
|  96|0x000000008b200000, 0x000000008b200000, 0x000000008b300000|  0%| F|  |TAMS 0x000000008b200000| PB 0x000000008b200000| Untracked 
|  97|0x000000008b300000, 0x000000008b300000, 0x000000008b400000|  0%| F|  |TAMS 0x000000008b300000| PB 0x000000008b300000| Untracked 
|  98|0x000000008b400000, 0x000000008b400000, 0x000000008b500000|  0%| F|  |TAMS 0x000000008b400000| PB 0x000000008b400000| Untracked 
|  99|0x000000008b500000, 0x000000008b500000, 0x000000008b600000|  0%| F|  |TAMS 0x000000008b500000| PB 0x000000008b500000| Untracked 
| 100|0x000000008b600000, 0x000000008b600000, 0x000000008b700000|  0%| F|  |TAMS 0x000000008b600000| PB 0x000000008b600000| Untracked 
| 101|0x000000008b700000, 0x000000008b700000, 0x000000008b800000|  0%| F|  |TAMS 0x000000008b700000| PB 0x000000008b700000| Untracked 
| 102|0x000000008b800000, 0x000000008b800000, 0x000000008b900000|  0%| F|  |TAMS 0x000000008b800000| PB 0x000000008b800000| Untracked 
| 103|0x000000008b900000, 0x000000008b900000, 0x000000008ba00000|  0%| F|  |TAMS 0x000000008b900000| PB 0x000000008b900000| Untracked 
| 104|0x000000008ba00000, 0x000000008ba00000, 0x000000008bb00000|  0%| F|  |TAMS 0x000000008ba00000| PB 0x000000008ba00000| Untracked 
| 105|0x000000008bb00000, 0x000000008bb00000, 0x000000008bc00000|  0%| F|  |TAMS 0x000000008bb00000| PB 0x000000008bb00000| Untracked 
| 106|0x000000008bc00000, 0x000000008bc00000, 0x000000008bd00000|  0%| F|  |TAMS 0x000000008bc00000| PB 0x000000008bc00000| Untracked 
| 107|0x000000008bd00000, 0x000000008bd00000, 0x000000008be00000|  0%| F|  |TAMS 0x000000008bd00000| PB 0x000000008bd00000| Untracked 
| 108|0x000000008be00000, 0x000000008be00000, 0x000000008bf00000|  0%| F|  |TAMS 0x000000008be00000| PB 0x000000008be00000| Untracked 
| 109|0x000000008bf00000, 0x000000008bf00000, 0x000000008c000000|  0%| F|  |TAMS 0x000000008bf00000| PB 0x000000008bf00000| Untracked 
| 110|0x000000008c000000, 0x000000008c000000, 0x000000008c100000|  0%| F|  |TAMS 0x000000008c000000| PB 0x000000008c000000| Untracked 
| 111|0x000000008c100000, 0x000000008c100000, 0x000000008c200000|  0%| F|  |TAMS 0x000000008c100000| PB 0x000000008c100000| Untracked 
| 112|0x000000008c200000, 0x000000008c200000, 0x000000008c300000|  0%| F|  |TAMS 0x000000008c200000| PB 0x000000008c200000| Untracked 
| 113|0x000000008c300000, 0x000000008c300000, 0x000000008c400000|  0%| F|  |TAMS 0x000000008c300000| PB 0x000000008c300000| Untracked 
| 114|0x000000008c400000, 0x000000008c476460, 0x000000008c500000| 46%| E|  |TAMS 0x000000008c400000| PB 0x000000008c400000| Complete 
| 115|0x000000008c500000, 0x000000008c600000, 0x000000008c600000|100%| E|CS|TAMS 0x000000008c500000| PB 0x000000008c500000| Complete 
| 116|0x000000008c600000, 0x000000008c700000, 0x000000008c700000|100%| E|CS|TAMS 0x000000008c600000| PB 0x000000008c600000| Complete 
| 117|0x000000008c700000, 0x000000008c800000, 0x000000008c800000|100%| E|CS|TAMS 0x000000008c700000| PB 0x000000008c700000| Complete 
| 118|0x000000008c800000, 0x000000008c900000, 0x000000008c900000|100%| E|CS|TAMS 0x000000008c800000| PB 0x000000008c800000| Complete 
| 119|0x000000008c900000, 0x000000008ca00000, 0x000000008ca00000|100%| E|CS|TAMS 0x000000008c900000| PB 0x000000008c900000| Complete 
| 120|0x000000008ca00000, 0x000000008cb00000, 0x000000008cb00000|100%| E|CS|TAMS 0x000000008ca00000| PB 0x000000008ca00000| Complete 
| 121|0x000000008cb00000, 0x000000008cc00000, 0x000000008cc00000|100%| E|CS|TAMS 0x000000008cb00000| PB 0x000000008cb00000| Complete 
| 122|0x000000008cc00000, 0x000000008cd00000, 0x000000008cd00000|100%| E|CS|TAMS 0x000000008cc00000| PB 0x000000008cc00000| Complete 
| 123|0x000000008cd00000, 0x000000008ce00000, 0x000000008ce00000|100%| E|CS|TAMS 0x000000008cd00000| PB 0x000000008cd00000| Complete 

Card table byte_map: [0x0000023c7d020000,0x0000023c7d400000] _byte_map_base: 0x0000023c7cbf7000

Marking Bits: (CMBitMap*) 0x0000023c7c33a120
 Bits: [0x0000023c7d400000, 0x0000023c7f2b8000)

Polling page: 0x0000023c7bab0000

Metaspace:

Usage:
  Non-class:      8.72 MB used.
      Class:      1.20 MB used.
       Both:      9.92 MB used.

Virtual space:
  Non-class space:       64.00 MB reserved,       8.81 MB ( 14%) committed,  1 nodes.
      Class space:        1.00 GB reserved,       1.31 MB ( <1%) committed,  1 nodes.
             Both:        1.06 GB reserved,      10.12 MB ( <1%) committed. 

Chunk freelists:
   Non-Class:  6.98 MB
       Class:  14.74 MB
        Both:  21.71 MB

MaxMetaspaceSize: unlimited
CompressedClassSpaceSize: 1.00 GB
Initial GC threshold: 21.00 MB
Current GC threshold: 21.00 MB
CDS: on
 - commit_granule_bytes: 65536.
 - commit_granule_words: 8192.
 - virtual_space_node_default_size: 8388608.
 - enlarge_chunks_in_place: 1.
 - use_allocation_guard: 0.


Internal statistics:

num_allocs_failed_limit: 0.
num_arena_births: 156.
num_arena_deaths: 0.
num_vsnodes_births: 2.
num_vsnodes_deaths: 0.
num_space_committed: 162.
num_space_uncommitted: 0.
num_chunks_returned_to_freelist: 0.
num_chunks_taken_from_freelist: 210.
num_chunk_merges: 0.
num_chunk_splits: 120.
num_chunks_enlarged: 52.
num_inconsistent_stats: 0.

CodeHeap 'non-profiled nmethods': size=119168Kb used=288Kb max_used=288Kb free=118880Kb
 bounds [0x0000023c0ff30000, 0x0000023c101a0000, 0x0000023c17390000]
CodeHeap 'profiled nmethods': size=119104Kb used=1702Kb max_used=1702Kb free=117401Kb
 bounds [0x0000023c08390000, 0x0000023c08600000, 0x0000023c0f7e0000]
CodeHeap 'non-nmethods': size=7488Kb used=2654Kb max_used=2668Kb free=4833Kb
 bounds [0x0000023c0f7e0000, 0x0000023c0fa80000, 0x0000023c0ff30000]
 total_blobs=1623 nmethods=1021 adapters=505
 compilation: enabled
              stopped_count=0, restarted_count=0
 full_count=0

Compilation events (20 events):
Event: 0.321 Thread 0x0000023c19a0d070 nmethod 1009 0x0000023c08534290 code [0x0000023c085344a0, 0x0000023c085349d0]
Event: 0.322 Thread 0x0000023c19a0d070 1013       3       java.nio.MappedByteBuffer::position (8 bytes)
Event: 0.322 Thread 0x0000023c19a03da0 1014       1       java.nio.Buffer::capacity (5 bytes)
Event: 0.322 Thread 0x0000023c19a0d070 nmethod 1013 0x0000023c08534c10 code [0x0000023c08534dc0, 0x0000023c08534f78]
Event: 0.322 Thread 0x0000023c19a03da0 nmethod 1014 0x0000023c0ff77590 code [0x0000023c0ff77720, 0x0000023c0ff777e8]
Event: 0.323 Thread 0x0000023c19a0d070 1015       1       java.nio.DirectByteBuffer::isReadOnly (2 bytes)
Event: 0.323 Thread 0x0000023c19a0d070 nmethod 1015 0x0000023c0ff77890 code [0x0000023c0ff77a20, 0x0000023c0ff77ae8]
Event: 0.324 Thread 0x0000023c19a03da0 1016       3       java.nio.MappedByteBuffer::position (6 bytes)
Event: 0.324 Thread 0x0000023c19a03da0 nmethod 1016 0x0000023c08535090 code [0x0000023c08535240, 0x0000023c08535450]
Event: 0.325 Thread 0x0000023c19a03da0 1017       3       java.nio.Buffer::flip (20 bytes)
Event: 0.325 Thread 0x0000023c19a03da0 nmethod 1017 0x0000023c08535590 code [0x0000023c08535720, 0x0000023c08535840]
Event: 0.325 Thread 0x0000023c19764780 1018       3       java.nio.ByteBuffer::flip (7 bytes)
Event: 0.325 Thread 0x0000023c19764780 nmethod 1018 0x0000023c08535910 code [0x0000023c08535ac0, 0x0000023c08535c40]
Event: 0.325 Thread 0x0000023c19764780 1019       3       javax.swing.plaf.synth.Region::getUItoRegionMap (578 bytes)
Event: 0.325 Thread 0x0000023c19a03da0 1020       3       javax.swing.plaf.synth.Region::getRegion (16 bytes)
Event: 0.325 Thread 0x0000023c19a03da0 nmethod 1020 0x0000023c08535d10 code [0x0000023c08535ee0, 0x0000023c08536290]
Event: 0.326 Thread 0x0000023c19764780 nmethod 1019 0x0000023c08536410 code [0x0000023c08536980, 0x0000023c085392b0]
Event: 0.329 Thread 0x0000023c19764780 1021   !   3       sun.nio.ch.FileChannelImpl::position (280 bytes)
Event: 0.329 Thread 0x0000023c19a03da0 1022       3       sun.nio.ch.FileDispatcherImpl::seek (6 bytes)
Event: 0.329 Thread 0x0000023c19a0d070 1024   !   3       sun.nio.ch.FileChannelImpl::read (288 bytes)

GC Heap History (0 events):
No events

Dll operation events (9 events):
Event: 0.006 Loaded shared library C:\Program Files\Java\jdk-21\bin\java.dll
Event: 0.029 Loaded shared library C:\Program Files\Java\jdk-21\bin\jsvml.dll
Event: 0.047 Loaded shared library C:\Program Files\Java\jdk-21\bin\net.dll
Event: 0.048 Loaded shared library C:\Program Files\Java\jdk-21\bin\nio.dll
Event: 0.062 Loaded shared library C:\Program Files\Java\jdk-21\bin\zip.dll
Event: 0.071 Loaded shared library C:\Program Files\Java\jdk-21\bin\jimage.dll
Event: 0.081 Loaded shared library C:\Program Files\Java\jdk-21\bin\awt.dll
Event: 0.166 Loaded shared library C:\Program Files\Java\jdk-21\bin\freetype.dll
Event: 0.167 Loaded shared library C:\Program Files\Java\jdk-21\bin\fontmanager.dll

Deoptimization events (20 events):
Event: 0.225 Thread 0x0000023c19cc9d90 DEOPT PACKING pc=0x0000023c0ff5e1a8 sp=0x0000003ffc2fe3f0
Event: 0.225 Thread 0x0000023c19cc9d90 DEOPT UNPACKING pc=0x0000023c0f8346a2 sp=0x0000003ffc2fe358 mode 2
Event: 0.225 Thread 0x0000023c19cc9d90 Uncommon trap: trap_request=0xffffffde fr.pc=0x0000023c0ff5e184 relative=0x00000000000002a4
Event: 0.225 Thread 0x0000023c19cc9d90 Uncommon trap: reason=class_check action=maybe_recompile pc=0x0000023c0ff5e184 method=java.util.HashMap.getNode(Ljava/lang/Object;)Ljava/util/HashMap$Node; @ 63 c2
Event: 0.225 Thread 0x0000023c19cc9d90 DEOPT PACKING pc=0x0000023c0ff5e184 sp=0x0000003ffc2fe4d0
Event: 0.225 Thread 0x0000023c19cc9d90 DEOPT UNPACKING pc=0x0000023c0f8346a2 sp=0x0000003ffc2fe438 mode 2
Event: 0.244 Thread 0x0000023c19cc9d90 DEOPT PACKING pc=0x0000023c083b0899 sp=0x0000003ffc2fe360
Event: 0.244 Thread 0x0000023c19cc9d90 DEOPT UNPACKING pc=0x0000023c0f834e42 sp=0x0000003ffc2fd780 mode 0
Event: 0.264 Thread 0x0000023c19cc9d90 Uncommon trap: trap_request=0xffffff45 fr.pc=0x0000023c0ff691ac relative=0x0000000000000f0c
Event: 0.264 Thread 0x0000023c19cc9d90 Uncommon trap: reason=unstable_if action=reinterpret pc=0x0000023c0ff691ac method=java.util.HashMap.putVal(ILjava/lang/Object;Ljava/lang/Object;ZZ)Ljava/lang/Object; @ 109 c2
Event: 0.264 Thread 0x0000023c19cc9d90 DEOPT PACKING pc=0x0000023c0ff691ac sp=0x0000003ffc2fdb70
Event: 0.264 Thread 0x0000023c19cc9d90 DEOPT UNPACKING pc=0x0000023c0f8346a2 sp=0x0000003ffc2fda98 mode 2
Event: 0.274 Thread 0x0000023c19cc9d90 Uncommon trap: trap_request=0xffffff45 fr.pc=0x0000023c0ff40428 relative=0x0000000000000188
Event: 0.274 Thread 0x0000023c19cc9d90 Uncommon trap: reason=unstable_if action=reinterpret pc=0x0000023c0ff40428 method=java.lang.String.equals(Ljava/lang/Object;)Z @ 33 c2
Event: 0.274 Thread 0x0000023c19cc9d90 DEOPT PACKING pc=0x0000023c0ff40428 sp=0x0000003ffc2fea90
Event: 0.274 Thread 0x0000023c19cc9d90 DEOPT UNPACKING pc=0x0000023c0f8346a2 sp=0x0000003ffc2fea10 mode 2
Event: 0.274 Thread 0x0000023c19cc9d90 Uncommon trap: trap_request=0xffffff45 fr.pc=0x0000023c0ff42e60 relative=0x00000000000000c0
Event: 0.274 Thread 0x0000023c19cc9d90 Uncommon trap: reason=unstable_if action=reinterpret pc=0x0000023c0ff42e60 method=java.lang.String.isLatin1()Z @ 10 c2
Event: 0.274 Thread 0x0000023c19cc9d90 DEOPT PACKING pc=0x0000023c0ff42e60 sp=0x0000003ffc2fe6d0
Event: 0.274 Thread 0x0000023c19cc9d90 DEOPT UNPACKING pc=0x0000023c0f8346a2 sp=0x0000003ffc2fe610 mode 2

Classes loaded (20 events):
Event: 0.314 Loading class java/nio/ByteBufferAsCharBufferB
Event: 0.314 Loading class java/nio/ByteBufferAsCharBufferB done
Event: 0.315 Loading class jdk/internal/foreign/MemorySessionImpl
Event: 0.315 Loading class java/lang/foreign/MemorySegment$Scope
Event: 0.315 Loading class java/lang/foreign/MemorySegment$Scope done
Event: 0.315 Loading class jdk/internal/foreign/MemorySessionImpl done
Event: 0.315 Loading class sun/font/FontStrikeDisposer
Event: 0.315 Loading class sun/java2d/Disposer$PollDisposable
Event: 0.315 Loading class sun/java2d/Disposer$PollDisposable done
Event: 0.315 Loading class sun/font/FontStrikeDisposer done
Event: 0.315 Loading class sun/font/StrikeCache$SoftDisposerRef
Event: 0.315 Loading class sun/font/StrikeCache$DisposableStrike
Event: 0.315 Loading class sun/font/StrikeCache$DisposableStrike done
Event: 0.315 Loading class sun/font/StrikeCache$SoftDisposerRef done
Event: 0.316 Loading class sun/font/FontDesignMetrics$KeyReference
Event: 0.316 Loading class sun/font/FontDesignMetrics$KeyReference done
Event: 0.320 Loading class sun/font/CompositeStrike
Event: 0.320 Loading class sun/font/CompositeStrike done
Event: 0.322 Loading class sun/font/CompositeGlyphMapper
Event: 0.322 Loading class sun/font/CompositeGlyphMapper done

Classes unloaded (0 events):
No events

Classes redefined (0 events):
No events

Internal exceptions (20 events):
Event: 0.191 Thread 0x0000023c7a167c70 Exception <a 'java/lang/ClassNotFoundException'{0x000000008c736700}: ToolBar> (0x000000008c736700) 
thrown [s\open\src\hotspot\share\classfile\systemDictionary.cpp, line 312]
Event: 0.191 Thread 0x0000023c7a167c70 Exception <a 'java/lang/ClassNotFoundException'{0x000000008c736a70}: ToggleButton> (0x000000008c736a70) 
thrown [s\open\src\hotspot\share\classfile\systemDictionary.cpp, line 312]
Event: 0.191 Thread 0x0000023c7a167c70 Exception <a 'java/lang/ClassNotFoundException'{0x000000008c736eb0}: javax/swing/JToolBarSeparator> (0x000000008c736eb0) 
thrown [s\open\src\hotspot\share\classfile\systemDictionary.cpp, line 312]
Event: 0.191 Thread 0x0000023c7a167c70 Exception <a 'java/lang/ClassNotFoundException'{0x000000008c7371c0}: ToolBarSeparator> (0x000000008c7371c0) 
thrown [s\open\src\hotspot\share\classfile\systemDictionary.cpp, line 312]
Event: 0.191 Thread 0x0000023c7a167c70 Exception <a 'java/lang/ClassNotFoundException'{0x000000008c7376c8}: ToolTip> (0x000000008c7376c8) 
thrown [s\open\src\hotspot\share\classfile\systemDictionary.cpp, line 312]
Event: 0.192 Thread 0x0000023c7a167c70 Exception <a 'java/lang/ClassNotFoundException'{0x000000008c738008}: Tree> (0x000000008c738008) 
thrown [s\open\src\hotspot\share\classfile\systemDictionary.cpp, line 312]
Event: 0.192 Thread 0x0000023c7a167c70 Exception <a 'java/lang/ClassNotFoundException'{0x000000008c738500}: Tree> (0x000000008c738500) 
thrown [s\open\src\hotspot\share\classfile\systemDictionary.cpp, line 312]
Event: 0.192 Thread 0x0000023c7a167c70 Exception <a 'java/lang/ClassNotFoundException'{0x000000008c738870}: javax/swing/JTreeCell> (0x000000008c738870) 
thrown [s\open\src\hotspot\share\classfile\systemDictionary.cpp, line 312]
Event: 0.192 Thread 0x0000023c7a167c70 Exception <a 'java/lang/ClassNotFoundException'{0x000000008c738b78}: TreeCell> (0x000000008c738b78) 
thrown [s\open\src\hotspot\share\classfile\systemDictionary.cpp, line 312]
Event: 0.193 Thread 0x0000023c7a167c70 Exception <a 'java/lang/ClassNotFoundException'{0x000000008c739320}: RootPane> (0x000000008c739320) 
thrown [s\open\src\hotspot\share\classfile\systemDictionary.cpp, line 312]
Event: 0.194 Thread 0x0000023c7a167c70 Exception <a 'java/lang/ClassNotFoundException'{0x000000008c73c0b0}: com/sun/swing/internal/plaf/metal/resources/spi/metalProvider> (0x000000008c73c0b0) 
thrown [s\open\src\hotspot\share\classfile\systemDictionary.cpp, line 312]
Event: 0.195 Thread 0x0000023c7a167c70 Exception <a 'java/lang/ClassNotFoundException'{0x000000008c73fd30}: com/sun/swing/internal/plaf/basic/resources/spi/basicProvider> (0x000000008c73fd30) 
thrown [s\open\src\hotspot\share\classfile\systemDictionary.cpp, line 312]
Event: 0.214 Thread 0x0000023c19cc9d90 Exception <a 'java/lang/ClassNotFoundException'{0x000000008c600c38}: com/sun/swing/internal/plaf/synth/resources/spi/synthProvider> (0x000000008c600c38) 
thrown [s\open\src\hotspot\share\classfile\systemDictionary.cpp, line 312]
Event: 0.224 Thread 0x0000023c19cc9d90 Exception <a 'java/lang/NoSuchMethodError'{0x000000008c643ca8}: 'int java.lang.invoke.Invokers$Holder.invokeExact_MT(java.lang.Object, java.lang.Object)'> (0x000000008c643ca8) 
thrown [s\open\src\hotspot\share\interpreter\linkResolver.cpp, line 773]
Event: 0.230 Thread 0x0000023c19cc9d90 Exception <a 'java/lang/NoSuchMethodError'{0x000000008c653ce0}: 'java.lang.Object java.lang.invoke.DirectMethodHandle$Holder.newInvokeSpecial(java.lang.Object, java.lang.Object, int)'> (0x000000008c653ce0) 
thrown [s\open\src\hotspot\share\interpreter\linkResolver.cpp, line 773]
Event: 0.231 Thread 0x0000023c19cc9d90 Exception <a 'java/lang/NoSuchMethodError'{0x000000008c658b90}: 'int java.lang.invoke.DirectMethodHandle$Holder.invokeSpecial(java.lang.Object, java.lang.Object, java.lang.Object, int)'> (0x000000008c658b90) 
thrown [s\open\src\hotspot\share\interpreter\linkResolver.cpp, line 773]
Event: 0.231 Thread 0x0000023c19cc9d90 Exception <a 'java/lang/NoSuchMethodError'{0x000000008c66b1b0}: 'java.lang.Object java.lang.invoke.DirectMethodHandle$Holder.invokeStatic(java.lang.Object, java.lang.Object, java.lang.Object, java.lang.Object, int)'> (0x000000008c66b1b0) 
thrown [s\open\src\hotspot\share\interpreter\linkResolver.cpp, line 773]
Event: 0.232 Thread 0x0000023c19cc9d90 Exception <a 'java/lang/NoSuchMethodError'{0x000000008c6ec788}: 'int java.lang.invoke.DirectMethodHandle$Holder.invokeSpecial(java.lang.Object, java.lang.Object, java.lang.Object)'> (0x000000008c6ec788) 
thrown [s\open\src\hotspot\share\interpreter\linkResolver.cpp, line 773]
Event: 0.281 Thread 0x0000023c19c80940 Exception <a 'java/lang/NoSuchMethodError'{0x000000008c9fa348}: 'void java.lang.invoke.DirectMethodHandle$Holder.invokeVirtual(java.lang.Object, java.lang.Object)'> (0x000000008c9fa348) 
thrown [s\open\src\hotspot\share\interpreter\linkResolver.cpp, line 773]
Event: 0.291 Thread 0x0000023c19cc9d90 Exception <a 'java/lang/NoSuchMethodError'{0x000000008c5d0fc8}: 'void java.lang.invoke.DirectMethodHandle$Holder.invokeStaticInit(java.lang.Object)'> (0x000000008c5d0fc8) 
thrown [s\open\src\hotspot\share\interpreter\linkResolver.cpp, line 773]

ZGC Phase Switch (0 events):
No events

VM Operations (8 events):
Event: 0.051 Executing VM operation: HandshakeAllThreads (Deoptimize)
Event: 0.051 Executing VM operation: HandshakeAllThreads (Deoptimize) done
Event: 0.098 Executing VM operation: HandshakeAllThreads (Deoptimize)
Event: 0.098 Executing VM operation: HandshakeAllThreads (Deoptimize) done
Event: 0.239 Executing VM operation: HandshakeAllThreads (Deoptimize)
Event: 0.239 Executing VM operation: HandshakeAllThreads (Deoptimize) done
Event: 0.284 Executing VM operation: HandshakeAllThreads (Deoptimize)
Event: 0.284 Executing VM operation: HandshakeAllThreads (Deoptimize) done

Events (20 events):
Event: 0.018 Thread 0x0000023c7a167c70 Thread added: 0x0000023c7a167c70
Event: 0.027 Thread 0x0000023c19751b90 Thread added: 0x0000023c19751b90
Event: 0.027 Thread 0x0000023c197588d0 Thread added: 0x0000023c197588d0
Event: 0.027 Thread 0x0000023c1975a4a0 Thread added: 0x0000023c1975a4a0
Event: 0.027 Thread 0x0000023c1975af00 Thread added: 0x0000023c1975af00
Event: 0.027 Thread 0x0000023c1975b960 Thread added: 0x0000023c1975b960
Event: 0.027 Thread 0x0000023c1975c3c0 Thread added: 0x0000023c1975c3c0
Event: 0.028 Thread 0x0000023c19762cd0 Thread added: 0x0000023c19762cd0
Event: 0.028 Thread 0x0000023c19764780 Thread added: 0x0000023c19764780
Event: 0.040 Thread 0x0000023c199fe600 Thread added: 0x0000023c199fe600
Event: 0.045 Thread 0x0000023c19a03da0 Thread added: 0x0000023c19a03da0
Event: 0.053 Thread 0x0000023c19a0d070 Thread added: 0x0000023c19a0d070
Event: 0.055 Thread 0x0000023c19a5a790 Thread added: 0x0000023c19a5a790
Event: 0.058 Thread 0x0000023c19b0c590 Thread added: 0x0000023c19b0c590
Event: 0.114 Thread 0x0000023c19c6a610 Thread added: 0x0000023c19c6a610
Event: 0.115 Thread 0x0000023c19c7b2b0 Thread added: 0x0000023c19c7b2b0
Event: 0.116 Thread 0x0000023c19c80940 Thread added: 0x0000023c19c80940
Event: 0.207 Thread 0x0000023c19cc9d90 Thread added: 0x0000023c19cc9d90
Event: 0.207 Thread 0x0000023c7a167c70 Thread exited: 0x0000023c7a167c70
Event: 0.207 Thread 0x0000023c7a167c70 Thread added: 0x0000023c7a167c70


Dynamic libraries:
0x00007ff742ed0000 - 0x00007ff742ee0000 	C:\Program Files\Java\jdk-21\bin\java.exe
0x00007fff55cb0000 - 0x00007fff55ec7000 	C:\windows\SYSTEM32\ntdll.dll
0x00007fff53b10000 - 0x00007fff53bd4000 	C:\windows\System32\KERNEL32.DLL
0x00007fff53160000 - 0x00007fff53506000 	C:\windows\System32\KERNELBASE.dll
0x00007fff536a0000 - 0x00007fff537b1000 	C:\windows\System32\ucrtbase.dll
0x00007fff1cd20000 - 0x00007fff1cd3b000 	C:\Program Files\Java\jdk-21\bin\VCRUNTIME140.dll
0x00007fff379c0000 - 0x00007fff379d9000 	C:\Program Files\Java\jdk-21\bin\jli.dll
0x00007fff546f0000 - 0x00007fff547a3000 	C:\windows\System32\ADVAPI32.dll
0x00007fff55a40000 - 0x00007fff55ae7000 	C:\windows\System32\msvcrt.dll
0x00007fff55430000 - 0x00007fff554d8000 	C:\windows\System32\sechost.dll
0x00007fff53670000 - 0x00007fff53698000 	C:\windows\System32\bcrypt.dll
0x00007fff55310000 - 0x00007fff55427000 	C:\windows\System32\RPCRT4.dll
0x00007fff555e0000 - 0x00007fff5578e000 	C:\windows\System32\USER32.dll
0x00007fff537c0000 - 0x00007fff537e6000 	C:\windows\System32\win32u.dll
0x00007fff53a00000 - 0x00007fff53a29000 	C:\windows\System32\GDI32.dll
0x00007fff2ec50000 - 0x00007fff2eee3000 	C:\windows\WinSxS\amd64_microsoft.windows.common-controls_6595b64144ccf1df_6.0.22621.2506_none_270c5ae97388e100\COMCTL32.dll
0x00007fff53860000 - 0x00007fff53978000 	C:\windows\System32\gdi32full.dll
0x00007fff53510000 - 0x00007fff535aa000 	C:\windows\System32\msvcp_win.dll
0x00007fff446e0000 - 0x00007fff446ea000 	C:\windows\SYSTEM32\VERSION.dll
0x00007fff53a40000 - 0x00007fff53a71000 	C:\windows\System32\IMM32.DLL
0x00007fff2c5b0000 - 0x00007fff2c5bc000 	C:\Program Files\Java\jdk-21\bin\vcruntime140_1.dll
0x00007ffee1990000 - 0x00007ffee1a1e000 	C:\Program Files\Java\jdk-21\bin\msvcp140.dll
0x00007ffed63a0000 - 0x00007ffed70b5000 	C:\Program Files\Java\jdk-21\bin\server\jvm.dll
0x00007fff54510000 - 0x00007fff54581000 	C:\windows\System32\WS2_32.dll
0x00007fff47580000 - 0x00007fff475b4000 	C:\windows\SYSTEM32\WINMM.dll
0x00007fff528b0000 - 0x00007fff528fd000 	C:\windows\SYSTEM32\POWRPROF.dll
0x00007fff52890000 - 0x00007fff528a3000 	C:\windows\SYSTEM32\UMPDC.dll
0x00007fff52020000 - 0x00007fff52038000 	C:\windows\SYSTEM32\kernel.appcore.dll
0x00007fff2c580000 - 0x00007fff2c58a000 	C:\Program Files\Java\jdk-21\bin\jimage.dll
0x00007fff50930000 - 0x00007fff50b63000 	C:\windows\SYSTEM32\DBGHELP.DLL
0x00007fff548b0000 - 0x00007fff54c39000 	C:\windows\System32\combase.dll
0x00007fff547b0000 - 0x00007fff54887000 	C:\windows\System32\OLEAUT32.dll
0x00007fff24370000 - 0x00007fff243a2000 	C:\windows\SYSTEM32\dbgcore.DLL
0x00007fff53980000 - 0x00007fff539fa000 	C:\windows\System32\bcryptPrimitives.dll
0x00007fff1be90000 - 0x00007fff1beaf000 	C:\Program Files\Java\jdk-21\bin\java.dll
0x00007fff53be0000 - 0x00007fff5443a000 	C:\windows\System32\SHELL32.dll
0x00007fff50f40000 - 0x00007fff51836000 	C:\windows\SYSTEM32\windows.storage.dll
0x00007fff50e00000 - 0x00007fff50f3e000 	C:\windows\SYSTEM32\wintypes.dll
0x00007fff54590000 - 0x00007fff54683000 	C:\windows\System32\SHCORE.dll
0x00007fff55790000 - 0x00007fff557ee000 	C:\windows\System32\shlwapi.dll
0x00007fff52f20000 - 0x00007fff52f46000 	C:\windows\SYSTEM32\profapi.dll
0x00007ffed62c0000 - 0x00007ffed6397000 	C:\Program Files\Java\jdk-21\bin\jsvml.dll
0x00007fff29f80000 - 0x00007fff29f90000 	C:\Program Files\Java\jdk-21\bin\net.dll
0x00007fff49bf0000 - 0x00007fff49d27000 	C:\windows\SYSTEM32\WINHTTP.dll
0x00007fff524a0000 - 0x00007fff52509000 	C:\windows\system32\mswsock.dll
0x00007fff1a460000 - 0x00007fff1a476000 	C:\Program Files\Java\jdk-21\bin\nio.dll
0x00007fff18420000 - 0x00007fff18438000 	C:\Program Files\Java\jdk-21\bin\zip.dll
0x00007ffed6130000 - 0x00007ffed62bf000 	C:\Program Files\Java\jdk-21\bin\awt.dll
0x00007fff4fd90000 - 0x00007fff4fe27000 	C:\windows\SYSTEM32\apphelp.dll
0x00007fff4ff20000 - 0x00007fff4ffcb000 	C:\windows\system32\uxtheme.dll
0x00007fff55b10000 - 0x00007fff55c60000 	C:\windows\System32\MSCTF.dll
0x00007fff54c40000 - 0x00007fff54de0000 	C:\windows\System32\ole32.dll
0x00007fff501b0000 - 0x00007fff501db000 	C:\windows\system32\DWMAPI.DLL
0x00007fff34930000 - 0x00007fff349b7000 	C:\Program Files\Java\jdk-21\bin\freetype.dll
0x00007fff2c300000 - 0x00007fff2c3d3000 	C:\Program Files\Java\jdk-21\bin\fontmanager.dll
0x00007fff05820000 - 0x00007fff05920000 	C:\windows\system32\opengl32.dll
0x00007fff34de0000 - 0x00007fff34e0d000 	C:\windows\SYSTEM32\GLU32.dll
0x00007fff50040000 - 0x00007fff50076000 	C:\windows\SYSTEM32\dxcore.dll
0x00007fff54de0000 - 0x00007fff54e90000 	C:\windows\System32\clbcatq.dll
0x00007fff1d000000 - 0x00007fff1d05e000 	C:\windows\system32\dataexchange.dll

dbghelp: loaded successfully - version: 4.0.5 - missing functions: none
symbol engine: initialized successfully - sym options: 0x614 - pdb path: .;C:\Program Files\Java\jdk-21\bin;C:\windows\SYSTEM32;C:\windows\WinSxS\amd64_microsoft.windows.common-controls_6595b64144ccf1df_6.0.22621.2506_none_270c5ae97388e100;C:\Program Files\Java\jdk-21\bin\server

VM Arguments:
jvm_args: -Dfile.encoding=UTF-8 --module-path=C:\Users\FPTSHOP\Documents\NetBeansProjects\CoffeeManager\build\classes 
java_command: View.StaffManager
java_class_path (initial): C:\Users\FPTSHOP\Downloads\MySqlJdbcDriver\mysql-connector-j-8.1.0.jar;C:\Users\FPTSHOP\Documents\NetBeansProjects\CoffeeManager\build\classes
Launcher Type: SUN_STANDARD

[Global flags]
     intx CICompilerCount                          = 12                                        {product} {ergonomic}
     uint ConcGCThreads                            = 3                                         {product} {ergonomic}
     uint G1ConcRefinementThreads                  = 13                                        {product} {ergonomic}
   size_t G1HeapRegionSize                         = 1048576                                   {product} {ergonomic}
    uintx GCDrainStackTargetSize                   = 64                                        {product} {ergonomic}
   size_t InitialHeapSize                          = 130023424                                 {product} {ergonomic}
   size_t MarkStackSize                            = 4194304                                   {product} {ergonomic}
   size_t MaxHeapSize                              = 2061500416                                {product} {ergonomic}
   size_t MaxNewSize                               = 1236271104                                {product} {ergonomic}
   size_t MinHeapDeltaBytes                        = 1048576                                   {product} {ergonomic}
   size_t MinHeapSize                              = 8388608                                   {product} {ergonomic}
    uintx NonNMethodCodeHeapSize                   = 7602480                                {pd product} {ergonomic}
    uintx NonProfiledCodeHeapSize                  = 122027880                              {pd product} {ergonomic}
    uintx ProfiledCodeHeapSize                     = 122027880                              {pd product} {ergonomic}
    uintx ReservedCodeCacheSize                    = 251658240                              {pd product} {ergonomic}
     bool SegmentedCodeCache                       = true                                      {product} {ergonomic}
   size_t SoftMaxHeapSize                          = 2061500416                             {manageable} {ergonomic}
     bool UseCompressedOops                        = true                           {product lp64_product} {ergonomic}
     bool UseG1GC                                  = true                                      {product} {ergonomic}
     bool UseLargePagesIndividualAllocation        = false                                  {pd product} {ergonomic}

Logging:
Log output configuration:
 #0: stdout all=warning uptime,level,tags foldmultilines=false
 #1: stderr all=off uptime,level,tags foldmultilines=false

Environment Variables:
PATH=C:\Program Files\Common Files\Oracle\Java\javapath;C:\windows\system32;C:\windows;C:\windows\System32\Wbem;C:\windows\System32\WindowsPowerShell\v1.0\;C:\windows\System32\OpenSSH\;C:\MinGW\bin;C:\php;C:\Program Files (x86)\Microsoft SQL Server\160\Tools\Binn\;C:\Program Files\Microsoft SQL Server\160\Tools\Binn\;C:\Program Files\Microsoft SQL Server\Client SDK\ODBC\170\Tools\Binn\;C:\Program Files\Microsoft SQL Server\160\DTS\Binn\;C:\Program Files (x86)\Microsoft SQL Server\160\DTS\Binn\;C:\Users\FPTSHOP\AppData\Local\Microsoft\WindowsApps;C:\Users\FPTSHOP\AppData\Local\Programs\Microsoft VS Code\bin;C:\Program Files\Azure Data Studio\bin;C:\xampp\php;
USERNAME=FPTSHOP
OS=Windows_NT
PROCESSOR_IDENTIFIER=Intel64 Family 6 Model 154 Stepping 3, GenuineIntel
TMP=C:\Users\FPTSHOP\AppData\Local\Temp
TEMP=C:\Users\FPTSHOP\AppData\Local\Temp




Periodic native trim disabled

---------------  S Y S T E M  ---------------

OS:
 Windows 11 , 64 bit Build 22621 (10.0.22621.2506)
OS uptime: 0 days 6:31 hours

CPU: total 16 (initial active 16) (8 cores per cpu, 2 threads per core) family 6 model 154 stepping 3 microcode 0x42c, cx8, cmov, fxsr, ht, mmx, 3dnowpref, sse, sse2, sse3, ssse3, sse4.1, sse4.2, popcnt, lzcnt, tsc, tscinvbit, avx, avx2, aes, erms, clmul, bmi1, bmi2, adx, sha, fma, vzeroupper, clflush, clflushopt, clwb, serialize, rdtscp, rdpid, fsrm, f16c, pku, cet_ibt, cet_ss
Processor Information for processor 0
  Max Mhz: 1700, Current Mhz: 1700, Mhz Limit: 1700
Processor Information for processor 1
  Max Mhz: 1700, Current Mhz: 1700, Mhz Limit: 1700
Processor Information for processor 2
  Max Mhz: 1700, Current Mhz: 1700, Mhz Limit: 1700
Processor Information for processor 3
  Max Mhz: 1700, Current Mhz: 1700, Mhz Limit: 1700
Processor Information for processor 4
  Max Mhz: 1700, Current Mhz: 1700, Mhz Limit: 1700
Processor Information for processor 5
  Max Mhz: 1700, Current Mhz: 1457, Mhz Limit: 1700
Processor Information for processor 6
  Max Mhz: 1700, Current Mhz: 1700, Mhz Limit: 1700
Processor Information for processor 7
  Max Mhz: 1700, Current Mhz: 1700, Mhz Limit: 1700
Processor Information for processor 8
  Max Mhz: 1700, Current Mhz: 1200, Mhz Limit: 1190
Processor Information for processor 9
  Max Mhz: 1700, Current Mhz: 1200, Mhz Limit: 1190
Processor Information for processor 10
  Max Mhz: 1700, Current Mhz: 1200, Mhz Limit: 1190
Processor Information for processor 11
  Max Mhz: 1700, Current Mhz: 1200, Mhz Limit: 1190
Processor Information for processor 12
  Max Mhz: 1700, Current Mhz: 1200, Mhz Limit: 1190
Processor Information for processor 13
  Max Mhz: 1700, Current Mhz: 1200, Mhz Limit: 1190
Processor Information for processor 14
  Max Mhz: 1700, Current Mhz: 1200, Mhz Limit: 1190
Processor Information for processor 15
  Max Mhz: 1700, Current Mhz: 1200, Mhz Limit: 1190

Memory: 4k page, system-wide physical 7860M (1329M free)
TotalPageFile size 32436M (AvailPageFile size 2M)
current process WorkingSet (physical memory assigned to process): 69M, peak: 69M
current process commit charge ("private bytes"): 236M, peak: 236M

vm_info: Java HotSpot(TM) 64-Bit Server VM (21.0.1+12-LTS-29) for windows-amd64 JRE (21.0.1+12-LTS-29), built on 2023-10-05T13:27:09Z by "mach5one" with MS VC++ 17.1 (VS2022)

END.
