#
# There is insufficient memory for the Java Runtime Environment to continue.
# Native memory allocation (malloc) failed to allocate 1237936 bytes for Chunk::new
# Possible reasons:
#   The system is out of physical RAM or swap space
#   The process is running with CompressedOops enabled, and the Java Heap may be blocking the growth of the native heap
# Possible solutions:
#   Reduce memory load on the system
#   Increase physical memory or swap space
#   Check if swap backing store is full
#   Decrease Java heap size (-Xmx/-Xms)
#   Decrease number of Java threads
#   Decrease Java thread stack sizes (-Xss)
#   Set larger code cache with -XX:ReservedCodeCacheSize=
#   JVM is running with Unscaled Compressed Oops mode in which the Java heap is
#     placed in the first 4GB address space. The Java Heap base address is the
#     maximum limit for the native heap growth. Please use -XX:HeapBaseMinAddress
#     to set the Java Heap base and to place the Java Heap above 4GB virtual address.
# This output file may be truncated or incomplete.
#
#  Out of Memory Error (arena.cpp:168), pid=1996, tid=15352
#
# JRE version: Java(TM) SE Runtime Environment (21.0.1+12) (build 21.0.1+12-LTS-29)
# Java VM: Java HotSpot(TM) 64-Bit Server VM (21.0.1+12-LTS-29, mixed mode, sharing, tiered, compressed oops, compressed class ptrs, g1 gc, windows-amd64)
# No core dump will be written. Minidumps are not enabled by default on client versions of Windows
#

---------------  S U M M A R Y ------------

Command Line: -Dapplication.home=C:\Program Files\Java\jdk-21 --add-modules=ALL-DEFAULT -Xms8m -Djdk.module.main=jdk.compiler jdk.compiler/com.sun.tools.javac.Main -d C:\Users\FPTSHOP\Documents\NetBeansProjects\CoffeeManager\build\classes -classpath C:\Users\FPTSHOP\Documents\NetBeansProjects\CoffeeManager\build\classes;C:\Users\FPTSHOP\Downloads\MySqlJdbcDriver\mysql-connector-j-8.1.0.jar -sourcepath C:\Users\FPTSHOP\Documents\NetBeansProjects\CoffeeManager\build\empty -target 21 -encoding UTF-8 -g -processorpath C:\Users\FPTSHOP\Downloads\MySqlJdbcDriver\mysql-connector-j-8.1.0.jar;C:\Users\FPTSHOP\Documents\NetBeansProjects\CoffeeManager\build\empty -s C:\Users\FPTSHOP\Documents\NetBeansProjects\CoffeeManager\build\generated-sources\ap-source-output -source 21 C:\Users\FPTSHOP\Documents\NetBeansProjects\CoffeeManager\src\Controler\DAOCustomer.java C:\Users\FPTSHOP\Documents\NetBeansProjects\CoffeeManager\src\Controler\DAOOrder.java C:\Users\FPTSHOP\Documents\NetBeansProjects\CoffeeManager\src\Controler\DAOOrderedProduct.java C:\Users\FPTSHOP\Documents\NetBeansProjects\CoffeeManager\src\Controler\DAOProduct.java C:\Users\FPTSHOP\Documents\NetBeansProjects\CoffeeManager\src\Controler\DAOStaff.java C:\Users\FPTSHOP\Documents\NetBeansProjects\CoffeeManager\src\JDBC\JDBCUtil.java C:\Users\FPTSHOP\Documents\NetBeansProjects\CoffeeManager\src\Model\Customer.java C:\Users\FPTSHOP\Documents\NetBeansProjects\CoffeeManager\src\Model\Order.java C:\Users\FPTSHOP\Documents\NetBeansProjects\CoffeeManager\src\Model\OrderedProduct.java C:\Users\FPTSHOP\Documents\NetBeansProjects\CoffeeManager\src\Model\Product.java C:\Users\FPTSHOP\Documents\NetBeansProjects\CoffeeManager\src\Model\Staff.java C:\Users\FPTSHOP\Documents\NetBeansProjects\CoffeeManager\src\Run\RunProgram.java C:\Users\FPTSHOP\Documents\NetBeansProjects\CoffeeManager\src\View\CustomerDisplay.java C:\Users\FPTSHOP\Documents\NetBeansProjects\CoffeeManager\src\View\Home.java C:\Users\FPTSHOP\Documents\NetBeansProjects\CoffeeManager\src\View\Login.java C:\Users\FPTSHOP\Documents\NetBeansProjects\CoffeeManager\src\View\NewItemListener.java C:\Users\FPTSHOP\Documents\NetBeansProjects\CoffeeManager\src\View\OrderManager.java C:\Users\FPTSHOP\Documents\NetBeansProjects\CoffeeManager\src\View\ProductManager.java C:\Users\FPTSHOP\Documents\NetBeansProjects\CoffeeManager\src\View\RevenueStatistics.java C:\Users\FPTSHOP\Documents\NetBeansProjects\CoffeeManager\src\View\StaffManager.java

Host: 12th Gen Intel(R) Core(TM) i5-1240P, 16 cores, 7G,  Windows 11 , 64 bit Build 22621 (10.0.22621.2506)
Time: Tue Jan 23 03:10:39 2024 SE Asia Standard Time elapsed time: 1.073762 seconds (0d 0h 0m 1s)

---------------  T H R E A D  ---------------

Current thread (0x0000028506655fe0):  JavaThread "C2 CompilerThread1" daemon [_thread_in_native, id=15352, stack(0x000000d561900000,0x000000d561a00000) (1024K)]


Current CompileTask:
C2:   1073 3079       4       com.sun.tools.javac.comp.Resolve::findInheritedMemberType (186 bytes)

Stack: [0x000000d561900000,0x000000d561a00000]
Native frames: (J=compiled Java code, j=interpreted, Vv=VM code, C=native code)
V  [jvm.dll+0x6c9029]
V  [jvm.dll+0x854b81]
V  [jvm.dll+0x856e5e]
V  [jvm.dll+0x857543]
V  [jvm.dll+0x280c06]
V  [jvm.dll+0xc3ead]
V  [jvm.dll+0xc43c3]
V  [jvm.dll+0x2f3f3f]
V  [jvm.dll+0x5f40a6]
V  [jvm.dll+0x252bef]
V  [jvm.dll+0x24b431]
V  [jvm.dll+0x248fa3]
V  [jvm.dll+0x1c9ca1]
V  [jvm.dll+0x2586b9]
V  [jvm.dll+0x256c9a]
V  [jvm.dll+0x3ef1b6]
V  [jvm.dll+0x7fd728]
V  [jvm.dll+0x6c777d]
C  [ucrtbase.dll+0x29363]
C  [KERNEL32.DLL+0x1257d]
C  [ntdll.dll+0x5aa58]


---------------  P R O C E S S  ---------------

Threads class SMR info:
_java_thread_list=0x00000285066408b0, length=17, elements={
0x0000028566cb2510, 0x00000285062179b0, 0x000002850621a6e0, 0x000002850621c510,
0x000002850621d1d0, 0x000002850621e370, 0x000002850621ef00, 0x00000285062281e0,
0x000002850622dcc0, 0x00000285064730d0, 0x00000285064d57a0, 0x00000285064d6e60,
0x00000285064d7510, 0x000002850652a5a0, 0x0000028506655fe0, 0x0000028506bedcc0,
0x0000028506b82b00
}

Java Threads: ( => current thread )
  0x0000028566cb2510 JavaThread "main"                              [_thread_in_Java, id=5664, stack(0x000000d560400000,0x000000d560500000) (1024K)]
  0x00000285062179b0 JavaThread "Reference Handler"          daemon [_thread_blocked, id=10392, stack(0x000000d560c00000,0x000000d560d00000) (1024K)]
  0x000002850621a6e0 JavaThread "Finalizer"                  daemon [_thread_blocked, id=7616, stack(0x000000d560d00000,0x000000d560e00000) (1024K)]
  0x000002850621c510 JavaThread "Signal Dispatcher"          daemon [_thread_blocked, id=14592, stack(0x000000d560e00000,0x000000d560f00000) (1024K)]
  0x000002850621d1d0 JavaThread "Attach Listener"            daemon [_thread_blocked, id=1332, stack(0x000000d560f00000,0x000000d561000000) (1024K)]
  0x000002850621e370 JavaThread "Service Thread"             daemon [_thread_blocked, id=4436, stack(0x000000d561000000,0x000000d561100000) (1024K)]
  0x000002850621ef00 JavaThread "Monitor Deflation Thread"   daemon [_thread_blocked, id=11608, stack(0x000000d561100000,0x000000d561200000) (1024K)]
  0x00000285062281e0 JavaThread "C2 CompilerThread0"         daemon [_thread_in_native, id=16284, stack(0x000000d561200000,0x000000d561300000) (1024K)]
  0x000002850622dcc0 JavaThread "C1 CompilerThread0"         daemon [_thread_blocked, id=8228, stack(0x000000d561300000,0x000000d561400000) (1024K)]
  0x00000285064730d0 JavaThread "Common-Cleaner"             daemon [_thread_blocked, id=616, stack(0x000000d561400000,0x000000d561500000) (1024K)]
  0x00000285064d57a0 JavaThread "C1 CompilerThread1"         daemon [_thread_blocked, id=7900, stack(0x000000d561500000,0x000000d561600000) (1024K)]
  0x00000285064d6e60 JavaThread "C1 CompilerThread2"         daemon [_thread_blocked, id=5508, stack(0x000000d561600000,0x000000d561700000) (1024K)]
  0x00000285064d7510 JavaThread "C1 CompilerThread3"         daemon [_thread_blocked, id=15840, stack(0x000000d561700000,0x000000d561800000) (1024K)]
  0x000002850652a5a0 JavaThread "Notification Thread"        daemon [_thread_blocked, id=6440, stack(0x000000d561800000,0x000000d561900000) (1024K)]
=>0x0000028506655fe0 JavaThread "C2 CompilerThread1"         daemon [_thread_in_native, id=15352, stack(0x000000d561900000,0x000000d561a00000) (1024K)]
  0x0000028506bedcc0 JavaThread "C2 CompilerThread2"         daemon [_thread_in_native, id=17092, stack(0x000000d561f00000,0x000000d562000000) (1024K)]
  0x0000028506b82b00 JavaThread "C2 CompilerThread3"         daemon [_thread_in_native, id=15876, stack(0x000000d562000000,0x000000d562100000) (1024K)]
Total: 17

Other Threads:
  0x0000028506201330 VMThread "VM Thread"                           [id=17044, stack(0x000000d560b00000,0x000000d560c00000) (1024K)]
  0x0000028566fc94b0 WatcherThread "VM Periodic Task Thread"        [id=4840, stack(0x000000d560a00000,0x000000d560b00000) (1024K)]
  0x0000028566f601c0 WorkerThread "GC Thread#0"                     [id=11480, stack(0x000000d560500000,0x000000d560600000) (1024K)]
  0x0000028506750650 WorkerThread "GC Thread#1"                     [id=7140, stack(0x000000d561a00000,0x000000d561b00000) (1024K)]
  0x00000285067a75b0 WorkerThread "GC Thread#2"                     [id=14816, stack(0x000000d561b00000,0x000000d561c00000) (1024K)]
  0x00000285067a7950 WorkerThread "GC Thread#3"                     [id=6420, stack(0x000000d561c00000,0x000000d561d00000) (1024K)]
  0x0000028506907900 WorkerThread "GC Thread#4"                     [id=5096, stack(0x000000d561d00000,0x000000d561e00000) (1024K)]
  0x0000028506a88c60 WorkerThread "GC Thread#5"                     [id=12208, stack(0x000000d561e00000,0x000000d561f00000) (1024K)]
  0x0000028506bdfad0 WorkerThread "GC Thread#6"                     [id=12912, stack(0x000000d562100000,0x000000d562200000) (1024K)]
  0x000002854cef1970 WorkerThread "GC Thread#7"                     [id=7608, stack(0x000000d562400000,0x000000d562500000) (1024K)]
  0x000002854cef1230 WorkerThread "GC Thread#8"                     [id=10744, stack(0x000000d562500000,0x000000d562600000) (1024K)]
  0x000002854cef1d10 WorkerThread "GC Thread#9"                     [id=9448, stack(0x000000d562600000,0x000000d562700000) (1024K)]
  0x0000028566f711a0 ConcurrentGCThread "G1 Main Marker"            [id=4908, stack(0x000000d560600000,0x000000d560700000) (1024K)]
  0x0000028566f71ca0 WorkerThread "G1 Conc#0"                       [id=17236, stack(0x000000d560700000,0x000000d560800000) (1024K)]
  0x000002854c993f50 WorkerThread "G1 Conc#1"                       [id=11412, stack(0x000000d562200000,0x000000d562300000) (1024K)]
  0x000002854c4c7df0 WorkerThread "G1 Conc#2"                       [id=8784, stack(0x000000d562300000,0x000000d562400000) (1024K)]
  0x0000028566fb6640 ConcurrentGCThread "G1 Refine#0"               [id=16564, stack(0x000000d560800000,0x000000d560900000) (1024K)]
  0x0000028566fb71b0 ConcurrentGCThread "G1 Service"                [id=13584, stack(0x000000d560900000,0x000000d560a00000) (1024K)]
Total: 18

Threads with active compile tasks:
C2 CompilerThread0     1093 3477       4       java.util.HashMap::removeNode (291 bytes)
C2 CompilerThread1     1093 3079       4       com.sun.tools.javac.comp.Resolve::findInheritedMemberType (186 bytes)
C2 CompilerThread2     1093 3471       4       com.sun.tools.javac.code.Types::rank (269 bytes)
C2 CompilerThread3     1093 3331       4       com.sun.tools.javac.comp.Resolve::findField (316 bytes)
Total: 4

VM state: not at safepoint (normal execution)

VM Mutex/Monitor currently owned by a thread: None

Heap address: 0x0000000085200000, size: 1966 MB, Compressed Oops mode: 32-bit

CDS archive(s) mapped at: [0x0000028507000000-0x0000028507c90000-0x0000028507c90000), size 13172736, SharedBaseAddress: 0x0000028507000000, ArchiveRelocationMode: 1.
Compressed class space mapped at: 0x0000028508000000-0x0000028548000000, reserved size: 1073741824
Narrow klass base: 0x0000028507000000, Narrow klass shift: 0, Narrow klass range: 0x100000000

GC Precious Log:
 CardTable entry size: 512
 Card Set container configuration: InlinePtr #cards 5 size 8 Array Of Cards #cards 12 size 40 Howl #buckets 4 coarsen threshold 1843 Howl Bitmap #cards 512 size 80 coarsen threshold 460 Card regions per heap region 1 cards per card region 2048
 CPUs: 16 total, 16 available
 Memory: 7860M
 Large Page Support: Disabled
 NUMA Support: Disabled
 Compressed Oops: Enabled (32-bit)
 Heap Region Size: 1M
 Heap Min Capacity: 8M
 Heap Initial Capacity: 8M
 Heap Max Capacity: 1966M
 Pre-touch: Disabled
 Parallel Workers: 13
 Concurrent Workers: 3
 Concurrent Refinement Workers: 13
 Periodic GC: Disabled

Heap:
 garbage-first heap   total 36864K, used 17484K [0x0000000085200000, 0x0000000100000000)
  region size 1024K, 6 young (6144K), 1 survivors (1024K)
 Metaspace       used 12094K, committed 12352K, reserved 1114112K
  class space    used 1268K, committed 1408K, reserved 1048576K

Heap Regions: E=young(eden), S=young(survivor), O=old, HS=humongous(starts), HC=humongous(continues), CS=collection set, F=free, TAMS=top-at-mark-start, PB=parsable bottom
|   0|0x0000000085200000, 0x0000000085300000, 0x0000000085300000|100%| O|  |TAMS 0x0000000085200000| PB 0x0000000085200000| Untracked 
|   1|0x0000000085300000, 0x0000000085400000, 0x0000000085400000|100%| O|  |TAMS 0x0000000085300000| PB 0x0000000085300000| Untracked 
|   2|0x0000000085400000, 0x0000000085500000, 0x0000000085500000|100%| O|  |TAMS 0x0000000085400000| PB 0x0000000085400000| Untracked 
|   3|0x0000000085500000, 0x0000000085600000, 0x0000000085600000|100%| O|  |TAMS 0x0000000085500000| PB 0x0000000085500000| Untracked 
|   4|0x0000000085600000, 0x0000000085700000, 0x0000000085700000|100%| O|  |TAMS 0x0000000085600000| PB 0x0000000085600000| Untracked 
|   5|0x0000000085700000, 0x0000000085800000, 0x0000000085800000|100%| O|  |TAMS 0x0000000085700000| PB 0x0000000085700000| Untracked 
|   6|0x0000000085800000, 0x0000000085900000, 0x0000000085900000|100%| O|  |TAMS 0x0000000085800000| PB 0x0000000085800000| Untracked 
|   7|0x0000000085900000, 0x0000000085a00000, 0x0000000085a00000|100%| O|  |TAMS 0x0000000085900000| PB 0x0000000085900000| Untracked 
|   8|0x0000000085a00000, 0x0000000085b00000, 0x0000000085b00000|100%|HS|  |TAMS 0x0000000085a00000| PB 0x0000000085a00000| Complete 
|   9|0x0000000085b00000, 0x0000000085c00000, 0x0000000085c00000|100%| O|  |TAMS 0x0000000085b00000| PB 0x0000000085b00000| Untracked 
|  10|0x0000000085c00000, 0x0000000085d00000, 0x0000000085d00000|100%| O|  |TAMS 0x0000000085c00000| PB 0x0000000085c00000| Untracked 
|  11|0x0000000085d00000, 0x0000000085e00000, 0x0000000085e00000|100%| O|  |TAMS 0x0000000085d00000| PB 0x0000000085d00000| Untracked 
|  12|0x0000000085e00000, 0x0000000085e30578, 0x0000000085f00000| 18%| O|  |TAMS 0x0000000085e00000| PB 0x0000000085e00000| Untracked 
|  13|0x0000000085f00000, 0x0000000085f00000, 0x0000000086000000|  0%| F|  |TAMS 0x0000000085f00000| PB 0x0000000085f00000| Untracked 
|  14|0x0000000086000000, 0x0000000086000000, 0x0000000086100000|  0%| F|  |TAMS 0x0000000086000000| PB 0x0000000086000000| Untracked 
|  15|0x0000000086100000, 0x0000000086100000, 0x0000000086200000|  0%| F|  |TAMS 0x0000000086100000| PB 0x0000000086100000| Untracked 
|  16|0x0000000086200000, 0x0000000086200000, 0x0000000086300000|  0%| F|  |TAMS 0x0000000086200000| PB 0x0000000086200000| Untracked 
|  17|0x0000000086300000, 0x00000000863e2ca0, 0x0000000086400000| 88%| S|CS|TAMS 0x0000000086300000| PB 0x0000000086300000| Complete 
|  18|0x0000000086400000, 0x0000000086400000, 0x0000000086500000|  0%| F|  |TAMS 0x0000000086400000| PB 0x0000000086400000| Untracked 
|  19|0x0000000086500000, 0x0000000086500000, 0x0000000086600000|  0%| F|  |TAMS 0x0000000086500000| PB 0x0000000086500000| Untracked 
|  20|0x0000000086600000, 0x0000000086600000, 0x0000000086700000|  0%| F|  |TAMS 0x0000000086600000| PB 0x0000000086600000| Untracked 
|  21|0x0000000086700000, 0x0000000086700000, 0x0000000086800000|  0%| F|  |TAMS 0x0000000086700000| PB 0x0000000086700000| Untracked 
|  22|0x0000000086800000, 0x0000000086800000, 0x0000000086900000|  0%| F|  |TAMS 0x0000000086800000| PB 0x0000000086800000| Untracked 
|  23|0x0000000086900000, 0x0000000086900000, 0x0000000086a00000|  0%| F|  |TAMS 0x0000000086900000| PB 0x0000000086900000| Untracked 
|  24|0x0000000086a00000, 0x0000000086a00000, 0x0000000086b00000|  0%| F|  |TAMS 0x0000000086a00000| PB 0x0000000086a00000| Untracked 
|  25|0x0000000086b00000, 0x0000000086b00000, 0x0000000086c00000|  0%| F|  |TAMS 0x0000000086b00000| PB 0x0000000086b00000| Untracked 
|  26|0x0000000086c00000, 0x0000000086c00000, 0x0000000086d00000|  0%| F|  |TAMS 0x0000000086c00000| PB 0x0000000086c00000| Untracked 
|  27|0x0000000086d00000, 0x0000000086d00000, 0x0000000086e00000|  0%| F|  |TAMS 0x0000000086d00000| PB 0x0000000086d00000| Untracked 
|  28|0x0000000086e00000, 0x0000000086e00000, 0x0000000086f00000|  0%| F|  |TAMS 0x0000000086e00000| PB 0x0000000086e00000| Untracked 
|  29|0x0000000086f00000, 0x0000000086f00000, 0x0000000087000000|  0%| F|  |TAMS 0x0000000086f00000| PB 0x0000000086f00000| Untracked 
|  30|0x0000000087000000, 0x0000000087000000, 0x0000000087100000|  0%| F|  |TAMS 0x0000000087000000| PB 0x0000000087000000| Untracked 
|  31|0x0000000087100000, 0x0000000087199370, 0x0000000087200000| 59%| E|  |TAMS 0x0000000087100000| PB 0x0000000087100000| Complete 
|  32|0x0000000087200000, 0x0000000087300000, 0x0000000087300000|100%| E|CS|TAMS 0x0000000087200000| PB 0x0000000087200000| Complete 
|  33|0x0000000087300000, 0x0000000087400000, 0x0000000087400000|100%| E|CS|TAMS 0x0000000087300000| PB 0x0000000087300000| Complete 
|  34|0x0000000087400000, 0x0000000087500000, 0x0000000087500000|100%| E|CS|TAMS 0x0000000087400000| PB 0x0000000087400000| Complete 
|  35|0x0000000087500000, 0x0000000087600000, 0x0000000087600000|100%| E|CS|TAMS 0x0000000087500000| PB 0x0000000087500000| Complete 

Card table byte_map: [0x0000028500fa0000,0x0000028501380000] _byte_map_base: 0x0000028500b77000

Marking Bits: (CMBitMap*) 0x0000028566f610d0
 Bits: [0x0000028501380000, 0x0000028503238000)

Polling page: 0x0000028566fd0000

Metaspace:

Usage:
  Non-class:     10.57 MB used.
      Class:      1.24 MB used.
       Both:     11.81 MB used.

Virtual space:
  Non-class space:       64.00 MB reserved,      10.69 MB ( 17%) committed,  1 nodes.
      Class space:        1.00 GB reserved,       1.38 MB ( <1%) committed,  1 nodes.
             Both:        1.06 GB reserved,      12.06 MB (  1%) committed. 

Chunk freelists:
   Non-Class:  3.64 MB
       Class:  14.66 MB
        Both:  18.30 MB

MaxMetaspaceSize: unlimited
CompressedClassSpaceSize: 1.00 GB
Initial GC threshold: 21.00 MB
Current GC threshold: 21.00 MB
CDS: on
 - commit_granule_bytes: 65536.
 - commit_granule_words: 8192.
 - virtual_space_node_default_size: 8388608.
 - enlarge_chunks_in_place: 1.
 - use_allocation_guard: 0.


Internal statistics:

num_allocs_failed_limit: 0.
num_arena_births: 154.
num_arena_deaths: 0.
num_vsnodes_births: 2.
num_vsnodes_deaths: 0.
num_space_committed: 193.
num_space_uncommitted: 0.
num_chunks_returned_to_freelist: 0.
num_chunks_taken_from_freelist: 568.
num_chunk_merges: 0.
num_chunk_splits: 394.
num_chunks_enlarged: 306.
num_inconsistent_stats: 0.

CodeHeap 'non-profiled nmethods': size=119168Kb used=1263Kb max_used=1263Kb free=117904Kb
 bounds [0x0000028578720000, 0x0000028578990000, 0x000002857fb80000]
CodeHeap 'profiled nmethods': size=119104Kb used=8289Kb max_used=8289Kb free=110814Kb
 bounds [0x0000028570b80000, 0x00000285713a0000, 0x0000028577fd0000]
CodeHeap 'non-nmethods': size=7488Kb used=3065Kb max_used=3111Kb free=4422Kb
 bounds [0x0000028577fd0000, 0x00000285782f0000, 0x0000028578720000]
 total_blobs=3916 nmethods=3437 adapters=379
 compilation: enabled
              stopped_count=0, restarted_count=0
 full_count=0

Compilation events (20 events):
Event: 1.059 Thread 0x00000285064d6e60 nmethod 3418 0x0000028571377510 code [0x00000285713776c0, 0x00000285713778a8]
Event: 1.059 Thread 0x000002850622dcc0 nmethod 3417 0x0000028571377990 code [0x0000028571377b60, 0x0000028571377eb0]
Event: 1.059 Thread 0x00000285064d57a0 nmethod 3419 0x0000028571378010 code [0x00000285713781e0, 0x0000028571378468]
Event: 1.059 Thread 0x00000285064d7510 nmethod 3420 0x0000028571378610 code [0x00000285713787c0, 0x00000285713789d8]
Event: 1.059 Thread 0x00000285064d57a0 3421   !   3       com.sun.tools.javac.comp.Check::importAccessible (68 bytes)
Event: 1.059 Thread 0x00000285064d6e60 3422       3       com.sun.tools.javac.util.Iterators$1::next (30 bytes)
Event: 1.059 Thread 0x000002850622dcc0 3423       3       com.sun.tools.javac.comp.AttrRecover::basicMethodInvocationRecovery (102 bytes)
Event: 1.060 Thread 0x00000285064d6e60 nmethod 3422 0x0000028571378b10 code [0x0000028571378ce0, 0x0000028571378fb8]
Event: 1.060 Thread 0x00000285064d57a0 nmethod 3421 0x0000028571379110 code [0x0000028571379300, 0x0000028571379958]
Event: 1.060 Thread 0x000002850622dcc0 nmethod 3423 0x0000028571379b90 code [0x0000028571379e20, 0x000002857137aca0]
Event: 1.062 Thread 0x0000028506bedcc0 nmethod 3170 0x000002857884a010 code [0x000002857884a660, 0x000002857884dcb8]
Event: 1.062 Thread 0x000002850622dcc0 3424       3       com.sun.tools.javac.comp.AttrRecover::recoverMethodInvocation (89 bytes)
Event: 1.062 Thread 0x0000028506bedcc0 3301       4       com.sun.tools.javac.code.Scope$ScopeImpl$1::update (72 bytes)
Event: 1.063 Thread 0x000002850622dcc0 nmethod 3424 0x000002857137b190 code [0x000002857137b3a0, 0x000002857137b960]
Event: 1.068 Thread 0x000002850622dcc0 3427       3       java.util.concurrent.locks.ReentrantLock$Sync::tryRelease (51 bytes)
Event: 1.068 Thread 0x000002850622dcc0 nmethod 3427 0x000002857137bc10 code [0x000002857137bde0, 0x000002857137c118]
Event: 1.069 Thread 0x0000028506bedcc0 nmethod 3301 0x0000028578851990 code [0x0000028578851b80, 0x0000028578852120]
Event: 1.069 Thread 0x0000028506bedcc0 3256       4       com.sun.tools.javac.code.Types::capture (556 bytes)
Event: 1.070 Thread 0x000002850622dcc0 3428       3       com.sun.tools.javac.comp.DeferredAttr$DeferredType::complete (129 bytes)
Event: 1.071 Thread 0x000002850622dcc0 nmethod 3428 0x000002857137c210 code [0x000002857137c480, 0x000002857137cd68]

GC Heap History (20 events):
Event: 0.436 GC heap before
{Heap before GC invocations=7 (full 0):
 garbage-first heap   total 10240K, used 5979K [0x0000000085200000, 0x0000000100000000)
  region size 1024K, 3 young (3072K), 1 survivors (1024K)
 Metaspace       used 9098K, committed 9280K, reserved 1114112K
  class space    used 994K, committed 1088K, reserved 1048576K
}
Event: 0.439 GC heap after
{Heap after GC invocations=8 (full 0):
 garbage-first heap   total 10240K, used 4931K [0x0000000085200000, 0x0000000100000000)
  region size 1024K, 1 young (1024K), 1 survivors (1024K)
 Metaspace       used 9098K, committed 9280K, reserved 1114112K
  class space    used 994K, committed 1088K, reserved 1048576K
}
Event: 0.470 GC heap before
{Heap before GC invocations=8 (full 0):
 garbage-first heap   total 10240K, used 6979K [0x0000000085200000, 0x0000000100000000)
  region size 1024K, 3 young (3072K), 1 survivors (1024K)
 Metaspace       used 9275K, committed 9408K, reserved 1114112K
  class space    used 1014K, committed 1088K, reserved 1048576K
}
Event: 0.472 GC heap after
{Heap after GC invocations=9 (full 0):
 garbage-first heap   total 15360K, used 5375K [0x0000000085200000, 0x0000000100000000)
  region size 1024K, 1 young (1024K), 1 survivors (1024K)
 Metaspace       used 9275K, committed 9408K, reserved 1114112K
  class space    used 1014K, committed 1088K, reserved 1048576K
}
Event: 0.516 GC heap before
{Heap before GC invocations=9 (full 0):
 garbage-first heap   total 15360K, used 9471K [0x0000000085200000, 0x0000000100000000)
  region size 1024K, 5 young (5120K), 1 survivors (1024K)
 Metaspace       used 9482K, committed 9600K, reserved 1114112K
  class space    used 1035K, committed 1088K, reserved 1048576K
}
Event: 0.517 GC heap after
{Heap after GC invocations=10 (full 0):
 garbage-first heap   total 15360K, used 5845K [0x0000000085200000, 0x0000000100000000)
  region size 1024K, 1 young (1024K), 1 survivors (1024K)
 Metaspace       used 9482K, committed 9600K, reserved 1114112K
  class space    used 1035K, committed 1088K, reserved 1048576K
}
Event: 0.529 GC heap before
{Heap before GC invocations=10 (full 0):
 garbage-first heap   total 15360K, used 10965K [0x0000000085200000, 0x0000000100000000)
  region size 1024K, 6 young (6144K), 1 survivors (1024K)
 Metaspace       used 9514K, committed 9664K, reserved 1114112K
  class space    used 1037K, committed 1088K, reserved 1048576K
}
Event: 0.531 GC heap after
{Heap after GC invocations=11 (full 0):
 garbage-first heap   total 15360K, used 6523K [0x0000000085200000, 0x0000000100000000)
  region size 1024K, 1 young (1024K), 1 survivors (1024K)
 Metaspace       used 9514K, committed 9664K, reserved 1114112K
  class space    used 1037K, committed 1088K, reserved 1048576K
}
Event: 0.570 GC heap before
{Heap before GC invocations=11 (full 0):
 garbage-first heap   total 15360K, used 10619K [0x0000000085200000, 0x0000000100000000)
  region size 1024K, 5 young (5120K), 1 survivors (1024K)
 Metaspace       used 9632K, committed 9792K, reserved 1114112K
  class space    used 1049K, committed 1088K, reserved 1048576K
}
Event: 0.572 GC heap after
{Heap after GC invocations=12 (full 0):
 garbage-first heap   total 15360K, used 7405K [0x0000000085200000, 0x0000000100000000)
  region size 1024K, 1 young (1024K), 1 survivors (1024K)
 Metaspace       used 9632K, committed 9792K, reserved 1114112K
  class space    used 1049K, committed 1088K, reserved 1048576K
}
Event: 0.581 GC heap before
{Heap before GC invocations=12 (full 0):
 garbage-first heap   total 15360K, used 10477K [0x0000000085200000, 0x0000000100000000)
  region size 1024K, 5 young (5120K), 1 survivors (1024K)
 Metaspace       used 9639K, committed 9792K, reserved 1114112K
  class space    used 1049K, committed 1088K, reserved 1048576K
}
Event: 0.583 GC heap after
{Heap after GC invocations=13 (full 0):
 garbage-first heap   total 29696K, used 8085K [0x0000000085200000, 0x0000000100000000)
  region size 1024K, 1 young (1024K), 1 survivors (1024K)
 Metaspace       used 9639K, committed 9792K, reserved 1114112K
  class space    used 1049K, committed 1088K, reserved 1048576K
}
Event: 0.748 GC heap before
{Heap before GC invocations=14 (full 0):
 garbage-first heap   total 29696K, used 21397K [0x0000000085200000, 0x0000000100000000)
  region size 1024K, 13 young (13312K), 1 survivors (1024K)
 Metaspace       used 10953K, committed 11136K, reserved 1114112K
  class space    used 1200K, committed 1280K, reserved 1048576K
}
Event: 0.751 GC heap after
{Heap after GC invocations=15 (full 0):
 garbage-first heap   total 29696K, used 10952K [0x0000000085200000, 0x0000000100000000)
  region size 1024K, 2 young (2048K), 2 survivors (2048K)
 Metaspace       used 10953K, committed 11136K, reserved 1114112K
  class space    used 1200K, committed 1280K, reserved 1048576K
}
Event: 0.930 GC heap before
{Heap before GC invocations=15 (full 0):
 garbage-first heap   total 29696K, used 21192K [0x0000000085200000, 0x0000000100000000)
  region size 1024K, 12 young (12288K), 2 survivors (2048K)
 Metaspace       used 11792K, committed 12096K, reserved 1114112K
  class space    used 1252K, committed 1408K, reserved 1048576K
}
Event: 0.937 GC heap after
{Heap after GC invocations=16 (full 0):
 garbage-first heap   total 29696K, used 12400K [0x0000000085200000, 0x0000000100000000)
  region size 1024K, 2 young (2048K), 2 survivors (2048K)
 Metaspace       used 11792K, committed 12096K, reserved 1114112K
  class space    used 1252K, committed 1408K, reserved 1048576K
}
Event: 1.012 GC heap before
{Heap before GC invocations=16 (full 0):
 garbage-first heap   total 29696K, used 21616K [0x0000000085200000, 0x0000000100000000)
  region size 1024K, 11 young (11264K), 2 survivors (2048K)
 Metaspace       used 11947K, committed 12224K, reserved 1114112K
  class space    used 1258K, committed 1408K, reserved 1048576K
}
Event: 1.014 GC heap after
{Heap after GC invocations=17 (full 0):
 garbage-first heap   total 29696K, used 13065K [0x0000000085200000, 0x0000000100000000)
  region size 1024K, 1 young (1024K), 1 survivors (1024K)
 Metaspace       used 11947K, committed 12224K, reserved 1114112K
  class space    used 1258K, committed 1408K, reserved 1048576K
}
Event: 1.066 GC heap before
{Heap before GC invocations=17 (full 0):
 garbage-first heap   total 29696K, used 23305K [0x0000000085200000, 0x0000000100000000)
  region size 1024K, 11 young (11264K), 1 survivors (1024K)
 Metaspace       used 12068K, committed 12352K, reserved 1114112K
  class space    used 1268K, committed 1408K, reserved 1048576K
}
Event: 1.067 GC heap after
{Heap after GC invocations=18 (full 0):
 garbage-first heap   total 36864K, used 13388K [0x0000000085200000, 0x0000000100000000)
  region size 1024K, 1 young (1024K), 1 survivors (1024K)
 Metaspace       used 12068K, committed 12352K, reserved 1114112K
  class space    used 1268K, committed 1408K, reserved 1048576K
}

Dll operation events (6 events):
Event: 0.005 Loaded shared library C:\Program Files\Java\jdk-21\bin\java.dll
Event: 0.027 Loaded shared library C:\Program Files\Java\jdk-21\bin\jsvml.dll
Event: 0.049 Loaded shared library C:\Program Files\Java\jdk-21\bin\jimage.dll
Event: 0.096 Loaded shared library C:\Program Files\Java\jdk-21\bin\net.dll
Event: 0.097 Loaded shared library C:\Program Files\Java\jdk-21\bin\nio.dll
Event: 0.118 Loaded shared library C:\Program Files\Java\jdk-21\bin\zip.dll

Deoptimization events (20 events):
Event: 1.037 Thread 0x0000028566cb2510 Uncommon trap: trap_request=0xffffffbe fr.pc=0x00000285787a62d0 relative=0x0000000000000410
Event: 1.037 Thread 0x0000028566cb2510 Uncommon trap: reason=profile_predicate action=maybe_recompile pc=0x00000285787a62d0 method=java.lang.StringLatin1.indexOf([BI[BII)I @ 18 c2
Event: 1.037 Thread 0x0000028566cb2510 DEOPT PACKING pc=0x00000285787a62d0 sp=0x000000d5604fc4d0
Event: 1.037 Thread 0x0000028566cb2510 DEOPT UNPACKING pc=0x00000285780246a2 sp=0x000000d5604fc430 mode 2
Event: 1.037 Thread 0x0000028566cb2510 Uncommon trap: trap_request=0xffffff45 fr.pc=0x00000285787beb98 relative=0x0000000000000bf8
Event: 1.037 Thread 0x0000028566cb2510 Uncommon trap: reason=unstable_if action=reinterpret pc=0x00000285787beb98 method=java.util.regex.Pattern.atom()Ljava/util/regex/Pattern$Node; @ 14 c2
Event: 1.037 Thread 0x0000028566cb2510 DEOPT PACKING pc=0x00000285787beb98 sp=0x000000d5604fc330
Event: 1.037 Thread 0x0000028566cb2510 DEOPT UNPACKING pc=0x00000285780246a2 sp=0x000000d5604fc2b8 mode 2
Event: 1.037 Thread 0x0000028566cb2510 Uncommon trap: trap_request=0xffffffde fr.pc=0x00000285787b8b30 relative=0x0000000000001090
Event: 1.037 Thread 0x0000028566cb2510 Uncommon trap: reason=class_check action=maybe_recompile pc=0x00000285787b8b30 method=java.util.regex.Pattern$Start.<init>(Ljava/util/regex/Pattern$Node;)V @ 22 c2
Event: 1.037 Thread 0x0000028566cb2510 DEOPT PACKING pc=0x00000285787b8b30 sp=0x000000d5604fc400
Event: 1.037 Thread 0x0000028566cb2510 DEOPT UNPACKING pc=0x00000285780246a2 sp=0x000000d5604fc330 mode 2
Event: 1.037 Thread 0x0000028566cb2510 Uncommon trap: trap_request=0xffffff45 fr.pc=0x0000028578790f78 relative=0x0000000000000158
Event: 1.037 Thread 0x0000028566cb2510 Uncommon trap: reason=unstable_if action=reinterpret pc=0x0000028578790f78 method=java.util.concurrent.locks.ReentrantLock$NonfairSync.initialTryLock()Z @ 10 c2
Event: 1.037 Thread 0x0000028566cb2510 DEOPT PACKING pc=0x0000028578790f78 sp=0x000000d5604fc440
Event: 1.037 Thread 0x0000028566cb2510 DEOPT UNPACKING pc=0x00000285780246a2 sp=0x000000d5604fc3e8 mode 2
Event: 1.037 Thread 0x0000028566cb2510 Uncommon trap: trap_request=0xffffff45 fr.pc=0x00000285787922ec relative=0x00000000000000cc
Event: 1.037 Thread 0x0000028566cb2510 Uncommon trap: reason=unstable_if action=reinterpret pc=0x00000285787922ec method=java.util.concurrent.locks.ReentrantLock$Sync.tryRelease(I)Z @ 26 c2
Event: 1.037 Thread 0x0000028566cb2510 DEOPT PACKING pc=0x00000285787922ec sp=0x000000d5604fc440
Event: 1.037 Thread 0x0000028566cb2510 DEOPT UNPACKING pc=0x00000285780246a2 sp=0x000000d5604fc3e0 mode 2

Classes loaded (20 events):
Event: 0.772 Loading class java/lang/runtime/ObjectMethods
Event: 0.772 Loading class java/lang/runtime/ObjectMethods done
Event: 0.773 Loading class java/lang/invoke/MethodHandleImpl$Makers
Event: 0.773 Loading class java/lang/invoke/MethodHandleImpl$Makers done
Event: 0.773 Loading class java/lang/invoke/MethodHandleImpl$Makers$1
Event: 0.773 Loading class java/lang/invoke/MethodHandleImpl$Makers$1 done
Event: 0.773 Loading class java/lang/invoke/MethodHandleImpl$Makers$2
Event: 0.773 Loading class java/lang/invoke/MethodHandleImpl$Makers$2 done
Event: 0.773 Loading class java/lang/invoke/MethodHandleImpl$Makers$3
Event: 0.773 Loading class java/lang/invoke/MethodHandleImpl$Makers$3 done
Event: 0.778 Loading class java/lang/runtime/ObjectMethods$1
Event: 0.779 Loading class java/lang/runtime/ObjectMethods$1 done
Event: 0.782 Loading class java/lang/invoke/DirectMethodHandle$1
Event: 0.782 Loading class java/lang/invoke/DirectMethodHandle$1 done
Event: 0.865 Loading class java/nio/file/FileTreeWalker$1
Event: 0.865 Loading class java/nio/file/FileTreeWalker$1 done
Event: 1.034 Loading class java/text/MessageFormat
Event: 1.035 Loading class java/text/MessageFormat done
Event: 1.036 Loading class java/text/MessageFormat$Field
Event: 1.036 Loading class java/text/MessageFormat$Field done

Classes unloaded (0 events):
No events

Classes redefined (0 events):
No events

Internal exceptions (20 events):
Event: 0.881 Thread 0x0000028566cb2510 Exception <a 'sun/nio/fs/WindowsException'{0x00000000869bba68}> (0x00000000869bba68) 
thrown [s\open\src\hotspot\share\prims\jni.cpp, line 520]
Event: 0.881 Thread 0x0000028566cb2510 Exception <a 'sun/nio/fs/WindowsException'{0x00000000869bbee8}> (0x00000000869bbee8) 
thrown [s\open\src\hotspot\share\prims\jni.cpp, line 520]
Event: 0.894 Thread 0x0000028566cb2510 Exception <a 'java/lang/NoSuchMethodError'{0x00000000868e95d0}: 'void java.lang.invoke.DirectMethodHandle$Holder.invokeVirtual(java.lang.Object, java.lang.Object)'> (0x00000000868e95d0) 
thrown [s\open\src\hotspot\share\interpreter\linkResolver.cpp, line 773]
Event: 0.916 Thread 0x0000028566cb2510 Exception <a 'sun/nio/fs/WindowsException'{0x0000000086537d50}> (0x0000000086537d50) 
thrown [s\open\src\hotspot\share\prims\jni.cpp, line 520]
Event: 0.916 Thread 0x0000028566cb2510 Exception <a 'sun/nio/fs/WindowsException'{0x00000000865381d0}> (0x00000000865381d0) 
thrown [s\open\src\hotspot\share\prims\jni.cpp, line 520]
Event: 0.918 Thread 0x0000028566cb2510 Exception <a 'sun/nio/fs/WindowsException'{0x000000008653e2a0}> (0x000000008653e2a0) 
thrown [s\open\src\hotspot\share\prims\jni.cpp, line 520]
Event: 0.921 Thread 0x0000028566cb2510 Exception <a 'sun/nio/fs/WindowsException'{0x000000008655c208}> (0x000000008655c208) 
thrown [s\open\src\hotspot\share\prims\jni.cpp, line 520]
Event: 0.956 Thread 0x0000028566cb2510 Exception <a 'sun/nio/fs/WindowsException'{0x0000000086b2f6b0}> (0x0000000086b2f6b0) 
thrown [s\open\src\hotspot\share\prims\jni.cpp, line 520]
Event: 0.958 Thread 0x0000028566cb2510 Exception <a 'sun/nio/fs/WindowsException'{0x0000000086b33af0}> (0x0000000086b33af0) 
thrown [s\open\src\hotspot\share\prims\jni.cpp, line 520]
Event: 0.959 Thread 0x0000028566cb2510 Exception <a 'sun/nio/fs/WindowsException'{0x0000000086b37ca8}> (0x0000000086b37ca8) 
thrown [s\open\src\hotspot\share\prims\jni.cpp, line 520]
Event: 0.961 Thread 0x0000028566cb2510 Exception <a 'sun/nio/fs/WindowsException'{0x0000000086b3be60}> (0x0000000086b3be60) 
thrown [s\open\src\hotspot\share\prims\jni.cpp, line 520]
Event: 0.963 Thread 0x0000028566cb2510 Exception <a 'sun/nio/fs/WindowsException'{0x0000000086b40018}> (0x0000000086b40018) 
thrown [s\open\src\hotspot\share\prims\jni.cpp, line 520]
Event: 0.964 Thread 0x0000028566cb2510 Exception <a 'sun/nio/fs/WindowsException'{0x0000000086b441d0}> (0x0000000086b441d0) 
thrown [s\open\src\hotspot\share\prims\jni.cpp, line 520]
Event: 0.966 Thread 0x0000028566cb2510 Exception <a 'sun/nio/fs/WindowsException'{0x0000000086b47ef0}> (0x0000000086b47ef0) 
thrown [s\open\src\hotspot\share\prims\jni.cpp, line 520]
Event: 0.969 Thread 0x0000028566cb2510 Exception <a 'sun/nio/fs/WindowsException'{0x0000000086b67ec8}> (0x0000000086b67ec8) 
thrown [s\open\src\hotspot\share\prims\jni.cpp, line 520]
Event: 0.992 Thread 0x0000028566cb2510 Exception <a 'sun/nio/fs/WindowsException'{0x00000000867f6fc8}> (0x00000000867f6fc8) 
thrown [s\open\src\hotspot\share\prims\jni.cpp, line 520]
Event: 0.994 Thread 0x0000028566cb2510 Exception <a 'sun/nio/fs/WindowsException'{0x00000000867fb1c8}> (0x00000000867fb1c8) 
thrown [s\open\src\hotspot\share\prims\jni.cpp, line 520]
Event: 0.996 Thread 0x0000028566cb2510 Exception <a 'sun/nio/fs/WindowsException'{0x00000000867ff140}> (0x00000000867ff140) 
thrown [s\open\src\hotspot\share\prims\jni.cpp, line 520]
Event: 0.998 Thread 0x0000028566cb2510 Exception <a 'sun/nio/fs/WindowsException'{0x0000000086618650}> (0x0000000086618650) 
thrown [s\open\src\hotspot\share\prims\jni.cpp, line 520]
Event: 1.000 Thread 0x0000028566cb2510 Exception <a 'sun/nio/fs/WindowsException'{0x0000000086620e00}> (0x0000000086620e00) 
thrown [s\open\src\hotspot\share\prims\jni.cpp, line 520]

ZGC Phase Switch (0 events):
No events

VM Operations (20 events):
Event: 0.882 Executing VM operation: ICBufferFull
Event: 0.882 Executing VM operation: ICBufferFull done
Event: 0.908 Executing VM operation: HandshakeAllThreads (Deoptimize)
Event: 0.908 Executing VM operation: HandshakeAllThreads (Deoptimize) done
Event: 0.924 Executing VM operation: ICBufferFull
Event: 0.925 Executing VM operation: ICBufferFull done
Event: 0.927 Executing VM operation: HandshakeAllThreads (Deoptimize)
Event: 0.927 Executing VM operation: HandshakeAllThreads (Deoptimize) done
Event: 0.930 Executing VM operation: G1CollectForAllocation (G1 Evacuation Pause)
Event: 0.937 Executing VM operation: G1CollectForAllocation (G1 Evacuation Pause) done
Event: 1.010 Executing VM operation: ICBufferFull
Event: 1.010 Executing VM operation: ICBufferFull done
Event: 1.012 Executing VM operation: G1CollectForAllocation (G1 Evacuation Pause)
Event: 1.014 Executing VM operation: G1CollectForAllocation (G1 Evacuation Pause) done
Event: 1.029 Executing VM operation: HandshakeAllThreads (Deoptimize)
Event: 1.029 Executing VM operation: HandshakeAllThreads (Deoptimize) done
Event: 1.035 Executing VM operation: HandshakeAllThreads (Deoptimize)
Event: 1.035 Executing VM operation: HandshakeAllThreads (Deoptimize) done
Event: 1.066 Executing VM operation: G1CollectForAllocation (G1 Evacuation Pause)
Event: 1.067 Executing VM operation: G1CollectForAllocation (G1 Evacuation Pause) done

Events (17 events):
Event: 0.016 Thread 0x0000028566cb2510 Thread added: 0x0000028566cb2510
Event: 0.025 Thread 0x00000285062179b0 Thread added: 0x00000285062179b0
Event: 0.025 Thread 0x000002850621a6e0 Thread added: 0x000002850621a6e0
Event: 0.025 Thread 0x000002850621c510 Thread added: 0x000002850621c510
Event: 0.025 Thread 0x000002850621d1d0 Thread added: 0x000002850621d1d0
Event: 0.026 Thread 0x000002850621e370 Thread added: 0x000002850621e370
Event: 0.026 Thread 0x000002850621ef00 Thread added: 0x000002850621ef00
Event: 0.026 Thread 0x00000285062281e0 Thread added: 0x00000285062281e0
Event: 0.026 Thread 0x000002850622dcc0 Thread added: 0x000002850622dcc0
Event: 0.037 Thread 0x00000285064730d0 Thread added: 0x00000285064730d0
Event: 0.042 Thread 0x00000285064d57a0 Thread added: 0x00000285064d57a0
Event: 0.042 Thread 0x00000285064d6e60 Thread added: 0x00000285064d6e60
Event: 0.042 Thread 0x00000285064d7510 Thread added: 0x00000285064d7510
Event: 0.048 Thread 0x000002850652a5a0 Thread added: 0x000002850652a5a0
Event: 0.055 Thread 0x0000028506655fe0 Thread added: 0x0000028506655fe0
Event: 0.290 Thread 0x0000028506bedcc0 Thread added: 0x0000028506bedcc0
Event: 0.292 Thread 0x0000028506b82b00 Thread added: 0x0000028506b82b00


Dynamic libraries:
0x00007ff784ab0000 - 0x00007ff784ab8000 	C:\Program Files\Java\jdk-21\bin\javac.exe
0x00007ffb4f110000 - 0x00007ffb4f327000 	C:\windows\SYSTEM32\ntdll.dll
0x00007ffb4d320000 - 0x00007ffb4d3e4000 	C:\windows\System32\KERNEL32.DLL
0x00007ffb4c4c0000 - 0x00007ffb4c866000 	C:\windows\System32\KERNELBASE.dll
0x00007ffb4c990000 - 0x00007ffb4caa1000 	C:\windows\System32\ucrtbase.dll
0x00007ffb3da10000 - 0x00007ffb3da2b000 	C:\Program Files\Java\jdk-21\bin\VCRUNTIME140.dll
0x00007ffb489f0000 - 0x00007ffb48a09000 	C:\Program Files\Java\jdk-21\bin\jli.dll
0x00007ffb4d550000 - 0x00007ffb4d603000 	C:\windows\System32\ADVAPI32.dll
0x00007ffb4e750000 - 0x00007ffb4e7f7000 	C:\windows\System32\msvcrt.dll
0x00007ffb4db40000 - 0x00007ffb4dbe8000 	C:\windows\System32\sechost.dll
0x00007ffb4ccc0000 - 0x00007ffb4cce8000 	C:\windows\System32\bcrypt.dll
0x00007ffb4d990000 - 0x00007ffb4daa7000 	C:\windows\System32\RPCRT4.dll
0x00007ffb4d7a0000 - 0x00007ffb4d94e000 	C:\windows\System32\USER32.dll
0x00007ffb4ccf0000 - 0x00007ffb4cd16000 	C:\windows\System32\win32u.dll
0x00007ffb2ed70000 - 0x00007ffb2f003000 	C:\windows\WinSxS\amd64_microsoft.windows.common-controls_6595b64144ccf1df_6.0.22621.2506_none_270c5ae97388e100\COMCTL32.dll
0x00007ffb4dbf0000 - 0x00007ffb4dc19000 	C:\windows\System32\GDI32.dll
0x00007ffb4c870000 - 0x00007ffb4c988000 	C:\windows\System32\gdi32full.dll
0x00007ffb4cc20000 - 0x00007ffb4ccba000 	C:\windows\System32\msvcp_win.dll
0x00007ffb3e200000 - 0x00007ffb3e20a000 	C:\windows\SYSTEM32\VERSION.dll
0x00007ffb4d950000 - 0x00007ffb4d981000 	C:\windows\System32\IMM32.DLL
0x00007ffb42890000 - 0x00007ffb4289c000 	C:\Program Files\Java\jdk-21\bin\vcruntime140_1.dll
0x00007ffb2e1a0000 - 0x00007ffb2e22e000 	C:\Program Files\Java\jdk-21\bin\msvcp140.dll
0x00007ffad9850000 - 0x00007ffada565000 	C:\Program Files\Java\jdk-21\bin\server\jvm.dll
0x00007ffb4dac0000 - 0x00007ffb4db31000 	C:\windows\System32\WS2_32.dll
0x00007ffb4c320000 - 0x00007ffb4c36d000 	C:\windows\SYSTEM32\POWRPROF.dll
0x00007ffb3e580000 - 0x00007ffb3e5b4000 	C:\windows\SYSTEM32\WINMM.dll
0x00007ffb4c250000 - 0x00007ffb4c263000 	C:\windows\SYSTEM32\UMPDC.dll
0x00007ffb4b480000 - 0x00007ffb4b498000 	C:\windows\SYSTEM32\kernel.appcore.dll
0x00007ffb40bf0000 - 0x00007ffb40bfa000 	C:\Program Files\Java\jdk-21\bin\jimage.dll
0x00007ffb49a00000 - 0x00007ffb49c33000 	C:\windows\SYSTEM32\DBGHELP.DLL
0x00007ffb4cf90000 - 0x00007ffb4d319000 	C:\windows\System32\combase.dll
0x00007ffb4dcc0000 - 0x00007ffb4dd97000 	C:\windows\System32\OLEAUT32.dll
0x00007ffb1ba50000 - 0x00007ffb1ba82000 	C:\windows\SYSTEM32\dbgcore.DLL
0x00007ffb4cd20000 - 0x00007ffb4cd9a000 	C:\windows\System32\bcryptPrimitives.dll
0x00007ffb39aa0000 - 0x00007ffb39abf000 	C:\Program Files\Java\jdk-21\bin\java.dll
0x00007ffb4e800000 - 0x00007ffb4f05a000 	C:\windows\System32\SHELL32.dll
0x00007ffb4a3a0000 - 0x00007ffb4ac96000 	C:\windows\SYSTEM32\windows.storage.dll
0x00007ffb4a260000 - 0x00007ffb4a39e000 	C:\windows\SYSTEM32\wintypes.dll
0x00007ffb4ce60000 - 0x00007ffb4cf53000 	C:\windows\System32\SHCORE.dll
0x00007ffb4d740000 - 0x00007ffb4d79e000 	C:\windows\System32\shlwapi.dll
0x00007ffb4c380000 - 0x00007ffb4c3a6000 	C:\windows\SYSTEM32\profapi.dll
0x00007ffb2bc40000 - 0x00007ffb2bd17000 	C:\Program Files\Java\jdk-21\bin\jsvml.dll
0x00007ffb320a0000 - 0x00007ffb320b0000 	C:\Program Files\Java\jdk-21\bin\net.dll
0x00007ffb41a40000 - 0x00007ffb41b77000 	C:\windows\SYSTEM32\WINHTTP.dll
0x00007ffb4b900000 - 0x00007ffb4b969000 	C:\windows\system32\mswsock.dll
0x00007ffb2eb00000 - 0x00007ffb2eb16000 	C:\Program Files\Java\jdk-21\bin\nio.dll
0x00007ffb2e430000 - 0x00007ffb2e448000 	C:\Program Files\Java\jdk-21\bin\zip.dll

dbghelp: loaded successfully - version: 4.0.5 - missing functions: none
symbol engine: initialized successfully - sym options: 0x614 - pdb path: .;C:\Program Files\Java\jdk-21\bin;C:\windows\SYSTEM32;C:\windows\WinSxS\amd64_microsoft.windows.common-controls_6595b64144ccf1df_6.0.22621.2506_none_270c5ae97388e100;C:\Program Files\Java\jdk-21\bin\server

VM Arguments:
jvm_args: -Dapplication.home=C:\Program Files\Java\jdk-21 --add-modules=ALL-DEFAULT -Xms8m -Djdk.module.main=jdk.compiler 
java_command: jdk.compiler/com.sun.tools.javac.Main -d C:\Users\FPTSHOP\Documents\NetBeansProjects\CoffeeManager\build\classes -classpath C:\Users\FPTSHOP\Documents\NetBeansProjects\CoffeeManager\build\classes;C:\Users\FPTSHOP\Downloads\MySqlJdbcDriver\mysql-connector-j-8.1.0.jar -sourcepath C:\Users\FPTSHOP\Documents\NetBeansProjects\CoffeeManager\build\empty -target 21 -encoding UTF-8 -g -processorpath C:\Users\FPTSHOP\Downloads\MySqlJdbcDriver\mysql-connector-j-8.1.0.jar;C:\Users\FPTSHOP\Documents\NetBeansProjects\CoffeeManager\build\empty -s C:\Users\FPTSHOP\Documents\NetBeansProjects\CoffeeManager\build\generated-sources\ap-source-output -source 21 C:\Users\FPTSHOP\Documents\NetBeansProjects\CoffeeManager\src\Controler\DAOCustomer.java C:\Users\FPTSHOP\Documents\NetBeansProjects\CoffeeManager\src\Controler\DAOOrder.java C:\Users\FPTSHOP\Documents\NetBeansProjects\CoffeeManager\src\Controler\DAOOrderedProduct.java C:\Users\FPTSHOP\Documents\NetBeansProjects\CoffeeManager\src\Controler\DAOProduct.java C:\Users\FPTSHOP\Documents\NetBeansProjects\CoffeeManager\src\Controler\DAOStaff.java C:\Users\FPTSHOP\Documents\NetBeansProjects\CoffeeManager\src\JDBC\JDBCUtil.java C:\Users\FPTSHOP\Documents\NetBeansProjects\CoffeeManager\src\Model\Customer.java C:\Users\FPTSHOP\Documents\NetBeansProjects\CoffeeManager\src\Model\Order.java C:\Users\FPTSHOP\Documents\NetBeansProjects\CoffeeManager\src\Model\OrderedProduct.java C:\Users\FPTSHOP\Documents\NetBeansProjects\CoffeeManager\src\Model\Product.java C:\Users\FPTSHOP\Documents\NetBeansProjects\CoffeeManager\src\Model\Staff.java C:\Users\FPTSHOP\Documents\NetBeansProjects\CoffeeManager\src\Run\RunProgram.java C:\Users\FPTSHOP\Documents\NetBeansProjects\CoffeeManager\src\View\CustomerDisplay.java C:\Users\FPTSHOP\Documents\NetBeansProjects\CoffeeManager\src\View\Home.java C:\Users\FPTSHOP\Documents\NetBeansProjects\CoffeeManager\src\View\Login.java C:\Users\FPTSHOP\Documents\NetBeansProjects\CoffeeManager\src\View\NewItemLis
java_class_path (initial): <not set>
Launcher Type: SUN_STANDARD

[Global flags]
     intx CICompilerCount                          = 12                                        {product} {ergonomic}
     uint ConcGCThreads                            = 3                                         {product} {ergonomic}
     uint G1ConcRefinementThreads                  = 13                                        {product} {ergonomic}
   size_t G1HeapRegionSize                         = 1048576                                   {product} {ergonomic}
    uintx GCDrainStackTargetSize                   = 64                                        {product} {ergonomic}
   size_t InitialHeapSize                          = 8388608                                   {product} {command line}
   size_t MarkStackSize                            = 4194304                                   {product} {ergonomic}
   size_t MaxHeapSize                              = 2061500416                                {product} {ergonomic}
   size_t MaxNewSize                               = 1236271104                                {product} {ergonomic}
   size_t MinHeapDeltaBytes                        = 1048576                                   {product} {ergonomic}
   size_t MinHeapSize                              = 8388608                                   {product} {command line}
    uintx NonNMethodCodeHeapSize                   = 7602480                                {pd product} {ergonomic}
    uintx NonProfiledCodeHeapSize                  = 122027880                              {pd product} {ergonomic}
    uintx ProfiledCodeHeapSize                     = 122027880                              {pd product} {ergonomic}
    uintx ReservedCodeCacheSize                    = 251658240                              {pd product} {ergonomic}
     bool SegmentedCodeCache                       = true                                      {product} {ergonomic}
   size_t SoftMaxHeapSize                          = 2061500416                             {manageable} {ergonomic}
     bool UseCompressedOops                        = true                           {product lp64_product} {ergonomic}
     bool UseG1GC                                  = true                                      {product} {ergonomic}
     bool UseLargePagesIndividualAllocation        = false                                  {pd product} {ergonomic}

Logging:
Log output configuration:
 #0: stdout all=warning uptime,level,tags foldmultilines=false
 #1: stderr all=off uptime,level,tags foldmultilines=false

Environment Variables:
PATH=C:\Program Files\Common Files\Oracle\Java\javapath;C:\windows\system32;C:\windows;C:\windows\System32\Wbem;C:\windows\System32\WindowsPowerShell\v1.0\;C:\windows\System32\OpenSSH\;C:\MinGW\bin;C:\php;C:\Program Files (x86)\Microsoft SQL Server\160\Tools\Binn\;C:\Program Files\Microsoft SQL Server\160\Tools\Binn\;C:\Program Files\Microsoft SQL Server\Client SDK\ODBC\170\Tools\Binn\;C:\Program Files\Microsoft SQL Server\160\DTS\Binn\;C:\Program Files (x86)\Microsoft SQL Server\160\DTS\Binn\;C:\Program Files\Git\cmd;C:\Users\FPTSHOP\AppData\Local\Microsoft\WindowsApps;C:\Users\FPTSHOP\AppData\Local\Programs\Microsoft VS Code\bin;C:\Program Files\Azure Data Studio\bin;C:\xampp\php;
USERNAME=FPTSHOP
OS=Windows_NT
PROCESSOR_IDENTIFIER=Intel64 Family 6 Model 154 Stepping 3, GenuineIntel
TMP=C:\Users\FPTSHOP\AppData\Local\Temp
TEMP=C:\Users\FPTSHOP\AppData\Local\Temp




Periodic native trim disabled

---------------  S Y S T E M  ---------------

OS:
 Windows 11 , 64 bit Build 22621 (10.0.22621.2506)
OS uptime: 0 days 6:07 hours

CPU: total 16 (initial active 16) (8 cores per cpu, 2 threads per core) family 6 model 154 stepping 3 microcode 0x42c, cx8, cmov, fxsr, ht, mmx, 3dnowpref, sse, sse2, sse3, ssse3, sse4.1, sse4.2, popcnt, lzcnt, tsc, tscinvbit, avx, avx2, aes, erms, clmul, bmi1, bmi2, adx, sha, fma, vzeroupper, clflush, clflushopt, clwb, serialize, rdtscp, rdpid, fsrm, f16c, pku, cet_ibt, cet_ss
Processor Information for processor 0
  Max Mhz: 1700, Current Mhz: 1700, Mhz Limit: 1700
Processor Information for processor 1
  Max Mhz: 1700, Current Mhz: 1457, Mhz Limit: 1700
Processor Information for processor 2
  Max Mhz: 1700, Current Mhz: 1700, Mhz Limit: 1700
Processor Information for processor 3
  Max Mhz: 1700, Current Mhz: 1700, Mhz Limit: 1700
Processor Information for processor 4
  Max Mhz: 1700, Current Mhz: 1700, Mhz Limit: 1700
Processor Information for processor 5
  Max Mhz: 1700, Current Mhz: 1700, Mhz Limit: 1700
Processor Information for processor 6
  Max Mhz: 1700, Current Mhz: 1700, Mhz Limit: 1700
Processor Information for processor 7
  Max Mhz: 1700, Current Mhz: 1700, Mhz Limit: 1700
Processor Information for processor 8
  Max Mhz: 1700, Current Mhz: 1200, Mhz Limit: 1190
Processor Information for processor 9
  Max Mhz: 1700, Current Mhz: 1200, Mhz Limit: 1190
Processor Information for processor 10
  Max Mhz: 1700, Current Mhz: 1200, Mhz Limit: 1190
Processor Information for processor 11
  Max Mhz: 1700, Current Mhz: 1200, Mhz Limit: 1190
Processor Information for processor 12
  Max Mhz: 1700, Current Mhz: 1200, Mhz Limit: 1190
Processor Information for processor 13
  Max Mhz: 1700, Current Mhz: 1200, Mhz Limit: 1190
Processor Information for processor 14
  Max Mhz: 1700, Current Mhz: 1200, Mhz Limit: 1190
Processor Information for processor 15
  Max Mhz: 1700, Current Mhz: 1200, Mhz Limit: 1190

Memory: 4k page, system-wide physical 7860M (917M free)
TotalPageFile size 32436M (AvailPageFile size 9M)
current process WorkingSet (physical memory assigned to process): 144M, peak: 146M
current process commit charge ("private bytes"): 186M, peak: 189M

vm_info: Java HotSpot(TM) 64-Bit Server VM (21.0.1+12-LTS-29) for windows-amd64 JRE (21.0.1+12-LTS-29), built on 2023-10-05T13:27:09Z by "mach5one" with MS VC++ 17.1 (VS2022)

END.
